[2022-08-02 00:38:09.120] [exthost] [info] Extension host with pid 12423 started
[2022-08-02 00:38:09.130] [exthost] [info] Lock '/root/.vscode-server/data/User/workspaceStorage/c188c670e507b7588c440399459274c8/vscode.lock': Lock acquired.
[2022-08-02 00:38:11.564] [exthost] [info] ExtensionService#_doActivateExtension vscode.debug-auto-launch, startup: true, activationEvent: '*'
[2022-08-02 00:38:11.599] [exthost] [info] ExtensionService#_doActivateExtension vscode.git-base, startup: true, activationEvent: '*', root cause: vscode.git
[2022-08-02 00:38:11.615] [exthost] [info] ExtensionService#_doActivateExtension vscode.ipynb, startup: true, activationEvent: '*'
[2022-08-02 00:38:11.889] [exthost] [info] ExtensionService#_doActivateExtension vscode.git, startup: true, activationEvent: '*'
[2022-08-02 00:38:11.978] [exthost] [info] ExtensionService#_doActivateExtension vscode.github, startup: true, activationEvent: '*'
[2022-08-02 00:38:12.231] [exthost] [info] ExtensionService#_doActivateExtension vscode.emmet, startup: false, activationEvent: 'onStartupFinished'
[2022-08-02 00:38:12.249] [exthost] [info] ExtensionService#_doActivateExtension vscode.merge-conflict, startup: false, activationEvent: 'onStartupFinished'
[2022-08-02 00:38:12.254] [exthost] [info] Eager extensions activated
[2022-08-02 01:22:02.323] [exthost] [error] {"message":"Git error","stdout":"","stderr":"fatal: Pathspec '/root/cs144/sponge/apps' is in submodule 'sponge'\n","exitCode":128,"gitErrorCode":"IsInSubmodule"}
[2022-08-02 01:22:02.323] [exthost] [error] {"message":"Git error","stdout":"","stderr":"fatal: Pathspec '/root/cs144/sponge/apps' is in submodule 'sponge'\n","exitCode":128,"gitErrorCode":"IsInSubmodule"}
[2022-08-02 01:22:02.324] [exthost] [error] {"message":"Git error","stdout":"","stderr":"fatal: Pathspec '/root/cs144/sponge/apps' is in submodule 'sponge'\n","exitCode":128,"gitErrorCode":"IsInSubmodule"}
[2022-08-02 01:22:02.324] [exthost] [error] {"message":"Git error","stdout":"","stderr":"fatal: Pathspec '/root/cs144/sponge/apps' is in submodule 'sponge'\n","exitCode":128,"gitErrorCode":"IsInSubmodule"}
[2022-08-02 01:22:02.324] [exthost] [error] {"message":"Git error","stdout":"","stderr":"fatal: Pathspec '/root/cs144/sponge/apps' is in submodule 'sponge'\n","exitCode":128,"gitErrorCode":"IsInSubmodule"}
[2022-08-02 01:22:02.324] [exthost] [error] {"message":"Git error","stdout":"","stderr":"fatal: Pathspec '/root/cs144/sponge/apps' is in submodule 'sponge'\n","exitCode":128,"gitErrorCode":"IsInSubmodule"}
[2022-08-02 01:22:02.324] [exthost] [error] {"message":"Git error","stdout":"","stderr":"fatal: Pathspec '/root/cs144/sponge/apps' is in submodule 'sponge'\n","exitCode":128,"gitErrorCode":"IsInSubmodule"}
[2022-08-02 01:22:02.324] [exthost] [error] {"message":"Git error","stdout":"","stderr":"fatal: Pathspec '/root/cs144/sponge/apps' is in submodule 'sponge'\n","exitCode":128,"gitErrorCode":"IsInSubmodule"}
[2022-08-02 01:22:02.324] [exthost] [error] {"message":"Git error","stdout":"","stderr":"fatal: Pathspec '/root/cs144/sponge/apps' is in submodule 'sponge'\n","exitCode":128,"gitErrorCode":"IsInSubmodule"}
[2022-08-02 01:22:02.324] [exthost] [error] {"message":"Git error","stdout":"","stderr":"fatal: Pathspec '/root/cs144/sponge/apps' is in submodule 'sponge'\n","exitCode":128,"gitErrorCode":"IsInSubmodule"}
[2022-08-02 01:22:02.324] [exthost] [error] {"message":"Git error","stdout":"","stderr":"fatal: Pathspec '/root/cs144/sponge/apps' is in submodule 'sponge'\n","exitCode":128,"gitErrorCode":"IsInSubmodule"}
[2022-08-02 01:22:02.324] [exthost] [error] {"message":"Git error","stdout":"","stderr":"fatal: Pathspec '/root/cs144/sponge/apps' is in submodule 'sponge'\n","exitCode":128,"gitErrorCode":"IsInSubmodule"}
[2022-08-02 01:22:02.324] [exthost] [error] {"message":"Git error","stdout":"","stderr":"fatal: Pathspec '/root/cs144/sponge/apps' is in submodule 'sponge'\n","exitCode":128,"gitErrorCode":"IsInSubmodule"}
[2022-08-02 01:22:16.147] [exthost] [error] {"message":"Git error","stdout":"","stderr":"fatal: Pathspec '/root/cs144/sponge/apps/CMakeLists.txt' is in submodule 'sponge'\n","exitCode":128,"gitErrorCode":"IsInSubmodule"}
[2022-08-02 01:22:16.147] [exthost] [error] {"message":"Git error","stdout":"","stderr":"fatal: Pathspec '/root/cs144/sponge/apps/CMakeLists.txt' is in submodule 'sponge'\n","exitCode":128,"gitErrorCode":"IsInSubmodule"}
[2022-08-02 01:35:13.485] [exthost] [error] {"message":"Git error","stdout":"","stderr":"fatal: Pathspec '/root/cs144/sponge/libsponge/util' is in submodule 'sponge'\n","exitCode":128,"gitErrorCode":"IsInSubmodule"}
[2022-08-02 01:35:13.485] [exthost] [error] {"message":"Git error","stdout":"","stderr":"fatal: Pathspec '/root/cs144/sponge/libsponge/util' is in submodule 'sponge'\n","exitCode":128,"gitErrorCode":"IsInSubmodule"}
[2022-08-02 01:35:13.485] [exthost] [error] {"message":"Git error","stdout":"","stderr":"fatal: Pathspec '/root/cs144/sponge/libsponge/util' is in submodule 'sponge'\n","exitCode":128,"gitErrorCode":"IsInSubmodule"}
[2022-08-02 01:35:13.485] [exthost] [error] {"message":"Git error","stdout":"","stderr":"fatal: Pathspec '/root/cs144/sponge/libsponge/util' is in submodule 'sponge'\n","exitCode":128,"gitErrorCode":"IsInSubmodule"}
[2022-08-02 01:35:17.648] [exthost] [error] {"message":"Git error","stdout":"","stderr":"fatal: Pathspec '/root/cs144/sponge/libsponge/util/address.cc' is in submodule 'sponge'\n","exitCode":128,"gitErrorCode":"IsInSubmodule"}
[2022-08-02 01:35:17.648] [exthost] [error] {"message":"Git error","stdout":"","stderr":"fatal: Pathspec '/root/cs144/sponge/libsponge/util/address.cc' is in submodule 'sponge'\n","exitCode":128,"gitErrorCode":"IsInSubmodule"}
[2022-08-02 01:35:17.648] [exthost] [error] {"message":"Git error","stdout":"","stderr":"fatal: Pathspec '/root/cs144/sponge/libsponge/util/address.cc' is in submodule 'sponge'\n","exitCode":128,"gitErrorCode":"IsInSubmodule"}
[2022-08-02 01:35:17.648] [exthost] [error] {"message":"Git error","stdout":"","stderr":"fatal: Pathspec '/root/cs144/sponge/libsponge/util/address.cc' is in submodule 'sponge'\n","exitCode":128,"gitErrorCode":"IsInSubmodule"}
[2022-08-02 01:35:17.648] [exthost] [error] {"message":"Git error","stdout":"","stderr":"fatal: Pathspec '/root/cs144/sponge/libsponge/util/address.cc' is in submodule 'sponge'\n","exitCode":128,"gitErrorCode":"IsInSubmodule"}
[2022-08-02 01:35:17.648] [exthost] [error] {"message":"Git error","stdout":"","stderr":"fatal: Pathspec '/root/cs144/sponge/libsponge/util/address.cc' is in submodule 'sponge'\n","exitCode":128,"gitErrorCode":"IsInSubmodule"}
[2022-08-02 01:35:17.648] [exthost] [error] {"message":"Git error","stdout":"","stderr":"fatal: Pathspec '/root/cs144/sponge/libsponge/util/address.cc' is in submodule 'sponge'\n","exitCode":128,"gitErrorCode":"IsInSubmodule"}
[2022-08-02 01:35:17.648] [exthost] [error] {"message":"Git error","stdout":"","stderr":"fatal: Pathspec '/root/cs144/sponge/libsponge/util/address.cc' is in submodule 'sponge'\n","exitCode":128,"gitErrorCode":"IsInSubmodule"}
[2022-08-02 01:35:17.648] [exthost] [error] {"message":"Git error","stdout":"","stderr":"fatal: Pathspec '/root/cs144/sponge/libsponge/util/address.cc' is in submodule 'sponge'\n","exitCode":128,"gitErrorCode":"IsInSubmodule"}
[2022-08-02 01:35:17.648] [exthost] [error] {"message":"Git error","stdout":"","stderr":"fatal: Pathspec '/root/cs144/sponge/libsponge/util/address.cc' is in submodule 'sponge'\n","exitCode":128,"gitErrorCode":"IsInSubmodule"}
[2022-08-02 01:35:17.648] [exthost] [error] {"message":"Git error","stdout":"","stderr":"fatal: Pathspec '/root/cs144/sponge/libsponge/util/address.cc' is in submodule 'sponge'\n","exitCode":128,"gitErrorCode":"IsInSubmodule"}
[2022-08-02 01:35:17.648] [exthost] [error] {"message":"Git error","stdout":"","stderr":"fatal: Pathspec '/root/cs144/sponge/libsponge/util/address.cc' is in submodule 'sponge'\n","exitCode":128,"gitErrorCode":"IsInSubmodule"}
[2022-08-02 01:35:17.648] [exthost] [error] {"message":"Git error","stdout":"","stderr":"fatal: Pathspec '/root/cs144/sponge/libsponge/util/address.cc' is in submodule 'sponge'\n","exitCode":128,"gitErrorCode":"IsInSubmodule"}
[2022-08-02 01:35:17.648] [exthost] [error] {"message":"Git error","stdout":"","stderr":"fatal: Pathspec '/root/cs144/sponge/libsponge/util/address.cc' is in submodule 'sponge'\n","exitCode":128,"gitErrorCode":"IsInSubmodule"}
[2022-08-02 01:35:17.648] [exthost] [error] {"message":"Git error","stdout":"","stderr":"fatal: Pathspec '/root/cs144/sponge/libsponge/util/address.cc' is in submodule 'sponge'\n","exitCode":128,"gitErrorCode":"IsInSubmodule"}
[2022-08-02 01:35:17.648] [exthost] [error] {"message":"Git error","stdout":"","stderr":"fatal: Pathspec '/root/cs144/sponge/libsponge/util/address.cc' is in submodule 'sponge'\n","exitCode":128,"gitErrorCode":"IsInSubmodule"}
[2022-08-02 03:57:33.183] [exthost] [info] Extension host terminating: received terminate message from renderer
[2022-08-02 03:57:33.183] [exthost] [info] Lock '/root/.vscode-server/data/User/workspaceStorage/c188c670e507b7588c440399459274c8/vscode.lock': Marking the lockfile as scheduled to be released in 6000 ms.
[2022-08-02 03:57:33.196] [exthost] [info] Extension host with pid 12423 exiting with code 0
