[2022-08-03T13:56:38.787Z] Log level: Info
[2022-08-03T13:56:38.796Z] [info] Validating found git in: git
[2022-08-03T13:56:38.861Z] [info] Using git 2.20.1 from git
[2022-08-03T13:56:38.980Z] > git rev-parse --show-toplevel [95ms]
[2022-08-03T13:56:39.028Z] > git rev-parse --git-dir --git-common-dir [10ms]
[2022-08-03T13:56:39.047Z] [info] Open repository: /root/cs144
[2022-08-03T13:56:39.074Z] > git status -z -uall [19ms]
[2022-08-03T13:56:39.091Z] > git symbolic-ref --short HEAD [13ms]
[2022-08-03T13:56:39.101Z] > git for-each-ref --format=%(refname)%00%(upstream:short)%00%(objectname)%00%(upstream:track)%00%(upstream:remotename)%00%(upstream:remoteref) refs/heads/main refs/remotes/main [5ms]
[2022-08-03T13:56:39.114Z] > git for-each-ref --sort -committerdate --format %(refname) %(objectname) %(*objectname) [8ms]
[2022-08-03T13:56:39.116Z] > git remote --verbose [5ms]
[2022-08-03T13:56:39.131Z] > git config --get commit.template [5ms]
[2022-08-03T13:56:39.165Z] > git status -z -uall [26ms]
[2022-08-03T13:56:39.172Z] > git symbolic-ref --short HEAD [2ms]
[2022-08-03T13:56:39.178Z] > git for-each-ref --format=%(refname)%00%(upstream:short)%00%(objectname)%00%(upstream:track)%00%(upstream:remotename)%00%(upstream:remoteref) refs/heads/main refs/remotes/main [2ms]
[2022-08-03T13:56:39.189Z] > git for-each-ref --sort -committerdate --format %(refname) %(objectname) %(*objectname) [6ms]
[2022-08-03T13:56:39.191Z] > git remote --verbose [3ms]
[2022-08-03T13:56:39.200Z] > git config --get commit.template [2ms]
[2022-08-03T13:56:40.133Z] > git check-ignore -v -z --stdin [3ms]
[2022-08-03T13:56:41.245Z] > git check-ignore -v -z --stdin [8ms]
[2022-08-03T13:56:48.203Z] > git fetch [297ms]
[2022-08-03T13:56:48.210Z] > git status -z -uall [3ms]
[2022-08-03T13:56:48.215Z] > git symbolic-ref --short HEAD [2ms]
[2022-08-03T13:56:48.219Z] > git for-each-ref --format=%(refname)%00%(upstream:short)%00%(objectname)%00%(upstream:track)%00%(upstream:remotename)%00%(upstream:remoteref) refs/heads/main refs/remotes/main [2ms]
[2022-08-03T13:56:48.227Z] > git for-each-ref --sort -committerdate --format %(refname) %(objectname) %(*objectname) [4ms]
[2022-08-03T13:56:48.229Z] > git remote --verbose [3ms]
[2022-08-03T13:56:48.236Z] > git config --get commit.template [2ms]
[2022-08-03T13:56:49.488Z] > git status -z -uall [4ms]
[2022-08-03T13:56:49.495Z] > git symbolic-ref --short HEAD [2ms]
[2022-08-03T13:56:49.500Z] > git for-each-ref --format=%(refname)%00%(upstream:short)%00%(objectname)%00%(upstream:track)%00%(upstream:remotename)%00%(upstream:remoteref) refs/heads/main refs/remotes/main [1ms]
[2022-08-03T13:56:49.510Z] > git for-each-ref --sort -committerdate --format %(refname) %(objectname) %(*objectname) [6ms]
[2022-08-03T13:56:49.512Z] > git remote --verbose [3ms]
[2022-08-03T13:56:49.520Z] > git config --get commit.template [2ms]
[2022-08-03T13:56:51.984Z] > git check-ignore -v -z --stdin [2ms]
[2022-08-03T14:00:33.121Z] > git fetch [305ms]
[2022-08-03T14:00:33.132Z] > git status -z -uall [6ms]
[2022-08-03T14:00:33.139Z] > git symbolic-ref --short HEAD [2ms]
[2022-08-03T14:00:33.147Z] > git for-each-ref --format=%(refname)%00%(upstream:short)%00%(objectname)%00%(upstream:track)%00%(upstream:remotename)%00%(upstream:remoteref) refs/heads/main refs/remotes/main [3ms]
[2022-08-03T14:00:33.159Z] > git for-each-ref --sort -committerdate --format %(refname) %(objectname) %(*objectname) [7ms]
[2022-08-03T14:00:33.161Z] > git remote --verbose [4ms]
[2022-08-03T14:00:33.176Z] > git config --get commit.template [4ms]
[2022-08-03T14:00:34.448Z] > git status -z -uall [4ms]
[2022-08-03T14:00:34.454Z] > git symbolic-ref --short HEAD [2ms]
[2022-08-03T14:00:34.459Z] > git for-each-ref --format=%(refname)%00%(upstream:short)%00%(objectname)%00%(upstream:track)%00%(upstream:remotename)%00%(upstream:remoteref) refs/heads/main refs/remotes/main [1ms]
[2022-08-03T14:00:34.467Z] > git for-each-ref --sort -committerdate --format %(refname) %(objectname) %(*objectname) [4ms]
[2022-08-03T14:00:34.469Z] > git remote --verbose [2ms]
[2022-08-03T14:00:34.476Z] > git config --get commit.template [2ms]
[2022-08-03T14:03:36.528Z] > git rev-parse --show-toplevel [3ms]
[2022-08-03T14:03:36.537Z] > git rev-parse --git-dir --git-common-dir [2ms]
[2022-08-03T14:03:36.541Z] [info] Open repository: /root/cs144/sponge
[2022-08-03T14:03:36.573Z] > git status -z -uall [18ms]
[2022-08-03T14:03:36.587Z] > git symbolic-ref --short HEAD [8ms]
[2022-08-03T14:03:36.595Z] > git for-each-ref --format=%(refname)%00%(upstream:short)%00%(objectname)%00%(upstream:track)%00%(upstream:remotename)%00%(upstream:remoteref) refs/heads/master refs/remotes/master [2ms]
[2022-08-03T14:03:36.610Z] > git for-each-ref --sort -committerdate --format %(refname) %(objectname) %(*objectname) [9ms]
[2022-08-03T14:03:36.612Z] > git remote --verbose [3ms]
[2022-08-03T14:03:36.623Z] > git config --get commit.template [1ms]
[2022-08-03T14:03:36.849Z] > git fetch [301ms]
[2022-08-03T14:03:36.865Z] > git status -z -uall [10ms]
[2022-08-03T14:03:36.872Z] > git symbolic-ref --short HEAD [2ms]
[2022-08-03T14:03:36.877Z] > git for-each-ref --format=%(refname)%00%(upstream:short)%00%(objectname)%00%(upstream:track)%00%(upstream:remotename)%00%(upstream:remoteref) refs/heads/master refs/remotes/master [2ms]
[2022-08-03T14:03:36.886Z] > git for-each-ref --sort -committerdate --format %(refname) %(objectname) %(*objectname) [5ms]
[2022-08-03T14:03:36.888Z] > git remote --verbose [2ms]
[2022-08-03T14:03:36.915Z] > git config --get commit.template [14ms]
[2022-08-03T14:03:37.350Z] > git check-ignore -v -z --stdin [3ms]
[2022-08-03T14:03:38.197Z] > git status -z -uall [10ms]
[2022-08-03T14:03:38.204Z] > git symbolic-ref --short HEAD [2ms]
[2022-08-03T14:03:38.211Z] > git for-each-ref --format=%(refname)%00%(upstream:short)%00%(objectname)%00%(upstream:track)%00%(upstream:remotename)%00%(upstream:remoteref) refs/heads/master refs/remotes/master [2ms]
[2022-08-03T14:03:38.222Z] > git for-each-ref --sort -committerdate --format %(refname) %(objectname) %(*objectname) [6ms]
[2022-08-03T14:03:38.224Z] > git remote --verbose [3ms]
[2022-08-03T14:03:38.236Z] > git config --get commit.template [2ms]
[2022-08-03T14:06:39.507Z] > git fetch [293ms]
[2022-08-03T14:06:39.521Z] > git status -z -uall [10ms]
[2022-08-03T14:06:39.528Z] > git symbolic-ref --short HEAD [2ms]
[2022-08-03T14:06:39.534Z] > git for-each-ref --format=%(refname)%00%(upstream:short)%00%(objectname)%00%(upstream:track)%00%(upstream:remotename)%00%(upstream:remoteref) refs/heads/master refs/remotes/master [2ms]
[2022-08-03T14:06:39.543Z] > git for-each-ref --sort -committerdate --format %(refname) %(objectname) %(*objectname) [5ms]
[2022-08-03T14:06:39.545Z] > git remote --verbose [3ms]
[2022-08-03T14:06:39.553Z] > git config --get commit.template [2ms]
[2022-08-03T14:06:41.378Z] > git status -z -uall [8ms]
[2022-08-03T14:06:41.386Z] > git symbolic-ref --short HEAD [3ms]
[2022-08-03T14:06:41.392Z] > git for-each-ref --format=%(refname)%00%(upstream:short)%00%(objectname)%00%(upstream:track)%00%(upstream:remotename)%00%(upstream:remoteref) refs/heads/master refs/remotes/master [2ms]
[2022-08-03T14:06:41.402Z] > git for-each-ref --sort -committerdate --format %(refname) %(objectname) %(*objectname) [6ms]
[2022-08-03T14:06:41.403Z] > git remote --verbose [2ms]
[2022-08-03T14:06:41.411Z] > git config --get commit.template [2ms]
[2022-08-03T14:09:00.621Z] > git status -z -uall [8ms]
[2022-08-03T14:09:00.628Z] > git symbolic-ref --short HEAD [2ms]
[2022-08-03T14:09:00.634Z] > git for-each-ref --format=%(refname)%00%(upstream:short)%00%(objectname)%00%(upstream:track)%00%(upstream:remotename)%00%(upstream:remoteref) refs/heads/master refs/remotes/master [1ms]
[2022-08-03T14:09:00.644Z] > git for-each-ref --sort -committerdate --format %(refname) %(objectname) %(*objectname) [5ms]
[2022-08-03T14:09:00.646Z] > git remote --verbose [2ms]
[2022-08-03T14:09:00.654Z] > git config --get commit.template [2ms]
[2022-08-03T14:09:06.061Z] > git status -z -uall [8ms]
[2022-08-03T14:09:06.073Z] > git symbolic-ref --short HEAD [2ms]
[2022-08-03T14:09:06.079Z] > git for-each-ref --format=%(refname)%00%(upstream:short)%00%(objectname)%00%(upstream:track)%00%(upstream:remotename)%00%(upstream:remoteref) refs/heads/master refs/remotes/master [1ms]
[2022-08-03T14:09:06.090Z] > git for-each-ref --sort -committerdate --format %(refname) %(objectname) %(*objectname) [6ms]
[2022-08-03T14:09:06.091Z] > git remote --verbose [2ms]
[2022-08-03T14:09:06.100Z] > git config --get commit.template [2ms]
[2022-08-03T14:10:01.400Z] > git fetch [531ms]
[2022-08-03T14:10:01.400Z] warning: no common commits
From https://github.com/jiangzhengdu/cs144lab
 * [new branch]      main       -> origin/main
[2022-08-03T14:10:01.412Z] > git status -z -uall [8ms]
[2022-08-03T14:10:01.420Z] > git symbolic-ref --short HEAD [2ms]
[2022-08-03T14:10:01.427Z] > git for-each-ref --format=%(refname)%00%(upstream:short)%00%(objectname)%00%(upstream:track)%00%(upstream:remotename)%00%(upstream:remoteref) refs/heads/master refs/remotes/master [2ms]
[2022-08-03T14:10:01.438Z] > git for-each-ref --sort -committerdate --format %(refname) %(objectname) %(*objectname) [6ms]
[2022-08-03T14:10:01.440Z] > git remote --verbose [4ms]
[2022-08-03T14:10:01.446Z] > git config --get commit.template [1ms]
[2022-08-03T14:10:02.727Z] > git status -z -uall [11ms]
[2022-08-03T14:10:02.733Z] > git symbolic-ref --short HEAD [2ms]
[2022-08-03T14:10:02.739Z] > git for-each-ref --format=%(refname)%00%(upstream:short)%00%(objectname)%00%(upstream:track)%00%(upstream:remotename)%00%(upstream:remoteref) refs/heads/master refs/remotes/master [2ms]
[2022-08-03T14:10:02.749Z] > git for-each-ref --sort -committerdate --format %(refname) %(objectname) %(*objectname) [6ms]
[2022-08-03T14:10:02.751Z] > git remote --verbose [2ms]
[2022-08-03T14:10:02.758Z] > git config --get commit.template [2ms]
[2022-08-03T14:10:45.369Z] > git status -z -uall [2ms]
[2022-08-03T14:10:45.374Z] > git symbolic-ref --short HEAD [1ms]
[2022-08-03T14:10:45.381Z] > git for-each-ref --format=%(refname)%00%(upstream:short)%00%(objectname)%00%(upstream:track)%00%(upstream:remotename)%00%(upstream:remoteref) refs/heads/master refs/remotes/master [2ms]
[2022-08-03T14:10:45.391Z] > git for-each-ref --sort -committerdate --format %(refname) %(objectname) %(*objectname) [5ms]
[2022-08-03T14:10:45.392Z] > git remote --verbose [2ms]
[2022-08-03T14:10:45.399Z] > git config --get commit.template [2ms]
[2022-08-03T14:10:58.547Z] > git status -z -uall [2ms]
[2022-08-03T14:10:58.551Z] > git symbolic-ref --short HEAD [1ms]
[2022-08-03T14:10:58.555Z] > git for-each-ref --format=%(refname)%00%(upstream:short)%00%(objectname)%00%(upstream:track)%00%(upstream:remotename)%00%(upstream:remoteref) refs/heads/main refs/remotes/main [1ms]
[2022-08-03T14:10:58.561Z] > git for-each-ref --sort -committerdate --format %(refname) %(objectname) %(*objectname) [4ms]
[2022-08-03T14:10:58.562Z] > git remote --verbose [1ms]
[2022-08-03T14:10:58.568Z] > git config --get commit.template [1ms]
[2022-08-03T14:12:24.106Z] > git status -z -uall [2ms]
[2022-08-03T14:12:24.114Z] > git symbolic-ref --short HEAD [2ms]
[2022-08-03T14:12:24.121Z] > git for-each-ref --format=%(refname)%00%(upstream:short)%00%(objectname)%00%(upstream:track)%00%(upstream:remotename)%00%(upstream:remoteref) refs/heads/main refs/remotes/main [2ms]
[2022-08-03T14:12:24.133Z] > git for-each-ref --sort -committerdate --format %(refname) %(objectname) %(*objectname) [7ms]
[2022-08-03T14:12:24.135Z] > git remote --verbose [3ms]
[2022-08-03T14:12:24.144Z] > git config --get commit.template [2ms]
[2022-08-03T14:13:01.752Z] > git fetch [299ms]
[2022-08-03T14:13:01.760Z] > git status -z -uall [3ms]
[2022-08-03T14:13:01.766Z] > git symbolic-ref --short HEAD [2ms]
[2022-08-03T14:13:01.771Z] > git for-each-ref --format=%(refname)%00%(upstream:short)%00%(objectname)%00%(upstream:track)%00%(upstream:remotename)%00%(upstream:remoteref) refs/heads/main refs/remotes/main [1ms]
[2022-08-03T14:13:01.793Z] > git for-each-ref --sort -committerdate --format %(refname) %(objectname) %(*objectname) [10ms]
[2022-08-03T14:13:01.796Z] > git remote --verbose [4ms]
[2022-08-03T14:13:01.806Z] > git config --get commit.template [1ms]
[2022-08-03T14:13:03.512Z] > git status -z -uall [2ms]
[2022-08-03T14:13:03.517Z] > git symbolic-ref --short HEAD [1ms]
[2022-08-03T14:13:03.521Z] > git for-each-ref --format=%(refname)%00%(upstream:short)%00%(objectname)%00%(upstream:track)%00%(upstream:remotename)%00%(upstream:remoteref) refs/heads/main refs/remotes/main [1ms]
[2022-08-03T14:13:03.529Z] > git for-each-ref --sort -committerdate --format %(refname) %(objectname) %(*objectname) [5ms]
[2022-08-03T14:13:03.530Z] > git remote --verbose [2ms]
[2022-08-03T14:13:03.535Z] > git config --get commit.template [1ms]
[2022-08-03T14:13:59.880Z] > git status -z -uall [2ms]
[2022-08-03T14:13:59.887Z] > git symbolic-ref --short HEAD [2ms]
[2022-08-03T14:13:59.895Z] > git for-each-ref --format=%(refname)%00%(upstream:short)%00%(objectname)%00%(upstream:track)%00%(upstream:remotename)%00%(upstream:remoteref) refs/heads/main refs/remotes/main [3ms]
[2022-08-03T14:13:59.904Z] > git for-each-ref --sort -committerdate --format %(refname) %(objectname) %(*objectname) [4ms]
[2022-08-03T14:13:59.905Z] > git remote --verbose [2ms]
[2022-08-03T14:13:59.913Z] > git config --get commit.template [2ms]
[2022-08-03T14:14:12.196Z] > git check-ignore -v -z --stdin [2ms]
[2022-08-03T14:14:55.308Z] > git status -z -uall [2ms]
[2022-08-03T14:14:55.315Z] > git symbolic-ref --short HEAD [2ms]
[2022-08-03T14:14:55.321Z] > git for-each-ref --format=%(refname)%00%(upstream:short)%00%(objectname)%00%(upstream:track)%00%(upstream:remotename)%00%(upstream:remoteref) refs/heads/main refs/remotes/main [2ms]
[2022-08-03T14:14:55.329Z] > git for-each-ref --sort -committerdate --format %(refname) %(objectname) %(*objectname) [4ms]
[2022-08-03T14:14:55.331Z] > git remote --verbose [2ms]
[2022-08-03T14:14:55.342Z] > git config --get commit.template [2ms]
[2022-08-03T14:15:08.344Z] > git status -z -uall [2ms]
[2022-08-03T14:15:08.351Z] > git symbolic-ref --short HEAD [2ms]
[2022-08-03T14:15:08.357Z] > git for-each-ref --format=%(refname)%00%(upstream:short)%00%(objectname)%00%(upstream:track)%00%(upstream:remotename)%00%(upstream:remoteref) refs/heads/main refs/remotes/main [2ms]
[2022-08-03T14:15:08.368Z] > git for-each-ref --sort -committerdate --format %(refname) %(objectname) %(*objectname) [6ms]
[2022-08-03T14:15:08.370Z] > git remote --verbose [3ms]
[2022-08-03T14:15:08.378Z] > git config --get commit.template [1ms]
[2022-08-03T14:15:42.327Z] > git status -z -uall [4ms]
[2022-08-03T14:15:42.333Z] > git symbolic-ref --short HEAD [1ms]
[2022-08-03T14:15:42.339Z] > git for-each-ref --format=%(refname)%00%(upstream:short)%00%(objectname)%00%(upstream:track)%00%(upstream:remotename)%00%(upstream:remoteref) refs/heads/main refs/remotes/main [2ms]
[2022-08-03T14:15:42.348Z] > git for-each-ref --sort -committerdate --format %(refname) %(objectname) %(*objectname) [5ms]
[2022-08-03T14:15:42.349Z] > git remote --verbose [2ms]
[2022-08-03T14:15:42.357Z] > git config --get commit.template [1ms]
[2022-08-03T14:16:47.671Z] > git fetch [290ms]
[2022-08-03T14:16:47.677Z] > git status -z -uall [2ms]
[2022-08-03T14:16:47.683Z] > git symbolic-ref --short HEAD [3ms]
[2022-08-03T14:16:47.689Z] > git for-each-ref --format=%(refname)%00%(upstream:short)%00%(objectname)%00%(upstream:track)%00%(upstream:remotename)%00%(upstream:remoteref) refs/heads/main refs/remotes/main [3ms]
[2022-08-03T14:16:47.698Z] > git for-each-ref --sort -committerdate --format %(refname) %(objectname) %(*objectname) [5ms]
[2022-08-03T14:16:47.699Z] > git remote --verbose [2ms]
[2022-08-03T14:16:47.705Z] > git config --get commit.template [2ms]
[2022-08-03T14:17:32.456Z] > git status -z -uall [2ms]
[2022-08-03T14:17:32.467Z] > git symbolic-ref --short HEAD [3ms]
[2022-08-03T14:17:32.472Z] > git for-each-ref --format=%(refname)%00%(upstream:short)%00%(objectname)%00%(upstream:track)%00%(upstream:remotename)%00%(upstream:remoteref) refs/heads/main refs/remotes/main [1ms]
[2022-08-03T14:17:32.482Z] > git for-each-ref --sort -committerdate --format %(refname) %(objectname) %(*objectname) [6ms]
[2022-08-03T14:17:32.483Z] > git remote --verbose [2ms]
[2022-08-03T14:17:32.490Z] > git config --get commit.template [2ms]
[2022-08-03T14:17:44.046Z] > git status -z -uall [2ms]
[2022-08-03T14:17:44.051Z] > git symbolic-ref --short HEAD [1ms]
[2022-08-03T14:17:44.057Z] > git for-each-ref --format=%(refname)%00%(upstream:short)%00%(objectname)%00%(upstream:track)%00%(upstream:remotename)%00%(upstream:remoteref) refs/heads/main refs/remotes/main [2ms]
[2022-08-03T14:17:44.065Z] > git for-each-ref --sort -committerdate --format %(refname) %(objectname) %(*objectname) [4ms]
[2022-08-03T14:17:44.067Z] > git remote --verbose [2ms]
[2022-08-03T14:17:44.073Z] > git config --get commit.template [1ms]
[2022-08-03T14:19:47.991Z] > git fetch [279ms]
[2022-08-03T14:19:47.997Z] > git status -z -uall [2ms]
[2022-08-03T14:19:48.002Z] > git symbolic-ref --short HEAD [2ms]
[2022-08-03T14:19:48.007Z] > git for-each-ref --format=%(refname)%00%(upstream:short)%00%(objectname)%00%(upstream:track)%00%(upstream:remotename)%00%(upstream:remoteref) refs/heads/main refs/remotes/main [2ms]
[2022-08-03T14:19:48.014Z] > git for-each-ref --sort -committerdate --format %(refname) %(objectname) %(*objectname) [4ms]
[2022-08-03T14:19:48.016Z] > git remote --verbose [2ms]
[2022-08-03T14:19:48.022Z] > git config --get commit.template [1ms]
[2022-08-03T14:19:49.588Z] > git status -z -uall [3ms]
[2022-08-03T14:19:49.594Z] > git symbolic-ref --short HEAD [3ms]
[2022-08-03T14:19:49.599Z] > git for-each-ref --format=%(refname)%00%(upstream:short)%00%(objectname)%00%(upstream:track)%00%(upstream:remotename)%00%(upstream:remoteref) refs/heads/main refs/remotes/main [1ms]
[2022-08-03T14:19:49.609Z] > git for-each-ref --sort -committerdate --format %(refname) %(objectname) %(*objectname) [6ms]
[2022-08-03T14:19:49.610Z] > git remote --verbose [2ms]
[2022-08-03T14:19:49.617Z] > git config --get commit.template [1ms]
[2022-08-03T14:22:48.310Z] > git fetch [278ms]
[2022-08-03T14:22:48.316Z] > git status -z -uall [2ms]
[2022-08-03T14:22:48.321Z] > git symbolic-ref --short HEAD [2ms]
[2022-08-03T14:22:48.325Z] > git for-each-ref --format=%(refname)%00%(upstream:short)%00%(objectname)%00%(upstream:track)%00%(upstream:remotename)%00%(upstream:remoteref) refs/heads/main refs/remotes/main [2ms]
[2022-08-03T14:22:48.332Z] > git for-each-ref --sort -committerdate --format %(refname) %(objectname) %(*objectname) [5ms]
[2022-08-03T14:22:48.334Z] > git remote --verbose [3ms]
[2022-08-03T14:22:48.340Z] > git config --get commit.template [1ms]
[2022-08-03T14:22:49.682Z] > git status -z -uall [2ms]
[2022-08-03T14:22:49.686Z] > git symbolic-ref --short HEAD [1ms]
[2022-08-03T14:22:49.690Z] > git for-each-ref --format=%(refname)%00%(upstream:short)%00%(objectname)%00%(upstream:track)%00%(upstream:remotename)%00%(upstream:remoteref) refs/heads/main refs/remotes/main [2ms]
[2022-08-03T14:22:49.696Z] > git for-each-ref --sort -committerdate --format %(refname) %(objectname) %(*objectname) [4ms]
[2022-08-03T14:22:49.697Z] > git remote --verbose [1ms]
[2022-08-03T14:22:49.702Z] > git config --get commit.template [1ms]
[2022-08-03T14:25:48.857Z] > git fetch [507ms]
[2022-08-03T14:25:48.857Z] From https://github.com/jiangzhengdu/cs144lab
 * [new branch]      master     -> origin/master
[2022-08-03T14:25:48.863Z] > git status -z -uall [2ms]
[2022-08-03T14:25:48.868Z] > git symbolic-ref --short HEAD [2ms]
[2022-08-03T14:25:48.877Z] > git for-each-ref --format=%(refname)%00%(upstream:short)%00%(objectname)%00%(upstream:track)%00%(upstream:remotename)%00%(upstream:remoteref) refs/heads/main refs/remotes/main [3ms]
[2022-08-03T14:25:48.889Z] > git for-each-ref --sort -committerdate --format %(refname) %(objectname) %(*objectname) [7ms]
[2022-08-03T14:25:48.891Z] > git remote --verbose [2ms]
[2022-08-03T14:25:48.898Z] > git config --get commit.template [2ms]
[2022-08-03T14:25:50.270Z] > git status -z -uall [2ms]
[2022-08-03T14:25:50.274Z] > git symbolic-ref --short HEAD [1ms]
[2022-08-03T14:25:50.279Z] > git for-each-ref --format=%(refname)%00%(upstream:short)%00%(objectname)%00%(upstream:track)%00%(upstream:remotename)%00%(upstream:remoteref) refs/heads/main refs/remotes/main [2ms]
[2022-08-03T14:25:50.286Z] > git for-each-ref --sort -committerdate --format %(refname) %(objectname) %(*objectname) [4ms]
[2022-08-03T14:25:50.288Z] > git remote --verbose [3ms]
[2022-08-03T14:25:50.294Z] > git config --get commit.template [1ms]
[2022-08-03T14:28:50.823Z] > git fetch [284ms]
[2022-08-03T14:28:50.828Z] > git status -z -uall [2ms]
[2022-08-03T14:28:50.833Z] > git symbolic-ref --short HEAD [2ms]
[2022-08-03T14:28:50.837Z] > git for-each-ref --format=%(refname)%00%(upstream:short)%00%(objectname)%00%(upstream:track)%00%(upstream:remotename)%00%(upstream:remoteref) refs/heads/main refs/remotes/main [1ms]
[2022-08-03T14:28:50.844Z] > git for-each-ref --sort -committerdate --format %(refname) %(objectname) %(*objectname) [5ms]
[2022-08-03T14:28:50.845Z] > git remote --verbose [2ms]
[2022-08-03T14:28:50.850Z] > git config --get commit.template [1ms]
[2022-08-03T14:28:52.320Z] > git status -z -uall [2ms]
[2022-08-03T14:28:52.329Z] > git symbolic-ref --short HEAD [2ms]
[2022-08-03T14:28:52.336Z] > git for-each-ref --format=%(refname)%00%(upstream:short)%00%(objectname)%00%(upstream:track)%00%(upstream:remotename)%00%(upstream:remoteref) refs/heads/main refs/remotes/main [2ms]
[2022-08-03T14:28:52.348Z] > git for-each-ref --sort -committerdate --format %(refname) %(objectname) %(*objectname) [6ms]
[2022-08-03T14:28:52.350Z] > git remote --verbose [3ms]
[2022-08-03T14:28:52.360Z] > git config --get commit.template [2ms]
[2022-08-03T14:31:51.137Z] > git fetch [280ms]
[2022-08-03T14:31:51.145Z] > git status -z -uall [2ms]
[2022-08-03T14:31:51.156Z] > git symbolic-ref --short HEAD [5ms]
[2022-08-03T14:31:51.164Z] > git for-each-ref --format=%(refname)%00%(upstream:short)%00%(objectname)%00%(upstream:track)%00%(upstream:remotename)%00%(upstream:remoteref) refs/heads/main refs/remotes/main [2ms]
[2022-08-03T14:31:51.176Z] > git for-each-ref --sort -committerdate --format %(refname) %(objectname) %(*objectname) [6ms]
[2022-08-03T14:31:51.177Z] > git remote --verbose [2ms]
[2022-08-03T14:31:51.188Z] > git config --get commit.template [1ms]
[2022-08-03T14:31:52.649Z] > git status -z -uall [2ms]
[2022-08-03T14:31:52.655Z] > git symbolic-ref --short HEAD [2ms]
[2022-08-03T14:31:52.661Z] > git for-each-ref --format=%(refname)%00%(upstream:short)%00%(objectname)%00%(upstream:track)%00%(upstream:remotename)%00%(upstream:remoteref) refs/heads/main refs/remotes/main [2ms]
[2022-08-03T14:31:52.670Z] > git for-each-ref --sort -committerdate --format %(refname) %(objectname) %(*objectname) [5ms]
[2022-08-03T14:31:52.672Z] > git remote --verbose [2ms]
[2022-08-03T14:31:52.682Z] > git config --get commit.template [3ms]
[2022-08-03T14:35:07.878Z] > git fetch [428ms]
[2022-08-03T14:35:07.878Z] From https://github.com/jiangzhengdu/cs144lab
   84317d0..a9808a3  main       -> origin/main
[2022-08-03T14:35:07.886Z] > git status -z -uall [2ms]
[2022-08-03T14:35:07.893Z] > git symbolic-ref --short HEAD [2ms]
[2022-08-03T14:35:07.899Z] > git for-each-ref --format=%(refname)%00%(upstream:short)%00%(objectname)%00%(upstream:track)%00%(upstream:remotename)%00%(upstream:remoteref) refs/heads/main refs/remotes/main [2ms]
[2022-08-03T14:35:07.909Z] > git for-each-ref --sort -committerdate --format %(refname) %(objectname) %(*objectname) [6ms]
[2022-08-03T14:35:07.911Z] > git remote --verbose [2ms]
[2022-08-03T14:35:07.920Z] > git config --get commit.template [2ms]
[2022-08-03T14:35:09.953Z] > git status -z -uall [2ms]
[2022-08-03T14:35:09.960Z] > git symbolic-ref --short HEAD [2ms]
[2022-08-03T14:35:09.967Z] > git for-each-ref --format=%(refname)%00%(upstream:short)%00%(objectname)%00%(upstream:track)%00%(upstream:remotename)%00%(upstream:remoteref) refs/heads/main refs/remotes/main [2ms]
[2022-08-03T14:35:09.976Z] > git for-each-ref --sort -committerdate --format %(refname) %(objectname) %(*objectname) [5ms]
[2022-08-03T14:35:09.977Z] > git remote --verbose [1ms]
[2022-08-03T14:35:09.984Z] > git config --get commit.template [1ms]
