[2022-08-03 14:43:47.168] [exthost] [info] Extension host with pid 24527 started
[2022-08-03 14:43:47.181] [exthost] [info] Lock '/root/.vscode-server/data/User/workspaceStorage/50bdbc9113871b8841c988e86d9af46d/vscode.lock': Lock acquired.
[2022-08-03 14:43:47.574] [exthost] [info] ExtensionService#_doActivateExtension vscode.debug-auto-launch, startup: true, activationEvent: '*'
[2022-08-03 14:43:47.580] [exthost] [info] ExtensionService#_doActivateExtension vscode.git-base, startup: true, activationEvent: '*', root cause: vscode.git
[2022-08-03 14:43:47.608] [exthost] [info] ExtensionService#_doActivateExtension vscode.ipynb, startup: true, activationEvent: '*'
[2022-08-03 14:43:48.453] [exthost] [info] ExtensionService#_doActivateExtension vscode.git, startup: true, activationEvent: '*'
[2022-08-03 14:43:48.591] [exthost] [info] ExtensionService#_doActivateExtension vscode.github, startup: true, activationEvent: '*'
[2022-08-03 14:43:49.044] [exthost] [info] ExtensionService#_doActivateExtension vscode.emmet, startup: false, activationEvent: 'onStartupFinished'
[2022-08-03 14:43:49.085] [exthost] [info] ExtensionService#_doActivateExtension vscode.merge-conflict, startup: false, activationEvent: 'onStartupFinished'
[2022-08-03 14:43:49.094] [exthost] [info] Eager extensions activated
[2022-08-03 14:43:49.490] [exthost] [warning] [Decorations] CAPPING events from decorations provider vscode.git 2353
[2022-08-03 14:43:50.767] [exthost] [warning] [Decorations] CAPPING events from decorations provider vscode.git 2353
[2022-08-03 14:44:36.994] [exthost] [warning] [Decorations] CAPPING events from decorations provider vscode.git 2354
[2022-08-03 14:44:38.414] [exthost] [warning] [Decorations] CAPPING events from decorations provider vscode.git 2354
[2022-08-03 14:44:42.087] [exthost] [warning] [Decorations] CAPPING events from decorations provider vscode.git 2354
[2022-08-03 14:44:52.530] [exthost] [warning] [Decorations] CAPPING events from decorations provider vscode.git 2354
[2022-08-03 14:44:57.630] [exthost] [warning] [Decorations] CAPPING events from decorations provider vscode.git 2354
[2022-08-03 14:45:02.747] [exthost] [warning] [Decorations] CAPPING events from decorations provider vscode.git 2354
[2022-08-03 14:45:08.493] [exthost] [warning] [Decorations] CAPPING events from decorations provider vscode.git 2354
[2022-08-03 14:45:13.641] [exthost] [warning] [Decorations] CAPPING events from decorations provider vscode.git 2354
[2022-08-03 14:45:18.765] [exthost] [warning] [Decorations] CAPPING events from decorations provider vscode.git 2354
[2022-08-03 14:45:23.851] [exthost] [warning] [Decorations] CAPPING events from decorations provider vscode.git 2354
[2022-08-03 14:45:28.944] [exthost] [warning] [Decorations] CAPPING events from decorations provider vscode.git 2355
[2022-08-03 14:45:34.051] [exthost] [warning] [Decorations] CAPPING events from decorations provider vscode.git 2355
[2022-08-03 14:45:40.239] [exthost] [warning] [Decorations] CAPPING events from decorations provider vscode.git 2355
[2022-08-03 14:45:45.355] [exthost] [warning] [Decorations] CAPPING events from decorations provider vscode.git 2355
[2022-08-03 14:45:57.522] [exthost] [warning] [Decorations] CAPPING events from decorations provider vscode.git 2355
[2022-08-03 14:46:02.629] [exthost] [warning] [Decorations] CAPPING events from decorations provider vscode.git 2355
[2022-08-03 14:46:07.752] [exthost] [warning] [Decorations] CAPPING events from decorations provider vscode.git 2355
[2022-08-03 14:46:13.508] [exthost] [warning] [Decorations] CAPPING events from decorations provider vscode.git 2355
[2022-08-03 14:46:18.652] [exthost] [warning] [Decorations] CAPPING events from decorations provider vscode.git 2355
[2022-08-03 14:46:23.777] [exthost] [warning] [Decorations] CAPPING events from decorations provider vscode.git 2355
[2022-08-03 14:46:28.919] [exthost] [warning] [Decorations] CAPPING events from decorations provider vscode.git 2355
[2022-08-03 14:46:34.030] [exthost] [warning] [Decorations] CAPPING events from decorations provider vscode.git 2355
[2022-08-03 14:46:39.146] [exthost] [warning] [Decorations] CAPPING events from decorations provider vscode.git 2355
[2022-08-03 14:46:44.322] [exthost] [warning] [Decorations] CAPPING events from decorations provider vscode.git 2355
[2022-08-03 14:46:49.449] [exthost] [warning] [Decorations] CAPPING events from decorations provider vscode.git 2355
[2022-08-03 14:46:55.282] [exthost] [warning] [Decorations] CAPPING events from decorations provider vscode.git 2292
[2022-08-03 14:47:00.416] [exthost] [warning] [Decorations] CAPPING events from decorations provider vscode.git 2292
[2022-08-03 14:47:05.543] [exthost] [warning] [Decorations] CAPPING events from decorations provider vscode.git 2292
[2022-08-03 14:47:12.577] [exthost] [warning] [Decorations] CAPPING events from decorations provider vscode.git 2292
[2022-08-03 14:47:17.711] [exthost] [warning] [Decorations] CAPPING events from decorations provider vscode.git 2292
[2022-08-03 14:47:22.863] [exthost] [warning] [Decorations] CAPPING events from decorations provider vscode.git 2292
[2022-08-03 14:47:27.986] [exthost] [warning] [Decorations] CAPPING events from decorations provider vscode.git 2292
[2022-08-03 14:47:33.112] [exthost] [warning] [Decorations] CAPPING events from decorations provider vscode.git 2292
[2022-08-03 14:47:38.252] [exthost] [warning] [Decorations] CAPPING events from decorations provider vscode.git 2292
[2022-08-03 14:47:39.658] [exthost] [warning] [Decorations] CAPPING events from decorations provider vscode.git 2292
[2022-08-03 14:47:44.264] [exthost] [warning] [Decorations] CAPPING events from decorations provider vscode.git 2292
[2022-08-03 14:47:49.389] [exthost] [warning] [Decorations] CAPPING events from decorations provider vscode.git 2292
[2022-08-03 14:47:54.492] [exthost] [warning] [Decorations] CAPPING events from decorations provider vscode.git 2292
[2022-08-03 14:47:59.607] [exthost] [warning] [Decorations] CAPPING events from decorations provider vscode.git 2292
[2022-08-03 14:48:04.710] [exthost] [warning] [Decorations] CAPPING events from decorations provider vscode.git 2292
[2022-08-03 14:48:09.818] [exthost] [warning] [Decorations] CAPPING events from decorations provider vscode.git 2292
[2022-08-03 14:48:14.925] [exthost] [warning] [Decorations] CAPPING events from decorations provider vscode.git 2292
[2022-08-03 14:48:20.042] [exthost] [warning] [Decorations] CAPPING events from decorations provider vscode.git 2292
[2022-08-03 14:48:25.155] [exthost] [warning] [Decorations] CAPPING events from decorations provider vscode.git 2292
[2022-08-03 14:48:30.487] [exthost] [warning] [Decorations] CAPPING events from decorations provider vscode.git 2292
[2022-08-03 14:48:35.594] [exthost] [warning] [Decorations] CAPPING events from decorations provider vscode.git 2292
[2022-08-03 14:48:40.707] [exthost] [warning] [Decorations] CAPPING events from decorations provider vscode.git 2292
[2022-08-03 14:48:45.825] [exthost] [warning] [Decorations] CAPPING events from decorations provider vscode.git 2292
[2022-08-03 14:52:15.150] [exthost] [warning] [Decorations] CAPPING events from decorations provider vscode.git 2292
[2022-08-03 14:52:16.479] [exthost] [warning] [Decorations] CAPPING events from decorations provider vscode.git 2292
[2022-08-03 14:52:20.284] [exthost] [warning] [Decorations] CAPPING events from decorations provider vscode.git 2292
[2022-08-03 14:52:28.306] [exthost] [warning] [Decorations] CAPPING events from decorations provider vscode.git 2292
[2022-08-03 14:52:35.972] [exthost] [warning] [Decorations] CAPPING events from decorations provider vscode.git 2292
[2022-08-03 14:52:41.105] [exthost] [warning] [Decorations] CAPPING events from decorations provider vscode.git 2292
[2022-08-03 14:52:46.225] [exthost] [warning] [Decorations] CAPPING events from decorations provider vscode.git 2292
[2022-08-03 14:52:51.367] [exthost] [warning] [Decorations] CAPPING events from decorations provider vscode.git 2292
[2022-08-03 14:52:56.485] [exthost] [warning] [Decorations] CAPPING events from decorations provider vscode.git 2292
[2022-08-03 14:53:01.623] [exthost] [warning] [Decorations] CAPPING events from decorations provider vscode.git 2292
[2022-08-03 14:53:06.753] [exthost] [warning] [Decorations] CAPPING events from decorations provider vscode.git 2292
[2022-08-03 14:53:11.871] [exthost] [warning] [Decorations] CAPPING events from decorations provider vscode.git 2292
[2022-08-03 14:53:16.992] [exthost] [warning] [Decorations] CAPPING events from decorations provider vscode.git 2292
[2022-08-03 14:53:22.125] [exthost] [warning] [Decorations] CAPPING events from decorations provider vscode.git 2292
[2022-08-03 14:53:27.265] [exthost] [warning] [Decorations] CAPPING events from decorations provider vscode.git 2292
[2022-08-03 14:53:32.379] [exthost] [warning] [Decorations] CAPPING events from decorations provider vscode.git 2292
[2022-08-03 14:53:51.006] [exthost] [warning] [Decorations] CAPPING events from decorations provider vscode.git 2292
[2022-08-03 14:53:56.115] [exthost] [warning] [Decorations] CAPPING events from decorations provider vscode.git 2292
[2022-08-03 14:54:01.219] [exthost] [warning] [Decorations] CAPPING events from decorations provider vscode.git 2292
[2022-08-03 14:54:07.753] [exthost] [warning] [Decorations] CAPPING events from decorations provider vscode.git 2292
[2022-08-03 14:54:12.855] [exthost] [warning] [Decorations] CAPPING events from decorations provider vscode.git 2292
[2022-08-03 14:55:13.221] [exthost] [warning] [Decorations] CAPPING events from decorations provider vscode.git 2292
[2022-08-03 14:55:16.899] [exthost] [warning] [Decorations] CAPPING events from decorations provider vscode.git 2292
[2022-08-03 14:55:18.334] [exthost] [warning] [Decorations] CAPPING events from decorations provider vscode.git 2292
[2022-08-03 14:55:23.463] [exthost] [warning] [Decorations] CAPPING events from decorations provider vscode.git 2292
[2022-08-03 14:55:28.598] [exthost] [warning] [Decorations] CAPPING events from decorations provider vscode.git 2292
[2022-08-03 14:55:34.370] [exthost] [warning] [Decorations] CAPPING events from decorations provider vscode.git 2292
[2022-08-03 14:56:12.636] [exthost] [warning] [Decorations] CAPPING events from decorations provider vscode.git 2292
[2022-08-03 14:56:17.766] [exthost] [warning] [Decorations] CAPPING events from decorations provider vscode.git 2292
