[2022-08-02 10:18:19.030] [exthost] [info] Extension host with pid 29109 started
[2022-08-02 10:18:19.045] [exthost] [info] Lock '/root/.vscode-server/data/User/workspaceStorage/2f730e5474098cb41606fd4e30ccf43b/vscode.lock': Lock acquired.
[2022-08-02 10:18:20.435] [exthost] [info] ExtensionService#_doActivateExtension vscode.debug-auto-launch, startup: true, activationEvent: '*'
[2022-08-02 10:18:20.444] [exthost] [info] ExtensionService#_doActivateExtension vscode.git-base, startup: true, activationEvent: '*', root cause: vscode.git
[2022-08-02 10:18:20.449] [exthost] [info] ExtensionService#_doActivateExtension vscode.ipynb, startup: true, activationEvent: '*'
[2022-08-02 10:18:20.782] [exthost] [info] ExtensionService#_doActivateExtension vscode.git, startup: true, activationEvent: '*'
[2022-08-02 10:18:20.928] [exthost] [info] ExtensionService#_doActivateExtension vscode.github, startup: true, activationEvent: '*'
[2022-08-02 10:18:21.296] [exthost] [info] ExtensionService#_doActivateExtension vscode.emmet, startup: false, activationEvent: 'onStartupFinished'
[2022-08-02 10:18:21.319] [exthost] [info] ExtensionService#_doActivateExtension vscode.merge-conflict, startup: false, activationEvent: 'onStartupFinished'
[2022-08-02 10:18:21.327] [exthost] [info] Eager extensions activated
[2022-08-02 10:18:30.666] [exthost] [error] {"message":"Git error","stdout":"","stderr":"fatal: Pathspec '/root/cs144/sponge/apps' is in submodule 'sponge'\n","exitCode":128,"gitErrorCode":"IsInSubmodule"}
[2022-08-02 10:18:30.666] [exthost] [error] {"message":"Git error","stdout":"","stderr":"fatal: Pathspec '/root/cs144/sponge/apps' is in submodule 'sponge'\n","exitCode":128,"gitErrorCode":"IsInSubmodule"}
[2022-08-02 10:18:30.666] [exthost] [error] {"message":"Git error","stdout":"","stderr":"fatal: Pathspec '/root/cs144/sponge/apps' is in submodule 'sponge'\n","exitCode":128,"gitErrorCode":"IsInSubmodule"}
[2022-08-02 10:18:30.666] [exthost] [error] {"message":"Git error","stdout":"","stderr":"fatal: Pathspec '/root/cs144/sponge/apps' is in submodule 'sponge'\n","exitCode":128,"gitErrorCode":"IsInSubmodule"}
[2022-08-02 10:18:30.666] [exthost] [error] {"message":"Git error","stdout":"","stderr":"fatal: Pathspec '/root/cs144/sponge/apps' is in submodule 'sponge'\n","exitCode":128,"gitErrorCode":"IsInSubmodule"}
[2022-08-02 10:18:30.666] [exthost] [error] {"message":"Git error","stdout":"","stderr":"fatal: Pathspec '/root/cs144/sponge/apps' is in submodule 'sponge'\n","exitCode":128,"gitErrorCode":"IsInSubmodule"}
[2022-08-02 10:18:30.666] [exthost] [error] {"message":"Git error","stdout":"","stderr":"fatal: Pathspec '/root/cs144/sponge/apps' is in submodule 'sponge'\n","exitCode":128,"gitErrorCode":"IsInSubmodule"}
[2022-08-02 10:18:30.666] [exthost] [error] {"message":"Git error","stdout":"","stderr":"fatal: Pathspec '/root/cs144/sponge/apps' is in submodule 'sponge'\n","exitCode":128,"gitErrorCode":"IsInSubmodule"}
[2022-08-02 10:18:30.666] [exthost] [error] {"message":"Git error","stdout":"","stderr":"fatal: Pathspec '/root/cs144/sponge/apps' is in submodule 'sponge'\n","exitCode":128,"gitErrorCode":"IsInSubmodule"}
[2022-08-02 10:18:30.666] [exthost] [error] {"message":"Git error","stdout":"","stderr":"fatal: Pathspec '/root/cs144/sponge/apps' is in submodule 'sponge'\n","exitCode":128,"gitErrorCode":"IsInSubmodule"}
[2022-08-02 10:18:30.666] [exthost] [error] {"message":"Git error","stdout":"","stderr":"fatal: Pathspec '/root/cs144/sponge/apps' is in submodule 'sponge'\n","exitCode":128,"gitErrorCode":"IsInSubmodule"}
[2022-08-02 10:18:30.666] [exthost] [error] {"message":"Git error","stdout":"","stderr":"fatal: Pathspec '/root/cs144/sponge/apps' is in submodule 'sponge'\n","exitCode":128,"gitErrorCode":"IsInSubmodule"}
[2022-08-02 10:27:02.018] [exthost] [error] {"message":"Git error","stdout":"","stderr":"fatal: Pathspec '/root/cs144/sponge/apps/CMakeLists.txt' is in submodule 'sponge'\n","exitCode":128,"gitErrorCode":"IsInSubmodule"}
[2022-08-02 10:27:02.018] [exthost] [error] {"message":"Git error","stdout":"","stderr":"fatal: Pathspec '/root/cs144/sponge/apps/CMakeLists.txt' is in submodule 'sponge'\n","exitCode":128,"gitErrorCode":"IsInSubmodule"}
[2022-08-02 10:29:51.719] [exthost] [error] {"message":"Git error","stdout":"","stderr":"fatal: Pathspec '/root/cs144/sponge/build/apps' is in submodule 'sponge'\n","exitCode":128,"gitErrorCode":"IsInSubmodule"}
[2022-08-02 10:29:51.719] [exthost] [error] {"message":"Git error","stdout":"","stderr":"fatal: Pathspec '/root/cs144/sponge/build/apps' is in submodule 'sponge'\n","exitCode":128,"gitErrorCode":"IsInSubmodule"}
[2022-08-02 10:29:51.719] [exthost] [error] {"message":"Git error","stdout":"","stderr":"fatal: Pathspec '/root/cs144/sponge/build/apps' is in submodule 'sponge'\n","exitCode":128,"gitErrorCode":"IsInSubmodule"}
[2022-08-02 10:29:51.719] [exthost] [error] {"message":"Git error","stdout":"","stderr":"fatal: Pathspec '/root/cs144/sponge/build/apps' is in submodule 'sponge'\n","exitCode":128,"gitErrorCode":"IsInSubmodule"}
[2022-08-02 10:29:51.719] [exthost] [error] {"message":"Git error","stdout":"","stderr":"fatal: Pathspec '/root/cs144/sponge/build/apps' is in submodule 'sponge'\n","exitCode":128,"gitErrorCode":"IsInSubmodule"}
[2022-08-02 10:29:51.719] [exthost] [error] {"message":"Git error","stdout":"","stderr":"fatal: Pathspec '/root/cs144/sponge/build/apps' is in submodule 'sponge'\n","exitCode":128,"gitErrorCode":"IsInSubmodule"}
[2022-08-02 10:29:51.719] [exthost] [error] {"message":"Git error","stdout":"","stderr":"fatal: Pathspec '/root/cs144/sponge/build/apps' is in submodule 'sponge'\n","exitCode":128,"gitErrorCode":"IsInSubmodule"}
[2022-08-02 10:29:51.719] [exthost] [error] {"message":"Git error","stdout":"","stderr":"fatal: Pathspec '/root/cs144/sponge/build/apps' is in submodule 'sponge'\n","exitCode":128,"gitErrorCode":"IsInSubmodule"}
[2022-08-02 10:29:51.719] [exthost] [error] {"message":"Git error","stdout":"","stderr":"fatal: Pathspec '/root/cs144/sponge/build/apps' is in submodule 'sponge'\n","exitCode":128,"gitErrorCode":"IsInSubmodule"}
[2022-08-02 10:29:51.719] [exthost] [error] {"message":"Git error","stdout":"","stderr":"fatal: Pathspec '/root/cs144/sponge/build/apps' is in submodule 'sponge'\n","exitCode":128,"gitErrorCode":"IsInSubmodule"}
[2022-08-02 10:32:33.306] [exthost] [error] {"message":"Git error","stdout":"","stderr":"fatal: Pathspec '/root/cs144/sponge/apps/build' is in submodule 'sponge'\n","exitCode":128,"gitErrorCode":"IsInSubmodule"}
[2022-08-02 10:34:58.843] [exthost] [error] {"message":"Git error","stdout":"","stderr":"fatal: Pathspec '/root/cs144/sponge/build/tests/CMakeFiles' is in submodule 'sponge'\n","exitCode":128,"gitErrorCode":"IsInSubmodule"}
[2022-08-02 10:34:58.843] [exthost] [error] {"message":"Git error","stdout":"","stderr":"fatal: Pathspec '/root/cs144/sponge/build/tests/CMakeFiles' is in submodule 'sponge'\n","exitCode":128,"gitErrorCode":"IsInSubmodule"}
[2022-08-02 10:34:58.844] [exthost] [error] {"message":"Git error","stdout":"","stderr":"fatal: Pathspec '/root/cs144/sponge/build/tests/CMakeFiles' is in submodule 'sponge'\n","exitCode":128,"gitErrorCode":"IsInSubmodule"}
[2022-08-02 10:34:58.844] [exthost] [error] {"message":"Git error","stdout":"","stderr":"fatal: Pathspec '/root/cs144/sponge/build/tests/CMakeFiles' is in submodule 'sponge'\n","exitCode":128,"gitErrorCode":"IsInSubmodule"}
[2022-08-02 10:34:58.844] [exthost] [error] {"message":"Git error","stdout":"","stderr":"fatal: Pathspec '/root/cs144/sponge/build/tests/CMakeFiles' is in submodule 'sponge'\n","exitCode":128,"gitErrorCode":"IsInSubmodule"}
[2022-08-02 10:34:58.844] [exthost] [error] {"message":"Git error","stdout":"","stderr":"fatal: Pathspec '/root/cs144/sponge/build/tests/CMakeFiles' is in submodule 'sponge'\n","exitCode":128,"gitErrorCode":"IsInSubmodule"}
[2022-08-02 10:34:58.844] [exthost] [error] {"message":"Git error","stdout":"","stderr":"fatal: Pathspec '/root/cs144/sponge/build/tests/CMakeFiles' is in submodule 'sponge'\n","exitCode":128,"gitErrorCode":"IsInSubmodule"}
[2022-08-02 10:34:58.844] [exthost] [error] {"message":"Git error","stdout":"","stderr":"fatal: Pathspec '/root/cs144/sponge/build/tests/CMakeFiles' is in submodule 'sponge'\n","exitCode":128,"gitErrorCode":"IsInSubmodule"}
[2022-08-02 10:34:58.844] [exthost] [error] {"message":"Git error","stdout":"","stderr":"fatal: Pathspec '/root/cs144/sponge/build/tests/CMakeFiles' is in submodule 'sponge'\n","exitCode":128,"gitErrorCode":"IsInSubmodule"}
[2022-08-02 10:35:03.201] [exthost] [error] {"message":"Git error","stdout":"","stderr":"fatal: Pathspec '/root/cs144/sponge/apps/build/CMakeFiles' is in submodule 'sponge'\n","exitCode":128,"gitErrorCode":"IsInSubmodule"}
[2022-08-02 10:35:03.201] [exthost] [error] {"message":"Git error","stdout":"","stderr":"fatal: Pathspec '/root/cs144/sponge/apps/build/CMakeFiles' is in submodule 'sponge'\n","exitCode":128,"gitErrorCode":"IsInSubmodule"}
[2022-08-02 10:35:14.326] [exthost] [error] {"message":"Git error","stdout":"","stderr":"fatal: Pathspec '/root/cs144/sponge/apps/build/CMakeFiles/3.13.4' is in submodule 'sponge'\n","exitCode":128,"gitErrorCode":"IsInSubmodule"}
[2022-08-02 10:35:14.326] [exthost] [error] {"message":"Git error","stdout":"","stderr":"fatal: Pathspec '/root/cs144/sponge/apps/build/CMakeFiles/3.13.4' is in submodule 'sponge'\n","exitCode":128,"gitErrorCode":"IsInSubmodule"}
[2022-08-02 10:35:14.326] [exthost] [error] {"message":"Git error","stdout":"","stderr":"fatal: Pathspec '/root/cs144/sponge/apps/build/CMakeFiles/3.13.4' is in submodule 'sponge'\n","exitCode":128,"gitErrorCode":"IsInSubmodule"}
[2022-08-02 10:35:14.326] [exthost] [error] {"message":"Git error","stdout":"","stderr":"fatal: Pathspec '/root/cs144/sponge/apps/build/CMakeFiles/3.13.4' is in submodule 'sponge'\n","exitCode":128,"gitErrorCode":"IsInSubmodule"}
[2022-08-02 10:35:14.326] [exthost] [error] {"message":"Git error","stdout":"","stderr":"fatal: Pathspec '/root/cs144/sponge/apps/build/CMakeFiles/3.13.4' is in submodule 'sponge'\n","exitCode":128,"gitErrorCode":"IsInSubmodule"}
[2022-08-02 10:35:14.326] [exthost] [error] {"message":"Git error","stdout":"","stderr":"fatal: Pathspec '/root/cs144/sponge/apps/build/CMakeFiles/3.13.4' is in submodule 'sponge'\n","exitCode":128,"gitErrorCode":"IsInSubmodule"}
[2022-08-02 10:35:14.326] [exthost] [error] {"message":"Git error","stdout":"","stderr":"fatal: Pathspec '/root/cs144/sponge/apps/build/CMakeFiles/3.13.4' is in submodule 'sponge'\n","exitCode":128,"gitErrorCode":"IsInSubmodule"}
[2022-08-02 10:35:55.033] [exthost] [error] {"message":"Git error","stdout":"","stderr":"fatal: Pathspec '/root/cs144/sponge/build/apps/CMakeFiles' is in submodule 'sponge'\n","exitCode":128,"gitErrorCode":"IsInSubmodule"}
[2022-08-02 10:35:55.033] [exthost] [error] {"message":"Git error","stdout":"","stderr":"fatal: Pathspec '/root/cs144/sponge/build/apps/CMakeFiles' is in submodule 'sponge'\n","exitCode":128,"gitErrorCode":"IsInSubmodule"}
[2022-08-02 10:35:55.033] [exthost] [error] {"message":"Git error","stdout":"","stderr":"fatal: Pathspec '/root/cs144/sponge/build/apps/CMakeFiles' is in submodule 'sponge'\n","exitCode":128,"gitErrorCode":"IsInSubmodule"}
[2022-08-02 10:35:55.033] [exthost] [error] {"message":"Git error","stdout":"","stderr":"fatal: Pathspec '/root/cs144/sponge/build/apps/CMakeFiles' is in submodule 'sponge'\n","exitCode":128,"gitErrorCode":"IsInSubmodule"}
[2022-08-02 10:42:54.390] [exthost] [error] {"message":"Git error","stdout":"","stderr":"fatal: Pathspec '/root/cs144/sponge/build/Testing' is in submodule 'sponge'\n","exitCode":128,"gitErrorCode":"IsInSubmodule"}
[2022-08-02 10:52:17.004] [exthost] [error] {"message":"Git error","stdout":"","stderr":"fatal: Pathspec '/root/cs144/sponge/apps/CMakeFiles' is in submodule 'sponge'\n","exitCode":128,"gitErrorCode":"IsInSubmodule"}
[2022-08-02 10:52:17.004] [exthost] [error] {"message":"Git error","stdout":"","stderr":"fatal: Pathspec '/root/cs144/sponge/apps/CMakeFiles' is in submodule 'sponge'\n","exitCode":128,"gitErrorCode":"IsInSubmodule"}
[2022-08-02 10:54:42.654] [exthost] [error] {"message":"Git error","stdout":"","stderr":"fatal: Pathspec '/root/cs144/sponge/apps/CMakeFiles/3.13.4' is in submodule 'sponge'\n","exitCode":128,"gitErrorCode":"IsInSubmodule"}
[2022-08-02 10:54:42.654] [exthost] [error] {"message":"Git error","stdout":"","stderr":"fatal: Pathspec '/root/cs144/sponge/apps/CMakeFiles/3.13.4' is in submodule 'sponge'\n","exitCode":128,"gitErrorCode":"IsInSubmodule"}
[2022-08-02 10:54:42.654] [exthost] [error] {"message":"Git error","stdout":"","stderr":"fatal: Pathspec '/root/cs144/sponge/apps/CMakeFiles/3.13.4' is in submodule 'sponge'\n","exitCode":128,"gitErrorCode":"IsInSubmodule"}
[2022-08-02 10:54:42.654] [exthost] [error] {"message":"Git error","stdout":"","stderr":"fatal: Pathspec '/root/cs144/sponge/apps/CMakeFiles/3.13.4' is in submodule 'sponge'\n","exitCode":128,"gitErrorCode":"IsInSubmodule"}
[2022-08-02 10:54:42.654] [exthost] [error] {"message":"Git error","stdout":"","stderr":"fatal: Pathspec '/root/cs144/sponge/apps/CMakeFiles/3.13.4' is in submodule 'sponge'\n","exitCode":128,"gitErrorCode":"IsInSubmodule"}
[2022-08-02 10:54:42.654] [exthost] [error] {"message":"Git error","stdout":"","stderr":"fatal: Pathspec '/root/cs144/sponge/apps/CMakeFiles/3.13.4' is in submodule 'sponge'\n","exitCode":128,"gitErrorCode":"IsInSubmodule"}
[2022-08-02 10:54:42.654] [exthost] [error] {"message":"Git error","stdout":"","stderr":"fatal: Pathspec '/root/cs144/sponge/apps/CMakeFiles/3.13.4' is in submodule 'sponge'\n","exitCode":128,"gitErrorCode":"IsInSubmodule"}
[2022-08-02 15:04:38.866] [exthost] [info] Extension host terminating: renderer disconnected for too long (1)
[2022-08-02 15:04:38.886] [exthost] [info] Lock '/root/.vscode-server/data/User/workspaceStorage/2f730e5474098cb41606fd4e30ccf43b/vscode.lock': Marking the lockfile as scheduled to be released in 6000 ms.
[2022-08-02 15:04:38.914] [exthost] [info] Extension host with pid 29109 exiting with code 0
