[2022-08-03 14:37:25.011] [exthost] [info] Extension host with pid 23714 started
[2022-08-03 14:37:25.023] [exthost] [info] Lock '/root/.vscode-server/data/User/workspaceStorage/c188c670e507b7588c440399459274c8/vscode.lock': Lock acquired.
[2022-08-03 14:37:25.749] [exthost] [info] ExtensionService#_doActivateExtension vscode.debug-auto-launch, startup: true, activationEvent: '*'
[2022-08-03 14:37:25.757] [exthost] [info] ExtensionService#_doActivateExtension vscode.git-base, startup: true, activationEvent: '*', root cause: vscode.git
[2022-08-03 14:37:25.766] [exthost] [info] ExtensionService#_doActivateExtension vscode.ipynb, startup: true, activationEvent: '*'
[2022-08-03 14:37:27.256] [exthost] [info] ExtensionService#_doActivateExtension vscode.git, startup: true, activationEvent: '*'
[2022-08-03 14:37:27.422] [exthost] [info] ExtensionService#_doActivateExtension vscode.github, startup: true, activationEvent: '*'
[2022-08-03 14:37:28.176] [exthost] [info] ExtensionService#_doActivateExtension vscode.emmet, startup: false, activationEvent: 'onStartupFinished'
[2022-08-03 14:37:28.197] [exthost] [info] ExtensionService#_doActivateExtension vscode.merge-conflict, startup: false, activationEvent: 'onStartupFinished'
[2022-08-03 14:37:28.202] [exthost] [info] Eager extensions activated
[2022-08-03 14:37:28.494] [exthost] [warning] [Decorations] CAPPING events from decorations provider vscode.git 2222
[2022-08-03 14:37:29.811] [exthost] [warning] [Decorations] CAPPING events from decorations provider vscode.git 2222
[2022-08-03 14:37:31.308] [exthost] [warning] [Decorations] CAPPING events from decorations provider vscode.git 2222
[2022-08-03 14:37:32.738] [exthost] [warning] [Decorations] CAPPING events from decorations provider vscode.git 2222
[2022-08-03 14:37:41.754] [exthost] [warning] [Decorations] CAPPING events from decorations provider vscode.git 2222
[2022-08-03 14:37:48.416] [exthost] [warning] [Decorations] CAPPING events from decorations provider vscode.git 2222
[2022-08-03 14:37:53.533] [exthost] [warning] [Decorations] CAPPING events from decorations provider vscode.git 2222
[2022-08-03 14:37:58.634] [exthost] [warning] [Decorations] CAPPING events from decorations provider vscode.git 2222
[2022-08-03 14:38:03.753] [exthost] [warning] [Decorations] CAPPING events from decorations provider vscode.git 2222
[2022-08-03 14:38:08.880] [exthost] [warning] [Decorations] CAPPING events from decorations provider vscode.git 2222
[2022-08-03 14:38:13.995] [exthost] [warning] [Decorations] CAPPING events from decorations provider vscode.git 2223
[2022-08-03 14:38:19.120] [exthost] [warning] [Decorations] CAPPING events from decorations provider vscode.git 2223
[2022-08-03 14:38:24.239] [exthost] [warning] [Decorations] CAPPING events from decorations provider vscode.git 2223
[2022-08-03 14:38:29.358] [exthost] [warning] [Decorations] CAPPING events from decorations provider vscode.git 2348
[2022-08-03 14:38:34.474] [exthost] [warning] [Decorations] CAPPING events from decorations provider vscode.git 2348
[2022-08-03 14:38:39.589] [exthost] [warning] [Decorations] CAPPING events from decorations provider vscode.git 2348
[2022-08-03 14:38:44.705] [exthost] [warning] [Decorations] CAPPING events from decorations provider vscode.git 2348
[2022-08-03 14:38:49.833] [exthost] [warning] [Decorations] CAPPING events from decorations provider vscode.git 2348
[2022-08-03 14:38:54.965] [exthost] [warning] [Decorations] CAPPING events from decorations provider vscode.git 2348
[2022-08-03 14:39:00.059] [exthost] [warning] [Decorations] CAPPING events from decorations provider vscode.git 2348
[2022-08-03 14:39:05.160] [exthost] [warning] [Decorations] CAPPING events from decorations provider vscode.git 2348
[2022-08-03 14:39:10.250] [exthost] [warning] [Decorations] CAPPING events from decorations provider vscode.git 2348
[2022-08-03 14:39:15.362] [exthost] [warning] [Decorations] CAPPING events from decorations provider vscode.git 2348
[2022-08-03 14:39:20.462] [exthost] [warning] [Decorations] CAPPING events from decorations provider vscode.git 2348
[2022-08-03 14:39:25.567] [exthost] [warning] [Decorations] CAPPING events from decorations provider vscode.git 2348
[2022-08-03 14:39:30.669] [exthost] [warning] [Decorations] CAPPING events from decorations provider vscode.git 2348
[2022-08-03 14:39:35.821] [exthost] [warning] [Decorations] CAPPING events from decorations provider vscode.git 2348
[2022-08-03 14:39:41.669] [exthost] [warning] [Decorations] CAPPING events from decorations provider vscode.git 2348
[2022-08-03 14:39:46.783] [exthost] [warning] [Decorations] CAPPING events from decorations provider vscode.git 2348
[2022-08-03 14:39:51.928] [exthost] [warning] [Decorations] CAPPING events from decorations provider vscode.git 2348
[2022-08-03 14:39:57.063] [exthost] [warning] [Decorations] CAPPING events from decorations provider vscode.git 2348
[2022-08-03 14:40:02.191] [exthost] [warning] [Decorations] CAPPING events from decorations provider vscode.git 2348
[2022-08-03 14:40:07.336] [exthost] [warning] [Decorations] CAPPING events from decorations provider vscode.git 2410
[2022-08-03 14:40:12.466] [exthost] [warning] [Decorations] CAPPING events from decorations provider vscode.git 2348
[2022-08-03 14:40:17.590] [exthost] [warning] [Decorations] CAPPING events from decorations provider vscode.git 2348
[2022-08-03 14:40:22.692] [exthost] [warning] [Decorations] CAPPING events from decorations provider vscode.git 2348
[2022-08-03 14:40:27.800] [exthost] [warning] [Decorations] CAPPING events from decorations provider vscode.git 2348
[2022-08-03 14:40:29.940] [exthost] [warning] [Decorations] CAPPING events from decorations provider vscode.git 2348
[2022-08-03 14:40:32.898] [exthost] [warning] [Decorations] CAPPING events from decorations provider vscode.git 2348
[2022-08-03 14:40:39.708] [exthost] [warning] [Decorations] CAPPING events from decorations provider vscode.git 2348
[2022-08-03 14:40:44.807] [exthost] [warning] [Decorations] CAPPING events from decorations provider vscode.git 2348
[2022-08-03 14:40:49.933] [exthost] [warning] [Decorations] CAPPING events from decorations provider vscode.git 2348
[2022-08-03 14:40:55.054] [exthost] [warning] [Decorations] CAPPING events from decorations provider vscode.git 2348
[2022-08-03 14:41:00.176] [exthost] [warning] [Decorations] CAPPING events from decorations provider vscode.git 2348
[2022-08-03 14:41:05.310] [exthost] [warning] [Decorations] CAPPING events from decorations provider vscode.git 2348
[2022-08-03 14:41:10.421] [exthost] [warning] [Decorations] CAPPING events from decorations provider vscode.git 2348
[2022-08-03 14:41:15.530] [exthost] [warning] [Decorations] CAPPING events from decorations provider vscode.git 2348
[2022-08-03 14:41:20.652] [exthost] [warning] [Decorations] CAPPING events from decorations provider vscode.git 2348
[2022-08-03 14:41:25.819] [exthost] [warning] [Decorations] CAPPING events from decorations provider vscode.git 2348
[2022-08-03 14:41:30.938] [exthost] [warning] [Decorations] CAPPING events from decorations provider vscode.git 2348
[2022-08-03 14:41:36.065] [exthost] [warning] [Decorations] CAPPING events from decorations provider vscode.git 2348
[2022-08-03 14:41:41.174] [exthost] [warning] [Decorations] CAPPING events from decorations provider vscode.git 2348
[2022-08-03 14:41:46.275] [exthost] [warning] [Decorations] CAPPING events from decorations provider vscode.git 2348
[2022-08-03 14:41:51.399] [exthost] [warning] [Decorations] CAPPING events from decorations provider vscode.git 2348
[2022-08-03 14:41:56.528] [exthost] [warning] [Decorations] CAPPING events from decorations provider vscode.git 2348
[2022-08-03 14:42:01.660] [exthost] [warning] [Decorations] CAPPING events from decorations provider vscode.git 2348
[2022-08-03 14:42:07.007] [exthost] [warning] [Decorations] CAPPING events from decorations provider vscode.git 2348
[2022-08-03 14:42:12.119] [exthost] [warning] [Decorations] CAPPING events from decorations provider vscode.git 2348
[2022-08-03 14:42:17.252] [exthost] [warning] [Decorations] CAPPING events from decorations provider vscode.git 2348
[2022-08-03 14:42:24.593] [exthost] [warning] [Decorations] CAPPING events from decorations provider vscode.git 2348
[2022-08-03 14:42:29.754] [exthost] [warning] [Decorations] CAPPING events from decorations provider vscode.git 2348
[2022-08-03 14:42:35.245] [exthost] [warning] [Decorations] CAPPING events from decorations provider vscode.git 2348
[2022-08-03 14:42:40.353] [exthost] [warning] [Decorations] CAPPING events from decorations provider vscode.git 2348
[2022-08-03 14:42:45.447] [exthost] [warning] [Decorations] CAPPING events from decorations provider vscode.git 2348
[2022-08-03 14:42:50.560] [exthost] [warning] [Decorations] CAPPING events from decorations provider vscode.git 2348
[2022-08-03 14:42:51.702] [exthost] [info] Extension host terminating: received terminate message from renderer
[2022-08-03 14:42:51.703] [exthost] [info] Lock '/root/.vscode-server/data/User/workspaceStorage/c188c670e507b7588c440399459274c8/vscode.lock': Marking the lockfile as scheduled to be released in 6000 ms.
[2022-08-03 14:42:51.718] [exthost] [info] Extension host with pid 23714 exiting with code 0
