[2022-08-03T14:37:28.091Z] Log level: Info
[2022-08-03T14:37:28.103Z] [info] Validating found git in: git
[2022-08-03T14:37:28.151Z] [info] Using git 2.20.1 from git
[2022-08-03T14:37:28.207Z] > git rev-parse --show-toplevel [35ms]
[2022-08-03T14:37:28.225Z] > git rev-parse --git-dir --git-common-dir [7ms]
[2022-08-03T14:37:28.234Z] [info] Open repository: /root
[2022-08-03T14:37:28.308Z] > git status -z -uall [55ms]
[2022-08-03T14:37:28.318Z] > git symbolic-ref --short HEAD [5ms]
[2022-08-03T14:37:28.332Z] > git for-each-ref --format=%(refname)%00%(upstream:short)%00%(objectname)%00%(upstream:track)%00%(upstream:remotename)%00%(upstream:remoteref) refs/heads/main refs/remotes/main [6ms]
[2022-08-03T14:37:28.357Z] > git for-each-ref --sort -committerdate --format %(refname) %(objectname) %(*objectname) [14ms]
[2022-08-03T14:37:28.365Z] > git remote --verbose [10ms]
[2022-08-03T14:37:29.356Z] > git fetch [1114ms]
[2022-08-03T14:37:29.356Z] > git config --get commit.template [845ms]
[2022-08-03T14:37:29.499Z] > git status -z -uall [134ms]
[2022-08-03T14:37:29.579Z] > git symbolic-ref --short HEAD [28ms]
[2022-08-03T14:37:29.617Z] > git for-each-ref --format=%(refname)%00%(upstream:short)%00%(objectname)%00%(upstream:track)%00%(upstream:remotename)%00%(upstream:remoteref) refs/heads/main refs/remotes/main [18ms]
[2022-08-03T14:37:29.686Z] > git for-each-ref --sort -committerdate --format %(refname) %(objectname) %(*objectname) [30ms]
[2022-08-03T14:37:29.688Z] > git remote --verbose [18ms]
[2022-08-03T14:37:29.833Z] > git config --get commit.template [6ms]
[2022-08-03T14:37:31.129Z] > git status -z -uall [1286ms]
[2022-08-03T14:37:31.143Z] > git check-ignore -v -z --stdin [17ms]
[2022-08-03T14:37:31.154Z] > git symbolic-ref --short HEAD [12ms]
[2022-08-03T14:37:31.180Z] > git for-each-ref --format=%(refname)%00%(upstream:short)%00%(objectname)%00%(upstream:track)%00%(upstream:remotename)%00%(upstream:remoteref) refs/heads/main refs/remotes/main [10ms]
[2022-08-03T14:37:31.211Z] > git for-each-ref --sort -committerdate --format %(refname) %(objectname) %(*objectname) [24ms]
[2022-08-03T14:37:31.219Z] > git remote --verbose [11ms]
[2022-08-03T14:37:31.355Z] > git config --get commit.template [15ms]
[2022-08-03T14:37:32.583Z] > git status -z -uall [56ms]
[2022-08-03T14:37:32.610Z] > git symbolic-ref --short HEAD [15ms]
[2022-08-03T14:37:32.638Z] > git for-each-ref --format=%(refname)%00%(upstream:short)%00%(objectname)%00%(upstream:track)%00%(upstream:remotename)%00%(upstream:remoteref) refs/heads/main refs/remotes/main [13ms]
[2022-08-03T14:37:32.665Z] > git for-each-ref --sort -committerdate --format %(refname) %(objectname) %(*objectname) [14ms]
[2022-08-03T14:37:32.669Z] > git remote --verbose [5ms]
[2022-08-03T14:37:32.756Z] > git config --get commit.template [4ms]
[2022-08-03T14:37:41.680Z] > git status -z -uall [20ms]
[2022-08-03T14:37:41.690Z] > git symbolic-ref --short HEAD [2ms]
[2022-08-03T14:37:41.699Z] > git for-each-ref --format=%(refname)%00%(upstream:short)%00%(objectname)%00%(upstream:track)%00%(upstream:remotename)%00%(upstream:remoteref) refs/heads/main refs/remotes/main [2ms]
[2022-08-03T14:37:41.715Z] > git for-each-ref --sort -committerdate --format %(refname) %(objectname) %(*objectname) [7ms]
[2022-08-03T14:37:41.717Z] > git remote --verbose [2ms]
[2022-08-03T14:37:41.778Z] > git config --get commit.template [2ms]
[2022-08-03T14:37:48.367Z] > git status -z -uall [18ms]
[2022-08-03T14:37:48.375Z] > git symbolic-ref --short HEAD [2ms]
[2022-08-03T14:37:48.382Z] > git for-each-ref --format=%(refname)%00%(upstream:short)%00%(objectname)%00%(upstream:track)%00%(upstream:remotename)%00%(upstream:remoteref) refs/heads/main refs/remotes/main [2ms]
[2022-08-03T14:37:48.391Z] > git for-each-ref --sort -committerdate --format %(refname) %(objectname) %(*objectname) [5ms]
[2022-08-03T14:37:48.393Z] > git remote --verbose [2ms]
[2022-08-03T14:37:48.433Z] > git config --get commit.template [2ms]
[2022-08-03T14:37:53.467Z] > git status -z -uall [22ms]
[2022-08-03T14:37:53.477Z] > git symbolic-ref --short HEAD [2ms]
[2022-08-03T14:37:53.487Z] > git for-each-ref --format=%(refname)%00%(upstream:short)%00%(objectname)%00%(upstream:track)%00%(upstream:remotename)%00%(upstream:remoteref) refs/heads/main refs/remotes/main [2ms]
[2022-08-03T14:37:53.503Z] > git for-each-ref --sort -committerdate --format %(refname) %(objectname) %(*objectname) [8ms]
[2022-08-03T14:37:53.505Z] > git remote --verbose [3ms]
[2022-08-03T14:37:53.552Z] > git config --get commit.template [1ms]
[2022-08-03T14:37:58.575Z] > git status -z -uall [16ms]
[2022-08-03T14:37:58.582Z] > git symbolic-ref --short HEAD [2ms]
[2022-08-03T14:37:58.588Z] > git for-each-ref --format=%(refname)%00%(upstream:short)%00%(objectname)%00%(upstream:track)%00%(upstream:remotename)%00%(upstream:remoteref) refs/heads/main refs/remotes/main [1ms]
[2022-08-03T14:37:58.598Z] > git for-each-ref --sort -committerdate --format %(refname) %(objectname) %(*objectname) [6ms]
[2022-08-03T14:37:58.599Z] > git remote --verbose [2ms]
[2022-08-03T14:37:58.653Z] > git config --get commit.template [2ms]
[2022-08-03T14:38:03.685Z] > git status -z -uall [20ms]
[2022-08-03T14:38:03.695Z] > git symbolic-ref --short HEAD [2ms]
[2022-08-03T14:38:03.705Z] > git for-each-ref --format=%(refname)%00%(upstream:short)%00%(objectname)%00%(upstream:track)%00%(upstream:remotename)%00%(upstream:remoteref) refs/heads/main refs/remotes/main [1ms]
[2022-08-03T14:38:03.723Z] > git for-each-ref --sort -committerdate --format %(refname) %(objectname) %(*objectname) [10ms]
[2022-08-03T14:38:03.724Z] > git remote --verbose [2ms]
[2022-08-03T14:38:03.782Z] > git config --get commit.template [2ms]
[2022-08-03T14:38:08.813Z] > git status -z -uall [20ms]
[2022-08-03T14:38:08.824Z] > git symbolic-ref --short HEAD [1ms]
[2022-08-03T14:38:08.831Z] > git for-each-ref --format=%(refname)%00%(upstream:short)%00%(objectname)%00%(upstream:track)%00%(upstream:remotename)%00%(upstream:remoteref) refs/heads/main refs/remotes/main [1ms]
[2022-08-03T14:38:08.846Z] > git for-each-ref --sort -committerdate --format %(refname) %(objectname) %(*objectname) [6ms]
[2022-08-03T14:38:08.847Z] > git remote --verbose [2ms]
[2022-08-03T14:38:08.900Z] > git config --get commit.template [2ms]
[2022-08-03T14:38:13.931Z] > git status -z -uall [20ms]
[2022-08-03T14:38:13.942Z] > git symbolic-ref --short HEAD [2ms]
[2022-08-03T14:38:13.951Z] > git for-each-ref --format=%(refname)%00%(upstream:short)%00%(objectname)%00%(upstream:track)%00%(upstream:remotename)%00%(upstream:remoteref) refs/heads/main refs/remotes/main [2ms]
[2022-08-03T14:38:13.966Z] > git for-each-ref --sort -committerdate --format %(refname) %(objectname) %(*objectname) [7ms]
[2022-08-03T14:38:13.968Z] > git remote --verbose [3ms]
[2022-08-03T14:38:14.012Z] > git config --get commit.template [2ms]
[2022-08-03T14:38:19.045Z] > git status -z -uall [22ms]
[2022-08-03T14:38:19.056Z] > git symbolic-ref --short HEAD [2ms]
[2022-08-03T14:38:19.067Z] > git for-each-ref --format=%(refname)%00%(upstream:short)%00%(objectname)%00%(upstream:track)%00%(upstream:remotename)%00%(upstream:remoteref) refs/heads/main refs/remotes/main [3ms]
[2022-08-03T14:38:19.086Z] > git for-each-ref --sort -committerdate --format %(refname) %(objectname) %(*objectname) [11ms]
[2022-08-03T14:38:19.087Z] > git remote --verbose [2ms]
[2022-08-03T14:38:19.146Z] > git config --get commit.template [6ms]
[2022-08-03T14:38:24.176Z] > git status -z -uall [22ms]
[2022-08-03T14:38:24.187Z] > git symbolic-ref --short HEAD [2ms]
[2022-08-03T14:38:24.196Z] > git for-each-ref --format=%(refname)%00%(upstream:short)%00%(objectname)%00%(upstream:track)%00%(upstream:remotename)%00%(upstream:remoteref) refs/heads/main refs/remotes/main [2ms]
[2022-08-03T14:38:24.210Z] > git for-each-ref --sort -committerdate --format %(refname) %(objectname) %(*objectname) [7ms]
[2022-08-03T14:38:24.211Z] > git remote --verbose [2ms]
[2022-08-03T14:38:24.257Z] > git config --get commit.template [2ms]
[2022-08-03T14:38:29.286Z] > git status -z -uall [18ms]
[2022-08-03T14:38:29.296Z] > git symbolic-ref --short HEAD [2ms]
[2022-08-03T14:38:29.306Z] > git for-each-ref --format=%(refname)%00%(upstream:short)%00%(objectname)%00%(upstream:track)%00%(upstream:remotename)%00%(upstream:remoteref) refs/heads/main refs/remotes/main [1ms]
[2022-08-03T14:38:29.323Z] > git for-each-ref --sort -committerdate --format %(refname) %(objectname) %(*objectname) [8ms]
[2022-08-03T14:38:29.325Z] > git remote --verbose [2ms]
[2022-08-03T14:38:29.375Z] > git config --get commit.template [2ms]
[2022-08-03T14:38:31.196Z] > git check-ignore -v -z --stdin [4ms]
[2022-08-03T14:38:34.404Z] > git status -z -uall [18ms]
[2022-08-03T14:38:34.416Z] > git symbolic-ref --short HEAD [2ms]
[2022-08-03T14:38:34.426Z] > git for-each-ref --format=%(refname)%00%(upstream:short)%00%(objectname)%00%(upstream:track)%00%(upstream:remotename)%00%(upstream:remoteref) refs/heads/main refs/remotes/main [2ms]
[2022-08-03T14:38:34.441Z] > git for-each-ref --sort -committerdate --format %(refname) %(objectname) %(*objectname) [7ms]
[2022-08-03T14:38:34.442Z] > git remote --verbose [2ms]
[2022-08-03T14:38:34.492Z] > git config --get commit.template [1ms]
[2022-08-03T14:38:39.523Z] > git status -z -uall [19ms]
[2022-08-03T14:38:39.535Z] > git symbolic-ref --short HEAD [2ms]
[2022-08-03T14:38:39.547Z] > git for-each-ref --format=%(refname)%00%(upstream:short)%00%(objectname)%00%(upstream:track)%00%(upstream:remotename)%00%(upstream:remoteref) refs/heads/main refs/remotes/main [4ms]
[2022-08-03T14:38:39.563Z] > git for-each-ref --sort -committerdate --format %(refname) %(objectname) %(*objectname) [8ms]
[2022-08-03T14:38:39.564Z] > git remote --verbose [2ms]
[2022-08-03T14:38:39.606Z] > git config --get commit.template [2ms]
[2022-08-03T14:38:44.635Z] > git status -z -uall [17ms]
[2022-08-03T14:38:44.645Z] > git symbolic-ref --short HEAD [2ms]
[2022-08-03T14:38:44.655Z] > git for-each-ref --format=%(refname)%00%(upstream:short)%00%(objectname)%00%(upstream:track)%00%(upstream:remotename)%00%(upstream:remoteref) refs/heads/main refs/remotes/main [2ms]
[2022-08-03T14:38:44.672Z] > git for-each-ref --sort -committerdate --format %(refname) %(objectname) %(*objectname) [8ms]
[2022-08-03T14:38:44.673Z] > git remote --verbose [2ms]
[2022-08-03T14:38:44.718Z] > git config --get commit.template [2ms]
[2022-08-03T14:38:46.448Z] > git check-ignore -v -z --stdin [2ms]
[2022-08-03T14:38:49.749Z] > git status -z -uall [20ms]
[2022-08-03T14:38:49.764Z] > git symbolic-ref --short HEAD [4ms]
[2022-08-03T14:38:49.776Z] > git for-each-ref --format=%(refname)%00%(upstream:short)%00%(objectname)%00%(upstream:track)%00%(upstream:remotename)%00%(upstream:remoteref) refs/heads/main refs/remotes/main [2ms]
[2022-08-03T14:38:49.803Z] > git for-each-ref --sort -committerdate --format %(refname) %(objectname) %(*objectname) [16ms]
[2022-08-03T14:38:49.805Z] > git remote --verbose [4ms]
[2022-08-03T14:38:49.852Z] > git config --get commit.template [2ms]
[2022-08-03T14:38:54.880Z] > git status -z -uall [17ms]
[2022-08-03T14:38:54.893Z] > git symbolic-ref --short HEAD [3ms]
[2022-08-03T14:38:54.901Z] > git for-each-ref --format=%(refname)%00%(upstream:short)%00%(objectname)%00%(upstream:track)%00%(upstream:remotename)%00%(upstream:remoteref) refs/heads/main refs/remotes/main [2ms]
[2022-08-03T14:38:54.918Z] > git for-each-ref --sort -committerdate --format %(refname) %(objectname) %(*objectname) [8ms]
[2022-08-03T14:38:54.919Z] > git remote --verbose [3ms]
[2022-08-03T14:38:54.986Z] > git config --get commit.template [3ms]
[2022-08-03T14:39:00.010Z] > git status -z -uall [17ms]
[2022-08-03T14:39:00.019Z] > git symbolic-ref --short HEAD [2ms]
[2022-08-03T14:39:00.024Z] > git for-each-ref --format=%(refname)%00%(upstream:short)%00%(objectname)%00%(upstream:track)%00%(upstream:remotename)%00%(upstream:remoteref) refs/heads/main refs/remotes/main [1ms]
[2022-08-03T14:39:00.034Z] > git for-each-ref --sort -committerdate --format %(refname) %(objectname) %(*objectname) [5ms]
[2022-08-03T14:39:00.036Z] > git remote --verbose [2ms]
[2022-08-03T14:39:00.072Z] > git config --get commit.template [2ms]
[2022-08-03T14:39:05.101Z] > git status -z -uall [22ms]
[2022-08-03T14:39:05.111Z] > git symbolic-ref --short HEAD [2ms]
[2022-08-03T14:39:05.116Z] > git for-each-ref --format=%(refname)%00%(upstream:short)%00%(objectname)%00%(upstream:track)%00%(upstream:remotename)%00%(upstream:remoteref) refs/heads/main refs/remotes/main [1ms]
[2022-08-03T14:39:05.127Z] > git for-each-ref --sort -committerdate --format %(refname) %(objectname) %(*objectname) [7ms]
[2022-08-03T14:39:05.128Z] > git remote --verbose [2ms]
[2022-08-03T14:39:05.174Z] > git config --get commit.template [2ms]
[2022-08-03T14:39:10.202Z] > git status -z -uall [19ms]
[2022-08-03T14:39:10.211Z] > git symbolic-ref --short HEAD [2ms]
[2022-08-03T14:39:10.216Z] > git for-each-ref --format=%(refname)%00%(upstream:short)%00%(objectname)%00%(upstream:track)%00%(upstream:remotename)%00%(upstream:remoteref) refs/heads/main refs/remotes/main [2ms]
[2022-08-03T14:39:10.227Z] > git for-each-ref --sort -committerdate --format %(refname) %(objectname) %(*objectname) [6ms]
[2022-08-03T14:39:10.228Z] > git remote --verbose [2ms]
[2022-08-03T14:39:10.263Z] > git config --get commit.template [2ms]
[2022-08-03T14:39:15.290Z] > git status -z -uall [19ms]
[2022-08-03T14:39:15.300Z] > git symbolic-ref --short HEAD [1ms]
[2022-08-03T14:39:15.311Z] > git for-each-ref --format=%(refname)%00%(upstream:short)%00%(objectname)%00%(upstream:track)%00%(upstream:remotename)%00%(upstream:remoteref) refs/heads/main refs/remotes/main [1ms]
[2022-08-03T14:39:15.326Z] > git for-each-ref --sort -committerdate --format %(refname) %(objectname) %(*objectname) [9ms]
[2022-08-03T14:39:15.328Z] > git remote --verbose [2ms]
[2022-08-03T14:39:15.385Z] > git config --get commit.template [2ms]
[2022-08-03T14:39:20.411Z] > git status -z -uall [20ms]
[2022-08-03T14:39:20.423Z] > git symbolic-ref --short HEAD [2ms]
[2022-08-03T14:39:20.428Z] > git for-each-ref --format=%(refname)%00%(upstream:short)%00%(objectname)%00%(upstream:track)%00%(upstream:remotename)%00%(upstream:remoteref) refs/heads/main refs/remotes/main [1ms]
[2022-08-03T14:39:20.437Z] > git for-each-ref --sort -committerdate --format %(refname) %(objectname) %(*objectname) [5ms]
[2022-08-03T14:39:20.438Z] > git remote --verbose [1ms]
[2022-08-03T14:39:20.477Z] > git config --get commit.template [2ms]
[2022-08-03T14:39:25.498Z] > git status -z -uall [14ms]
[2022-08-03T14:39:25.510Z] > git symbolic-ref --short HEAD [3ms]
[2022-08-03T14:39:25.519Z] > git for-each-ref --format=%(refname)%00%(upstream:short)%00%(objectname)%00%(upstream:track)%00%(upstream:remotename)%00%(upstream:remoteref) refs/heads/main refs/remotes/main [1ms]
[2022-08-03T14:39:25.536Z] > git for-each-ref --sort -committerdate --format %(refname) %(objectname) %(*objectname) [9ms]
[2022-08-03T14:39:25.538Z] > git remote --verbose [3ms]
[2022-08-03T14:39:25.582Z] > git config --get commit.template [2ms]
[2022-08-03T14:39:30.606Z] > git status -z -uall [16ms]
[2022-08-03T14:39:30.616Z] > git symbolic-ref --short HEAD [2ms]
[2022-08-03T14:39:30.627Z] > git for-each-ref --format=%(refname)%00%(upstream:short)%00%(objectname)%00%(upstream:track)%00%(upstream:remotename)%00%(upstream:remoteref) refs/heads/main refs/remotes/main [2ms]
[2022-08-03T14:39:30.643Z] > git for-each-ref --sort -committerdate --format %(refname) %(objectname) %(*objectname) [10ms]
[2022-08-03T14:39:30.644Z] > git remote --verbose [2ms]
[2022-08-03T14:39:30.684Z] > git config --get commit.template [2ms]
[2022-08-03T14:39:35.718Z] > git status -z -uall [20ms]
[2022-08-03T14:39:35.733Z] > git symbolic-ref --short HEAD [2ms]
[2022-08-03T14:39:35.745Z] > git for-each-ref --format=%(refname)%00%(upstream:short)%00%(objectname)%00%(upstream:track)%00%(upstream:remotename)%00%(upstream:remoteref) refs/heads/main refs/remotes/main [1ms]
[2022-08-03T14:39:35.771Z] > git for-each-ref --sort -committerdate --format %(refname) %(objectname) %(*objectname) [13ms]
[2022-08-03T14:39:35.774Z] > git remote --verbose [4ms]
[2022-08-03T14:39:35.841Z] > git config --get commit.template [3ms]
[2022-08-03T14:39:41.601Z] > git status -z -uall [16ms]
[2022-08-03T14:39:41.615Z] > git symbolic-ref --short HEAD [2ms]
[2022-08-03T14:39:41.624Z] > git for-each-ref --format=%(refname)%00%(upstream:short)%00%(objectname)%00%(upstream:track)%00%(upstream:remotename)%00%(upstream:remoteref) refs/heads/main refs/remotes/main [1ms]
[2022-08-03T14:39:41.641Z] > git for-each-ref --sort -committerdate --format %(refname) %(objectname) %(*objectname) [10ms]
[2022-08-03T14:39:41.643Z] > git remote --verbose [3ms]
[2022-08-03T14:39:41.686Z] > git config --get commit.template [2ms]
[2022-08-03T14:39:46.712Z] > git status -z -uall [17ms]
[2022-08-03T14:39:46.723Z] > git symbolic-ref --short HEAD [2ms]
[2022-08-03T14:39:46.732Z] > git for-each-ref --format=%(refname)%00%(upstream:short)%00%(objectname)%00%(upstream:track)%00%(upstream:remotename)%00%(upstream:remoteref) refs/heads/main refs/remotes/main [1ms]
[2022-08-03T14:39:46.748Z] > git for-each-ref --sort -committerdate --format %(refname) %(objectname) %(*objectname) [10ms]
[2022-08-03T14:39:46.749Z] > git remote --verbose [2ms]
[2022-08-03T14:39:46.799Z] > git config --get commit.template [2ms]
[2022-08-03T14:39:51.847Z] > git status -z -uall [21ms]
[2022-08-03T14:39:51.859Z] > git symbolic-ref --short HEAD [2ms]
[2022-08-03T14:39:51.871Z] > git for-each-ref --format=%(refname)%00%(upstream:short)%00%(objectname)%00%(upstream:track)%00%(upstream:remotename)%00%(upstream:remoteref) refs/heads/main refs/remotes/main [1ms]
[2022-08-03T14:39:51.892Z] > git for-each-ref --sort -committerdate --format %(refname) %(objectname) %(*objectname) [11ms]
[2022-08-03T14:39:51.894Z] > git remote --verbose [3ms]
[2022-08-03T14:39:51.951Z] > git config --get commit.template [2ms]
[2022-08-03T14:39:56.985Z] > git status -z -uall [21ms]
[2022-08-03T14:39:56.997Z] > git symbolic-ref --short HEAD [2ms]
[2022-08-03T14:39:57.007Z] > git for-each-ref --format=%(refname)%00%(upstream:short)%00%(objectname)%00%(upstream:track)%00%(upstream:remotename)%00%(upstream:remoteref) refs/heads/main refs/remotes/main [3ms]
[2022-08-03T14:39:57.027Z] > git for-each-ref --sort -committerdate --format %(refname) %(objectname) %(*objectname) [11ms]
[2022-08-03T14:39:57.029Z] > git remote --verbose [3ms]
[2022-08-03T14:39:57.082Z] > git config --get commit.template [2ms]
[2022-08-03T14:40:02.113Z] > git status -z -uall [19ms]
[2022-08-03T14:40:02.128Z] > git symbolic-ref --short HEAD [3ms]
[2022-08-03T14:40:02.140Z] > git for-each-ref --format=%(refname)%00%(upstream:short)%00%(objectname)%00%(upstream:track)%00%(upstream:remotename)%00%(upstream:remoteref) refs/heads/main refs/remotes/main [2ms]
[2022-08-03T14:40:02.163Z] > git for-each-ref --sort -committerdate --format %(refname) %(objectname) %(*objectname) [12ms]
[2022-08-03T14:40:02.165Z] > git remote --verbose [3ms]
[2022-08-03T14:40:02.210Z] > git config --get commit.template [3ms]
[2022-08-03T14:40:07.245Z] > git status -z -uall [23ms]
[2022-08-03T14:40:07.261Z] > git symbolic-ref --short HEAD [3ms]
[2022-08-03T14:40:07.275Z] > git for-each-ref --format=%(refname)%00%(upstream:short)%00%(objectname)%00%(upstream:track)%00%(upstream:remotename)%00%(upstream:remoteref) refs/heads/main refs/remotes/main [3ms]
[2022-08-03T14:40:07.301Z] > git for-each-ref --sort -committerdate --format %(refname) %(objectname) %(*objectname) [13ms]
[2022-08-03T14:40:07.303Z] > git remote --verbose [3ms]
[2022-08-03T14:40:07.349Z] > git config --get commit.template [1ms]
[2022-08-03T14:40:12.387Z] > git status -z -uall [24ms]
[2022-08-03T14:40:12.402Z] > git symbolic-ref --short HEAD [3ms]
[2022-08-03T14:40:12.413Z] > git for-each-ref --format=%(refname)%00%(upstream:short)%00%(objectname)%00%(upstream:track)%00%(upstream:remotename)%00%(upstream:remoteref) refs/heads/main refs/remotes/main [2ms]
[2022-08-03T14:40:12.435Z] > git for-each-ref --sort -committerdate --format %(refname) %(objectname) %(*objectname) [12ms]
[2022-08-03T14:40:12.438Z] > git remote --verbose [4ms]
[2022-08-03T14:40:12.482Z] > git config --get commit.template [2ms]
[2022-08-03T14:40:17.512Z] > git status -z -uall [17ms]
[2022-08-03T14:40:17.534Z] > git symbolic-ref --short HEAD [2ms]
[2022-08-03T14:40:17.544Z] > git for-each-ref --format=%(refname)%00%(upstream:short)%00%(objectname)%00%(upstream:track)%00%(upstream:remotename)%00%(upstream:remoteref) refs/heads/main refs/remotes/main [1ms]
[2022-08-03T14:40:17.560Z] > git for-each-ref --sort -committerdate --format %(refname) %(objectname) %(*objectname) [8ms]
[2022-08-03T14:40:17.561Z] > git remote --verbose [2ms]
[2022-08-03T14:40:17.606Z] > git config --get commit.template [2ms]
[2022-08-03T14:40:22.630Z] > git status -z -uall [14ms]
[2022-08-03T14:40:22.640Z] > git symbolic-ref --short HEAD [1ms]
[2022-08-03T14:40:22.647Z] > git for-each-ref --format=%(refname)%00%(upstream:short)%00%(objectname)%00%(upstream:track)%00%(upstream:remotename)%00%(upstream:remoteref) refs/heads/main refs/remotes/main [1ms]
[2022-08-03T14:40:22.664Z] > git for-each-ref --sort -committerdate --format %(refname) %(objectname) %(*objectname) [9ms]
[2022-08-03T14:40:22.666Z] > git remote --verbose [3ms]
[2022-08-03T14:40:22.708Z] > git config --get commit.template [2ms]
[2022-08-03T14:40:27.737Z] > git status -z -uall [16ms]
[2022-08-03T14:40:27.747Z] > git symbolic-ref --short HEAD [2ms]
[2022-08-03T14:40:27.755Z] > git for-each-ref --format=%(refname)%00%(upstream:short)%00%(objectname)%00%(upstream:track)%00%(upstream:remotename)%00%(upstream:remoteref) refs/heads/main refs/remotes/main [1ms]
[2022-08-03T14:40:27.769Z] > git for-each-ref --sort -committerdate --format %(refname) %(objectname) %(*objectname) [8ms]
[2022-08-03T14:40:27.771Z] > git remote --verbose [3ms]
[2022-08-03T14:40:27.817Z] > git config --get commit.template [3ms]
[2022-08-03T14:40:29.857Z] > git fetch [5ms]
[2022-08-03T14:40:29.884Z] > git status -z -uall [18ms]
[2022-08-03T14:40:29.893Z] > git symbolic-ref --short HEAD [2ms]
[2022-08-03T14:40:29.900Z] > git for-each-ref --format=%(refname)%00%(upstream:short)%00%(objectname)%00%(upstream:track)%00%(upstream:remotename)%00%(upstream:remoteref) refs/heads/main refs/remotes/main [1ms]
[2022-08-03T14:40:29.916Z] > git for-each-ref --sort -committerdate --format %(refname) %(objectname) %(*objectname) [9ms]
[2022-08-03T14:40:29.917Z] > git remote --verbose [2ms]
[2022-08-03T14:40:29.955Z] > git config --get commit.template [1ms]
[2022-08-03T14:40:32.840Z] > git status -z -uall [14ms]
[2022-08-03T14:40:32.850Z] > git symbolic-ref --short HEAD [1ms]
[2022-08-03T14:40:32.857Z] > git for-each-ref --format=%(refname)%00%(upstream:short)%00%(objectname)%00%(upstream:track)%00%(upstream:remotename)%00%(upstream:remoteref) refs/heads/main refs/remotes/main [2ms]
[2022-08-03T14:40:32.869Z] > git for-each-ref --sort -committerdate --format %(refname) %(objectname) %(*objectname) [7ms]
[2022-08-03T14:40:32.870Z] > git remote --verbose [2ms]
[2022-08-03T14:40:32.912Z] > git config --get commit.template [1ms]
[2022-08-03T14:40:39.650Z] > git status -z -uall [17ms]
[2022-08-03T14:40:39.659Z] > git symbolic-ref --short HEAD [2ms]
[2022-08-03T14:40:39.666Z] > git for-each-ref --format=%(refname)%00%(upstream:short)%00%(objectname)%00%(upstream:track)%00%(upstream:remotename)%00%(upstream:remoteref) refs/heads/main refs/remotes/main [2ms]
[2022-08-03T14:40:39.678Z] > git for-each-ref --sort -committerdate --format %(refname) %(objectname) %(*objectname) [7ms]
[2022-08-03T14:40:39.679Z] > git remote --verbose [1ms]
[2022-08-03T14:40:39.723Z] > git config --get commit.template [1ms]
[2022-08-03T14:40:44.748Z] > git status -z -uall [15ms]
[2022-08-03T14:40:44.756Z] > git symbolic-ref --short HEAD [1ms]
[2022-08-03T14:40:44.764Z] > git for-each-ref --format=%(refname)%00%(upstream:short)%00%(objectname)%00%(upstream:track)%00%(upstream:remotename)%00%(upstream:remoteref) refs/heads/main refs/remotes/main [2ms]
[2022-08-03T14:40:44.777Z] > git for-each-ref --sort -committerdate --format %(refname) %(objectname) %(*objectname) [6ms]
[2022-08-03T14:40:44.779Z] > git remote --verbose [3ms]
[2022-08-03T14:40:44.820Z] > git config --get commit.template [1ms]
[2022-08-03T14:40:49.851Z] > git status -z -uall [18ms]
[2022-08-03T14:40:49.864Z] > git symbolic-ref --short HEAD [1ms]
[2022-08-03T14:40:49.877Z] > git for-each-ref --format=%(refname)%00%(upstream:short)%00%(objectname)%00%(upstream:track)%00%(upstream:remotename)%00%(upstream:remoteref) refs/heads/main refs/remotes/main [2ms]
[2022-08-03T14:40:49.899Z] > git for-each-ref --sort -committerdate --format %(refname) %(objectname) %(*objectname) [12ms]
[2022-08-03T14:40:49.900Z] > git remote --verbose [2ms]
[2022-08-03T14:40:49.953Z] > git config --get commit.template [1ms]
[2022-08-03T14:40:54.983Z] > git status -z -uall [19ms]
[2022-08-03T14:40:54.994Z] > git symbolic-ref --short HEAD [2ms]
[2022-08-03T14:40:55.005Z] > git for-each-ref --format=%(refname)%00%(upstream:short)%00%(objectname)%00%(upstream:track)%00%(upstream:remotename)%00%(upstream:remoteref) refs/heads/main refs/remotes/main [2ms]
[2022-08-03T14:40:55.021Z] > git for-each-ref --sort -committerdate --format %(refname) %(objectname) %(*objectname) [8ms]
[2022-08-03T14:40:55.023Z] > git remote --verbose [2ms]
[2022-08-03T14:40:55.071Z] > git config --get commit.template [1ms]
[2022-08-03T14:41:00.104Z] > git status -z -uall [19ms]
[2022-08-03T14:41:00.117Z] > git symbolic-ref --short HEAD [2ms]
[2022-08-03T14:41:00.130Z] > git for-each-ref --format=%(refname)%00%(upstream:short)%00%(objectname)%00%(upstream:track)%00%(upstream:remotename)%00%(upstream:remoteref) refs/heads/main refs/remotes/main [3ms]
[2022-08-03T14:41:00.151Z] > git for-each-ref --sort -committerdate --format %(refname) %(objectname) %(*objectname) [11ms]
[2022-08-03T14:41:00.153Z] > git remote --verbose [2ms]
[2022-08-03T14:41:00.194Z] > git config --get commit.template [2ms]
[2022-08-03T14:41:05.227Z] > git status -z -uall [20ms]
[2022-08-03T14:41:05.239Z] > git symbolic-ref --short HEAD [2ms]
[2022-08-03T14:41:05.251Z] > git for-each-ref --format=%(refname)%00%(upstream:short)%00%(objectname)%00%(upstream:track)%00%(upstream:remotename)%00%(upstream:remoteref) refs/heads/main refs/remotes/main [1ms]
[2022-08-03T14:41:05.272Z] > git for-each-ref --sort -committerdate --format %(refname) %(objectname) %(*objectname) [10ms]
[2022-08-03T14:41:05.274Z] > git remote --verbose [3ms]
[2022-08-03T14:41:05.330Z] > git config --get commit.template [2ms]
[2022-08-03T14:41:10.357Z] > git status -z -uall [17ms]
[2022-08-03T14:41:10.368Z] > git symbolic-ref --short HEAD [2ms]
[2022-08-03T14:41:10.377Z] > git for-each-ref --format=%(refname)%00%(upstream:short)%00%(objectname)%00%(upstream:track)%00%(upstream:remotename)%00%(upstream:remoteref) refs/heads/main refs/remotes/main [2ms]
[2022-08-03T14:41:10.395Z] > git for-each-ref --sort -committerdate --format %(refname) %(objectname) %(*objectname) [9ms]
[2022-08-03T14:41:10.396Z] > git remote --verbose [2ms]
[2022-08-03T14:41:10.439Z] > git config --get commit.template [2ms]
[2022-08-03T14:41:15.470Z] > git status -z -uall [20ms]
[2022-08-03T14:41:15.481Z] > git symbolic-ref --short HEAD [2ms]
[2022-08-03T14:41:15.491Z] > git for-each-ref --format=%(refname)%00%(upstream:short)%00%(objectname)%00%(upstream:track)%00%(upstream:remotename)%00%(upstream:remoteref) refs/heads/main refs/remotes/main [1ms]
[2022-08-03T14:41:15.503Z] > git for-each-ref --sort -committerdate --format %(refname) %(objectname) %(*objectname) [6ms]
[2022-08-03T14:41:15.504Z] > git remote --verbose [1ms]
[2022-08-03T14:41:15.543Z] > git config --get commit.template [2ms]
[2022-08-03T14:41:20.579Z] > git status -z -uall [24ms]
[2022-08-03T14:41:20.593Z] > git symbolic-ref --short HEAD [3ms]
[2022-08-03T14:41:20.605Z] > git for-each-ref --format=%(refname)%00%(upstream:short)%00%(objectname)%00%(upstream:track)%00%(upstream:remotename)%00%(upstream:remoteref) refs/heads/main refs/remotes/main [2ms]
[2022-08-03T14:41:20.626Z] > git for-each-ref --sort -committerdate --format %(refname) %(objectname) %(*objectname) [10ms]
[2022-08-03T14:41:20.627Z] > git remote --verbose [2ms]
[2022-08-03T14:41:20.669Z] > git config --get commit.template [2ms]
[2022-08-03T14:41:25.704Z] > git status -z -uall [21ms]
[2022-08-03T14:41:25.722Z] > git symbolic-ref --short HEAD [2ms]
[2022-08-03T14:41:25.738Z] > git for-each-ref --format=%(refname)%00%(upstream:short)%00%(objectname)%00%(upstream:track)%00%(upstream:remotename)%00%(upstream:remoteref) refs/heads/main refs/remotes/main [2ms]
[2022-08-03T14:41:25.767Z] > git for-each-ref --sort -committerdate --format %(refname) %(objectname) %(*objectname) [16ms]
[2022-08-03T14:41:25.770Z] > git remote --verbose [4ms]
[2022-08-03T14:41:25.837Z] > git config --get commit.template [2ms]
[2022-08-03T14:41:30.868Z] > git status -z -uall [19ms]
[2022-08-03T14:41:30.879Z] > git symbolic-ref --short HEAD [2ms]
[2022-08-03T14:41:30.887Z] > git for-each-ref --format=%(refname)%00%(upstream:short)%00%(objectname)%00%(upstream:track)%00%(upstream:remotename)%00%(upstream:remoteref) refs/heads/main refs/remotes/main [1ms]
[2022-08-03T14:41:30.906Z] > git for-each-ref --sort -committerdate --format %(refname) %(objectname) %(*objectname) [10ms]
[2022-08-03T14:41:30.907Z] > git remote --verbose [2ms]
[2022-08-03T14:41:30.959Z] > git config --get commit.template [2ms]
[2022-08-03T14:41:35.994Z] > git status -z -uall [23ms]
[2022-08-03T14:41:36.007Z] > git symbolic-ref --short HEAD [2ms]
[2022-08-03T14:41:36.017Z] > git for-each-ref --format=%(refname)%00%(upstream:short)%00%(objectname)%00%(upstream:track)%00%(upstream:remotename)%00%(upstream:remoteref) refs/heads/main refs/remotes/main [2ms]
[2022-08-03T14:41:36.033Z] > git for-each-ref --sort -committerdate --format %(refname) %(objectname) %(*objectname) [8ms]
[2022-08-03T14:41:36.035Z] > git remote --verbose [2ms]
[2022-08-03T14:41:36.082Z] > git config --get commit.template [2ms]
[2022-08-03T14:41:41.110Z] > git status -z -uall [18ms]
[2022-08-03T14:41:41.120Z] > git symbolic-ref --short HEAD [2ms]
[2022-08-03T14:41:41.128Z] > git for-each-ref --format=%(refname)%00%(upstream:short)%00%(objectname)%00%(upstream:track)%00%(upstream:remotename)%00%(upstream:remoteref) refs/heads/main refs/remotes/main [1ms]
[2022-08-03T14:41:41.143Z] > git for-each-ref --sort -committerdate --format %(refname) %(objectname) %(*objectname) [7ms]
[2022-08-03T14:41:41.145Z] > git remote --verbose [2ms]
[2022-08-03T14:41:41.191Z] > git config --get commit.template [2ms]
[2022-08-03T14:41:46.214Z] > git status -z -uall [14ms]
[2022-08-03T14:41:46.223Z] > git symbolic-ref --short HEAD [2ms]
[2022-08-03T14:41:46.231Z] > git for-each-ref --format=%(refname)%00%(upstream:short)%00%(objectname)%00%(upstream:track)%00%(upstream:remotename)%00%(upstream:remoteref) refs/heads/main refs/remotes/main [2ms]
[2022-08-03T14:41:46.244Z] > git for-each-ref --sort -committerdate --format %(refname) %(objectname) %(*objectname) [7ms]
[2022-08-03T14:41:46.246Z] > git remote --verbose [2ms]
[2022-08-03T14:41:46.291Z] > git config --get commit.template [2ms]
[2022-08-03T14:41:51.319Z] > git status -z -uall [18ms]
[2022-08-03T14:41:51.333Z] > git symbolic-ref --short HEAD [2ms]
[2022-08-03T14:41:51.346Z] > git for-each-ref --format=%(refname)%00%(upstream:short)%00%(objectname)%00%(upstream:track)%00%(upstream:remotename)%00%(upstream:remoteref) refs/heads/main refs/remotes/main [2ms]
[2022-08-03T14:41:51.368Z] > git for-each-ref --sort -committerdate --format %(refname) %(objectname) %(*objectname) [12ms]
[2022-08-03T14:41:51.370Z] > git remote --verbose [3ms]
[2022-08-03T14:41:51.416Z] > git config --get commit.template [2ms]
[2022-08-03T14:41:56.451Z] > git status -z -uall [23ms]
[2022-08-03T14:41:56.463Z] > git symbolic-ref --short HEAD [2ms]
[2022-08-03T14:41:56.475Z] > git for-each-ref --format=%(refname)%00%(upstream:short)%00%(objectname)%00%(upstream:track)%00%(upstream:remotename)%00%(upstream:remoteref) refs/heads/main refs/remotes/main [1ms]
[2022-08-03T14:41:56.495Z] > git for-each-ref --sort -committerdate --format %(refname) %(objectname) %(*objectname) [11ms]
[2022-08-03T14:41:56.497Z] > git remote --verbose [3ms]
[2022-08-03T14:41:56.546Z] > git config --get commit.template [2ms]
[2022-08-03T14:42:01.577Z] > git status -z -uall [18ms]
[2022-08-03T14:42:01.591Z] > git symbolic-ref --short HEAD [2ms]
[2022-08-03T14:42:01.603Z] > git for-each-ref --format=%(refname)%00%(upstream:short)%00%(objectname)%00%(upstream:track)%00%(upstream:remotename)%00%(upstream:remoteref) refs/heads/main refs/remotes/main [2ms]
[2022-08-03T14:42:01.628Z] > git for-each-ref --sort -committerdate --format %(refname) %(objectname) %(*objectname) [13ms]
[2022-08-03T14:42:01.630Z] > git remote --verbose [3ms]
[2022-08-03T14:42:01.691Z] > git config --get commit.template [5ms]
[2022-08-03T14:42:06.922Z] > git status -z -uall [20ms]
[2022-08-03T14:42:06.934Z] > git symbolic-ref --short HEAD [2ms]
[2022-08-03T14:42:06.947Z] > git for-each-ref --format=%(refname)%00%(upstream:short)%00%(objectname)%00%(upstream:track)%00%(upstream:remotename)%00%(upstream:remoteref) refs/heads/main refs/remotes/main [2ms]
[2022-08-03T14:42:06.966Z] > git for-each-ref --sort -committerdate --format %(refname) %(objectname) %(*objectname) [10ms]
[2022-08-03T14:42:06.971Z] > git remote --verbose [5ms]
[2022-08-03T14:42:07.028Z] > git config --get commit.template [2ms]
[2022-08-03T14:42:12.057Z] > git status -z -uall [18ms]
[2022-08-03T14:42:12.068Z] > git symbolic-ref --short HEAD [2ms]
[2022-08-03T14:42:12.077Z] > git for-each-ref --format=%(refname)%00%(upstream:short)%00%(objectname)%00%(upstream:track)%00%(upstream:remotename)%00%(upstream:remoteref) refs/heads/main refs/remotes/main [2ms]
[2022-08-03T14:42:12.093Z] > git for-each-ref --sort -committerdate --format %(refname) %(objectname) %(*objectname) [8ms]
[2022-08-03T14:42:12.095Z] > git remote --verbose [3ms]
[2022-08-03T14:42:12.135Z] > git config --get commit.template [2ms]
[2022-08-03T14:42:17.168Z] > git status -z -uall [18ms]
[2022-08-03T14:42:17.182Z] > git symbolic-ref --short HEAD [2ms]
[2022-08-03T14:42:17.193Z] > git for-each-ref --format=%(refname)%00%(upstream:short)%00%(objectname)%00%(upstream:track)%00%(upstream:remotename)%00%(upstream:remoteref) refs/heads/main refs/remotes/main [2ms]
[2022-08-03T14:42:17.212Z] > git for-each-ref --sort -committerdate --format %(refname) %(objectname) %(*objectname) [8ms]
[2022-08-03T14:42:17.213Z] > git remote --verbose [2ms]
[2022-08-03T14:42:17.273Z] > git config --get commit.template [2ms]
[2022-08-03T14:42:24.535Z] > git status -z -uall [15ms]
[2022-08-03T14:42:24.544Z] > git symbolic-ref --short HEAD [2ms]
[2022-08-03T14:42:24.552Z] > git for-each-ref --format=%(refname)%00%(upstream:short)%00%(objectname)%00%(upstream:track)%00%(upstream:remotename)%00%(upstream:remoteref) refs/heads/main refs/remotes/main [2ms]
[2022-08-03T14:42:24.567Z] > git for-each-ref --sort -committerdate --format %(refname) %(objectname) %(*objectname) [9ms]
[2022-08-03T14:42:24.568Z] > git remote --verbose [2ms]
[2022-08-03T14:42:24.609Z] > git config --get commit.template [2ms]
[2022-08-03T14:42:29.693Z] > git status -z -uall [14ms]
[2022-08-03T14:42:29.702Z] > git symbolic-ref --short HEAD [2ms]
[2022-08-03T14:42:29.709Z] > git for-each-ref --format=%(refname)%00%(upstream:short)%00%(objectname)%00%(upstream:track)%00%(upstream:remotename)%00%(upstream:remoteref) refs/heads/main refs/remotes/main [2ms]
[2022-08-03T14:42:29.722Z] > git for-each-ref --sort -committerdate --format %(refname) %(objectname) %(*objectname) [8ms]
[2022-08-03T14:42:29.723Z] > git remote --verbose [2ms]
[2022-08-03T14:42:29.769Z] > git config --get commit.template [2ms]
[2022-08-03T14:42:35.190Z] > git status -z -uall [14ms]
[2022-08-03T14:42:35.198Z] > git symbolic-ref --short HEAD [1ms]
[2022-08-03T14:42:35.206Z] > git for-each-ref --format=%(refname)%00%(upstream:short)%00%(objectname)%00%(upstream:track)%00%(upstream:remotename)%00%(upstream:remoteref) refs/heads/main refs/remotes/main [2ms]
[2022-08-03T14:42:35.221Z] > git for-each-ref --sort -committerdate --format %(refname) %(objectname) %(*objectname) [8ms]
[2022-08-03T14:42:35.222Z] > git remote --verbose [2ms]
[2022-08-03T14:42:35.259Z] > git config --get commit.template [1ms]
[2022-08-03T14:42:40.283Z] > git status -z -uall [15ms]
[2022-08-03T14:42:40.293Z] > git symbolic-ref --short HEAD [2ms]
[2022-08-03T14:42:40.301Z] > git for-each-ref --format=%(refname)%00%(upstream:short)%00%(objectname)%00%(upstream:track)%00%(upstream:remotename)%00%(upstream:remoteref) refs/heads/main refs/remotes/main [1ms]
[2022-08-03T14:42:40.316Z] > git for-each-ref --sort -committerdate --format %(refname) %(objectname) %(*objectname) [7ms]
[2022-08-03T14:42:40.317Z] > git remote --verbose [2ms]
[2022-08-03T14:42:40.371Z] > git config --get commit.template [2ms]
[2022-08-03T14:42:45.395Z] > git status -z -uall [14ms]
[2022-08-03T14:42:45.404Z] > git symbolic-ref --short HEAD [2ms]
[2022-08-03T14:42:45.412Z] > git for-each-ref --format=%(refname)%00%(upstream:short)%00%(objectname)%00%(upstream:track)%00%(upstream:remotename)%00%(upstream:remoteref) refs/heads/main refs/remotes/main [1ms]
[2022-08-03T14:42:45.426Z] > git for-each-ref --sort -committerdate --format %(refname) %(objectname) %(*objectname) [8ms]
[2022-08-03T14:42:45.427Z] > git remote --verbose [2ms]
[2022-08-03T14:42:45.461Z] > git config --get commit.template [1ms]
[2022-08-03T14:42:50.490Z] > git status -z -uall [17ms]
[2022-08-03T14:42:50.501Z] > git symbolic-ref --short HEAD [2ms]
[2022-08-03T14:42:50.511Z] > git for-each-ref --format=%(refname)%00%(upstream:short)%00%(objectname)%00%(upstream:track)%00%(upstream:remotename)%00%(upstream:remoteref) refs/heads/main refs/remotes/main [1ms]
[2022-08-03T14:42:50.529Z] > git for-each-ref --sort -committerdate --format %(refname) %(objectname) %(*objectname) [9ms]
[2022-08-03T14:42:50.531Z] > git remote --verbose [2ms]
[2022-08-03T14:42:50.577Z] > git config --get commit.template [3ms]
