[2022-08-01T10:40:36.853Z] Log level: Info
[2022-08-01T10:40:36.875Z] [info] Validating found git in: git
[2022-08-01T10:40:36.953Z] [info] Using git 2.20.1 from git
[2022-08-01T10:40:37.003Z] > git rev-parse --show-toplevel [5ms]
[2022-08-01T10:40:37.004Z] fatal: not a git repository (or any of the parent directories): .git
[2022-08-01T10:40:37.029Z] > git rev-parse --show-toplevel [18ms]
[2022-08-01T10:40:37.029Z] fatal: not a git repository (or any of the parent directories): .git
[2022-08-01T10:40:37.036Z] > git rev-parse --show-toplevel [3ms]
[2022-08-01T10:40:37.036Z] fatal: not a git repository (or any of the parent directories): .git
[2022-08-01T10:40:37.040Z] > git rev-parse --show-toplevel [1ms]
[2022-08-01T10:40:37.040Z] fatal: not a git repository (or any of the parent directories): .git
[2022-08-01T10:40:37.043Z] > git rev-parse --show-toplevel [1ms]
[2022-08-01T10:40:37.047Z] > git rev-parse --git-dir --git-common-dir [1ms]
[2022-08-01T10:40:37.053Z] [info] Open repository: /root/sponge
[2022-08-01T10:40:37.072Z] > git status -z -uall [13ms]
[2022-08-01T10:40:37.077Z] > git symbolic-ref --short HEAD [2ms]
[2022-08-01T10:40:37.082Z] > git for-each-ref --format=%(refname)%00%(upstream:short)%00%(objectname)%00%(upstream:track)%00%(upstream:remotename)%00%(upstream:remoteref) refs/heads/master refs/remotes/master [2ms]
[2022-08-01T10:40:37.093Z] > git for-each-ref --sort -committerdate --format %(refname) %(objectname) %(*objectname) [4ms]
[2022-08-01T10:40:37.095Z] > git remote --verbose [4ms]
[2022-08-01T10:40:37.103Z] > git config --get commit.template [1ms]
[2022-08-01T10:40:37.117Z] > git status -z -uall [7ms]
[2022-08-01T10:40:37.122Z] > git symbolic-ref --short HEAD [2ms]
[2022-08-01T10:40:37.128Z] > git for-each-ref --format=%(refname)%00%(upstream:short)%00%(objectname)%00%(upstream:track)%00%(upstream:remotename)%00%(upstream:remoteref) refs/heads/master refs/remotes/master [3ms]
[2022-08-01T10:40:37.139Z] > git for-each-ref --sort -committerdate --format %(refname) %(objectname) %(*objectname) [7ms]
[2022-08-01T10:40:37.141Z] > git remote --verbose [3ms]
[2022-08-01T10:40:37.149Z] > git config --get commit.template [2ms]
[2022-08-01T10:40:40.708Z] > git check-ignore -v -z --stdin [3ms]
[2022-08-01T10:40:42.653Z] > git rev-parse --show-toplevel [16ms]
[2022-08-01T10:40:42.653Z] fatal: not a git repository (or any of the parent directories): .git
[2022-08-01T10:40:42.658Z] > git rev-parse --show-toplevel [2ms]
[2022-08-01T10:40:42.658Z] fatal: not a git repository (or any of the parent directories): .git
[2022-08-01T10:40:42.662Z] > git rev-parse --show-toplevel [1ms]
[2022-08-01T10:40:42.662Z] fatal: not a git repository (or any of the parent directories): .git
[2022-08-01T10:40:46.867Z] > git fetch [269ms]
[2022-08-01T10:40:46.881Z] > git status -z -uall [11ms]
[2022-08-01T10:40:46.887Z] > git symbolic-ref --short HEAD [2ms]
[2022-08-01T10:40:46.893Z] > git for-each-ref --format=%(refname)%00%(upstream:short)%00%(objectname)%00%(upstream:track)%00%(upstream:remotename)%00%(upstream:remoteref) refs/heads/master refs/remotes/master [2ms]
[2022-08-01T10:40:46.902Z] > git for-each-ref --sort -committerdate --format %(refname) %(objectname) %(*objectname) [6ms]
[2022-08-01T10:40:46.904Z] > git remote --verbose [3ms]
[2022-08-01T10:40:46.912Z] > git config --get commit.template [2ms]
[2022-08-01T10:40:53.162Z] > git status -z -uall [10ms]
[2022-08-01T10:40:53.167Z] > git symbolic-ref --short HEAD [1ms]
[2022-08-01T10:40:53.172Z] > git for-each-ref --format=%(refname)%00%(upstream:short)%00%(objectname)%00%(upstream:track)%00%(upstream:remotename)%00%(upstream:remoteref) refs/heads/master refs/remotes/master [2ms]
[2022-08-01T10:40:53.179Z] > git for-each-ref --sort -committerdate --format %(refname) %(objectname) %(*objectname) [5ms]
[2022-08-01T10:40:53.181Z] > git remote --verbose [3ms]
[2022-08-01T10:40:53.189Z] > git config --get commit.template [1ms]
[2022-08-01T10:41:01.732Z] > git rev-parse --show-toplevel [2ms]
[2022-08-01T10:41:01.732Z] fatal: not a git repository (or any of the parent directories): .git
[2022-08-01T10:43:47.209Z] > git fetch [289ms]
[2022-08-01T10:43:47.222Z] > git status -z -uall [8ms]
[2022-08-01T10:43:47.228Z] > git symbolic-ref --short HEAD [1ms]
[2022-08-01T10:43:47.233Z] > git for-each-ref --format=%(refname)%00%(upstream:short)%00%(objectname)%00%(upstream:track)%00%(upstream:remotename)%00%(upstream:remoteref) refs/heads/master refs/remotes/master [2ms]
[2022-08-01T10:43:47.242Z] > git for-each-ref --sort -committerdate --format %(refname) %(objectname) %(*objectname) [5ms]
[2022-08-01T10:43:47.243Z] > git remote --verbose [2ms]
[2022-08-01T10:43:47.251Z] > git config --get commit.template [2ms]
[2022-08-01T10:46:47.554Z] > git fetch [295ms]
[2022-08-01T10:46:47.566Z] > git status -z -uall [8ms]
[2022-08-01T10:46:47.572Z] > git symbolic-ref --short HEAD [2ms]
[2022-08-01T10:46:47.578Z] > git for-each-ref --format=%(refname)%00%(upstream:short)%00%(objectname)%00%(upstream:track)%00%(upstream:remotename)%00%(upstream:remoteref) refs/heads/master refs/remotes/master [1ms]
[2022-08-01T10:46:47.587Z] > git for-each-ref --sort -committerdate --format %(refname) %(objectname) %(*objectname) [5ms]
[2022-08-01T10:46:47.589Z] > git remote --verbose [2ms]
[2022-08-01T10:46:47.597Z] > git config --get commit.template [1ms]
[2022-08-01T10:49:47.913Z] > git fetch [305ms]
[2022-08-01T10:49:47.927Z] > git status -z -uall [9ms]
[2022-08-01T10:49:47.933Z] > git symbolic-ref --short HEAD [1ms]
[2022-08-01T10:49:47.938Z] > git for-each-ref --format=%(refname)%00%(upstream:short)%00%(objectname)%00%(upstream:track)%00%(upstream:remotename)%00%(upstream:remoteref) refs/heads/master refs/remotes/master [2ms]
[2022-08-01T10:49:47.947Z] > git for-each-ref --sort -committerdate --format %(refname) %(objectname) %(*objectname) [6ms]
[2022-08-01T10:49:47.949Z] > git remote --verbose [3ms]
[2022-08-01T10:49:47.955Z] > git config --get commit.template [1ms]
[2022-08-01T10:52:48.242Z] > git fetch [280ms]
[2022-08-01T10:52:48.256Z] > git status -z -uall [9ms]
[2022-08-01T10:52:48.264Z] > git symbolic-ref --short HEAD [2ms]
[2022-08-01T10:52:48.273Z] > git for-each-ref --format=%(refname)%00%(upstream:short)%00%(objectname)%00%(upstream:track)%00%(upstream:remotename)%00%(upstream:remoteref) refs/heads/master refs/remotes/master [3ms]
[2022-08-01T10:52:48.283Z] > git for-each-ref --sort -committerdate --format %(refname) %(objectname) %(*objectname) [5ms]
[2022-08-01T10:52:48.285Z] > git remote --verbose [2ms]
[2022-08-01T10:52:48.293Z] > git config --get commit.template [2ms]
[2022-08-01T10:55:48.587Z] > git fetch [287ms]
[2022-08-01T10:55:48.600Z] > git status -z -uall [8ms]
[2022-08-01T10:55:48.606Z] > git symbolic-ref --short HEAD [2ms]
[2022-08-01T10:55:48.611Z] > git for-each-ref --format=%(refname)%00%(upstream:short)%00%(objectname)%00%(upstream:track)%00%(upstream:remotename)%00%(upstream:remoteref) refs/heads/master refs/remotes/master [1ms]
[2022-08-01T10:55:48.619Z] > git for-each-ref --sort -committerdate --format %(refname) %(objectname) %(*objectname) [5ms]
[2022-08-01T10:55:48.621Z] > git remote --verbose [2ms]
[2022-08-01T10:55:48.627Z] > git config --get commit.template [1ms]
[2022-08-01T10:58:48.901Z] > git fetch [268ms]
[2022-08-01T10:58:48.912Z] > git status -z -uall [8ms]
[2022-08-01T10:58:48.917Z] > git symbolic-ref --short HEAD [2ms]
[2022-08-01T10:58:48.922Z] > git for-each-ref --format=%(refname)%00%(upstream:short)%00%(objectname)%00%(upstream:track)%00%(upstream:remotename)%00%(upstream:remoteref) refs/heads/master refs/remotes/master [2ms]
[2022-08-01T10:58:48.930Z] > git for-each-ref --sort -committerdate --format %(refname) %(objectname) %(*objectname) [5ms]
[2022-08-01T10:58:48.931Z] > git remote --verbose [2ms]
[2022-08-01T10:58:48.937Z] > git config --get commit.template [1ms]
[2022-08-01T11:01:49.248Z] > git fetch [298ms]
[2022-08-01T11:01:49.260Z] > git status -z -uall [8ms]
[2022-08-01T11:01:49.266Z] > git symbolic-ref --short HEAD [2ms]
[2022-08-01T11:01:49.271Z] > git for-each-ref --format=%(refname)%00%(upstream:short)%00%(objectname)%00%(upstream:track)%00%(upstream:remotename)%00%(upstream:remoteref) refs/heads/master refs/remotes/master [2ms]
[2022-08-01T11:01:49.280Z] > git for-each-ref --sort -committerdate --format %(refname) %(objectname) %(*objectname) [5ms]
[2022-08-01T11:01:49.282Z] > git remote --verbose [2ms]
[2022-08-01T11:01:49.290Z] > git config --get commit.template [2ms]
[2022-08-01T11:04:49.599Z] > git fetch [302ms]
[2022-08-01T11:04:49.614Z] > git status -z -uall [9ms]
[2022-08-01T11:04:49.619Z] > git symbolic-ref --short HEAD [2ms]
[2022-08-01T11:04:49.625Z] > git for-each-ref --format=%(refname)%00%(upstream:short)%00%(objectname)%00%(upstream:track)%00%(upstream:remotename)%00%(upstream:remoteref) refs/heads/master refs/remotes/master [2ms]
[2022-08-01T11:04:49.639Z] > git for-each-ref --sort -committerdate --format %(refname) %(objectname) %(*objectname) [9ms]
[2022-08-01T11:04:49.641Z] > git remote --verbose [8ms]
[2022-08-01T11:04:49.648Z] > git config --get commit.template [2ms]
[2022-08-01T11:07:49.945Z] > git fetch [291ms]
[2022-08-01T11:07:49.960Z] > git status -z -uall [11ms]
[2022-08-01T11:07:49.966Z] > git symbolic-ref --short HEAD [2ms]
[2022-08-01T11:07:49.973Z] > git for-each-ref --format=%(refname)%00%(upstream:short)%00%(objectname)%00%(upstream:track)%00%(upstream:remotename)%00%(upstream:remoteref) refs/heads/master refs/remotes/master [2ms]
[2022-08-01T11:07:49.982Z] > git for-each-ref --sort -committerdate --format %(refname) %(objectname) %(*objectname) [5ms]
[2022-08-01T11:07:49.984Z] > git remote --verbose [2ms]
[2022-08-01T11:07:49.995Z] > git config --get commit.template [1ms]
[2022-08-01T11:10:50.312Z] > git fetch [307ms]
[2022-08-01T11:10:50.325Z] > git status -z -uall [9ms]
[2022-08-01T11:10:50.332Z] > git symbolic-ref --short HEAD [2ms]
[2022-08-01T11:10:50.337Z] > git for-each-ref --format=%(refname)%00%(upstream:short)%00%(objectname)%00%(upstream:track)%00%(upstream:remotename)%00%(upstream:remoteref) refs/heads/master refs/remotes/master [1ms]
[2022-08-01T11:10:50.347Z] > git for-each-ref --sort -committerdate --format %(refname) %(objectname) %(*objectname) [5ms]
[2022-08-01T11:10:50.348Z] > git remote --verbose [2ms]
[2022-08-01T11:10:50.355Z] > git config --get commit.template [1ms]
[2022-08-01T11:13:50.650Z] > git fetch [289ms]
[2022-08-01T11:13:50.662Z] > git status -z -uall [7ms]
[2022-08-01T11:13:50.668Z] > git symbolic-ref --short HEAD [2ms]
[2022-08-01T11:13:50.672Z] > git for-each-ref --format=%(refname)%00%(upstream:short)%00%(objectname)%00%(upstream:track)%00%(upstream:remotename)%00%(upstream:remoteref) refs/heads/master refs/remotes/master [1ms]
[2022-08-01T11:13:50.680Z] > git for-each-ref --sort -committerdate --format %(refname) %(objectname) %(*objectname) [5ms]
[2022-08-01T11:13:50.682Z] > git remote --verbose [2ms]
[2022-08-01T11:13:50.688Z] > git config --get commit.template [2ms]
[2022-08-01T11:16:50.978Z] > git fetch [283ms]
[2022-08-01T11:16:50.992Z] > git status -z -uall [10ms]
[2022-08-01T11:16:51.006Z] > git symbolic-ref --short HEAD [9ms]
[2022-08-01T11:16:51.016Z] > git for-each-ref --format=%(refname)%00%(upstream:short)%00%(objectname)%00%(upstream:track)%00%(upstream:remotename)%00%(upstream:remoteref) refs/heads/master refs/remotes/master [4ms]
[2022-08-01T11:16:51.026Z] > git for-each-ref --sort -committerdate --format %(refname) %(objectname) %(*objectname) [6ms]
[2022-08-01T11:16:51.028Z] > git remote --verbose [2ms]
[2022-08-01T11:16:51.035Z] > git config --get commit.template [1ms]
[2022-08-01T11:19:51.323Z] > git fetch [282ms]
[2022-08-01T11:19:51.334Z] > git status -z -uall [8ms]
[2022-08-01T11:19:51.340Z] > git symbolic-ref --short HEAD [2ms]
[2022-08-01T11:19:51.345Z] > git for-each-ref --format=%(refname)%00%(upstream:short)%00%(objectname)%00%(upstream:track)%00%(upstream:remotename)%00%(upstream:remoteref) refs/heads/master refs/remotes/master [2ms]
[2022-08-01T11:19:51.363Z] > git for-each-ref --sort -committerdate --format %(refname) %(objectname) %(*objectname) [4ms]
[2022-08-01T11:19:51.364Z] > git remote --verbose [2ms]
[2022-08-01T11:19:51.370Z] > git config --get commit.template [1ms]
[2022-08-01T11:22:51.678Z] > git fetch [300ms]
[2022-08-01T11:22:51.694Z] > git status -z -uall [11ms]
[2022-08-01T11:22:51.701Z] > git symbolic-ref --short HEAD [2ms]
[2022-08-01T11:22:51.707Z] > git for-each-ref --format=%(refname)%00%(upstream:short)%00%(objectname)%00%(upstream:track)%00%(upstream:remotename)%00%(upstream:remoteref) refs/heads/master refs/remotes/master [2ms]
[2022-08-01T11:22:51.717Z] > git for-each-ref --sort -committerdate --format %(refname) %(objectname) %(*objectname) [6ms]
[2022-08-01T11:22:51.719Z] > git remote --verbose [3ms]
[2022-08-01T11:22:51.728Z] > git config --get commit.template [2ms]
[2022-08-01T11:25:52.036Z] > git fetch [300ms]
[2022-08-01T11:25:52.052Z] > git status -z -uall [11ms]
[2022-08-01T11:25:52.060Z] > git symbolic-ref --short HEAD [2ms]
[2022-08-01T11:25:52.068Z] > git for-each-ref --format=%(refname)%00%(upstream:short)%00%(objectname)%00%(upstream:track)%00%(upstream:remotename)%00%(upstream:remoteref) refs/heads/master refs/remotes/master [3ms]
[2022-08-01T11:25:52.079Z] > git for-each-ref --sort -committerdate --format %(refname) %(objectname) %(*objectname) [7ms]
[2022-08-01T11:25:52.081Z] > git remote --verbose [3ms]
[2022-08-01T11:25:52.089Z] > git config --get commit.template [1ms]
[2022-08-01T11:28:52.380Z] > git fetch [285ms]
[2022-08-01T11:28:52.391Z] > git status -z -uall [7ms]
[2022-08-01T11:28:52.396Z] > git symbolic-ref --short HEAD [1ms]
[2022-08-01T11:28:52.401Z] > git for-each-ref --format=%(refname)%00%(upstream:short)%00%(objectname)%00%(upstream:track)%00%(upstream:remotename)%00%(upstream:remoteref) refs/heads/master refs/remotes/master [2ms]
[2022-08-01T11:28:52.410Z] > git for-each-ref --sort -committerdate --format %(refname) %(objectname) %(*objectname) [5ms]
[2022-08-01T11:28:52.412Z] > git remote --verbose [2ms]
[2022-08-01T11:28:52.418Z] > git config --get commit.template [1ms]
[2022-08-01T11:31:52.717Z] > git fetch [292ms]
[2022-08-01T11:31:52.734Z] > git status -z -uall [11ms]
[2022-08-01T11:31:52.740Z] > git symbolic-ref --short HEAD [1ms]
[2022-08-01T11:31:52.746Z] > git for-each-ref --format=%(refname)%00%(upstream:short)%00%(objectname)%00%(upstream:track)%00%(upstream:remotename)%00%(upstream:remoteref) refs/heads/master refs/remotes/master [2ms]
[2022-08-01T11:31:52.756Z] > git for-each-ref --sort -committerdate --format %(refname) %(objectname) %(*objectname) [6ms]
[2022-08-01T11:31:52.757Z] > git remote --verbose [3ms]
[2022-08-01T11:31:52.763Z] > git config --get commit.template [1ms]
[2022-08-01T11:34:53.057Z] > git fetch [288ms]
[2022-08-01T11:34:53.068Z] > git status -z -uall [7ms]
[2022-08-01T11:34:53.074Z] > git symbolic-ref --short HEAD [2ms]
[2022-08-01T11:34:53.079Z] > git for-each-ref --format=%(refname)%00%(upstream:short)%00%(objectname)%00%(upstream:track)%00%(upstream:remotename)%00%(upstream:remoteref) refs/heads/master refs/remotes/master [1ms]
[2022-08-01T11:34:53.089Z] > git for-each-ref --sort -committerdate --format %(refname) %(objectname) %(*objectname) [8ms]
[2022-08-01T11:34:53.096Z] > git remote --verbose [9ms]
[2022-08-01T11:34:53.103Z] > git config --get commit.template [1ms]
[2022-08-01T11:37:53.403Z] > git fetch [289ms]
[2022-08-01T11:37:53.418Z] > git status -z -uall [10ms]
[2022-08-01T11:37:53.424Z] > git symbolic-ref --short HEAD [1ms]
[2022-08-01T11:37:53.429Z] > git for-each-ref --format=%(refname)%00%(upstream:short)%00%(objectname)%00%(upstream:track)%00%(upstream:remotename)%00%(upstream:remoteref) refs/heads/master refs/remotes/master [1ms]
[2022-08-01T11:37:53.438Z] > git for-each-ref --sort -committerdate --format %(refname) %(objectname) %(*objectname) [5ms]
[2022-08-01T11:37:53.440Z] > git remote --verbose [2ms]
[2022-08-01T11:37:53.453Z] > git config --get commit.template [2ms]
[2022-08-01T11:40:53.751Z] > git fetch [291ms]
[2022-08-01T11:40:53.763Z] > git status -z -uall [7ms]
[2022-08-01T11:40:53.767Z] > git symbolic-ref --short HEAD [1ms]
[2022-08-01T11:40:53.771Z] > git for-each-ref --format=%(refname)%00%(upstream:short)%00%(objectname)%00%(upstream:track)%00%(upstream:remotename)%00%(upstream:remoteref) refs/heads/master refs/remotes/master [1ms]
[2022-08-01T11:40:53.778Z] > git for-each-ref --sort -committerdate --format %(refname) %(objectname) %(*objectname) [4ms]
[2022-08-01T11:40:53.779Z] > git remote --verbose [2ms]
[2022-08-01T11:40:53.784Z] > git config --get commit.template [1ms]
[2022-08-01T11:43:54.083Z] > git fetch [291ms]
[2022-08-01T11:43:54.095Z] > git status -z -uall [8ms]
[2022-08-01T11:43:54.100Z] > git symbolic-ref --short HEAD [2ms]
[2022-08-01T11:43:54.105Z] > git for-each-ref --format=%(refname)%00%(upstream:short)%00%(objectname)%00%(upstream:track)%00%(upstream:remotename)%00%(upstream:remoteref) refs/heads/master refs/remotes/master [1ms]
[2022-08-01T11:43:54.114Z] > git for-each-ref --sort -committerdate --format %(refname) %(objectname) %(*objectname) [5ms]
[2022-08-01T11:43:54.116Z] > git remote --verbose [2ms]
[2022-08-01T11:43:54.123Z] > git config --get commit.template [1ms]
[2022-08-01T11:46:54.411Z] > git fetch [277ms]
[2022-08-01T11:46:54.427Z] > git status -z -uall [11ms]
[2022-08-01T11:46:54.434Z] > git symbolic-ref --short HEAD [2ms]
[2022-08-01T11:46:54.440Z] > git for-each-ref --format=%(refname)%00%(upstream:short)%00%(objectname)%00%(upstream:track)%00%(upstream:remotename)%00%(upstream:remoteref) refs/heads/master refs/remotes/master [2ms]
[2022-08-01T11:46:54.451Z] > git for-each-ref --sort -committerdate --format %(refname) %(objectname) %(*objectname) [7ms]
[2022-08-01T11:46:54.453Z] > git remote --verbose [3ms]
[2022-08-01T11:46:54.461Z] > git config --get commit.template [1ms]
[2022-08-01T11:49:54.755Z] > git fetch [282ms]
[2022-08-01T11:49:54.769Z] > git status -z -uall [9ms]
[2022-08-01T11:49:54.777Z] > git symbolic-ref --short HEAD [2ms]
[2022-08-01T11:49:54.784Z] > git for-each-ref --format=%(refname)%00%(upstream:short)%00%(objectname)%00%(upstream:track)%00%(upstream:remotename)%00%(upstream:remoteref) refs/heads/master refs/remotes/master [1ms]
[2022-08-01T11:49:54.796Z] > git for-each-ref --sort -committerdate --format %(refname) %(objectname) %(*objectname) [6ms]
[2022-08-01T11:49:54.799Z] > git remote --verbose [3ms]
[2022-08-01T11:49:54.808Z] > git config --get commit.template [2ms]
[2022-08-01T11:52:55.103Z] > git fetch [288ms]
[2022-08-01T11:52:55.118Z] > git status -z -uall [10ms]
[2022-08-01T11:52:55.125Z] > git symbolic-ref --short HEAD [2ms]
[2022-08-01T11:52:55.129Z] > git for-each-ref --format=%(refname)%00%(upstream:short)%00%(objectname)%00%(upstream:track)%00%(upstream:remotename)%00%(upstream:remoteref) refs/heads/master refs/remotes/master [1ms]
[2022-08-01T11:52:55.138Z] > git for-each-ref --sort -committerdate --format %(refname) %(objectname) %(*objectname) [6ms]
[2022-08-01T11:52:55.139Z] > git remote --verbose [2ms]
[2022-08-01T11:52:55.146Z] > git config --get commit.template [2ms]
[2022-08-01T11:55:55.441Z] > git fetch [287ms]
[2022-08-01T11:55:55.454Z] > git status -z -uall [8ms]
[2022-08-01T11:55:55.461Z] > git symbolic-ref --short HEAD [2ms]
[2022-08-01T11:55:55.466Z] > git for-each-ref --format=%(refname)%00%(upstream:short)%00%(objectname)%00%(upstream:track)%00%(upstream:remotename)%00%(upstream:remoteref) refs/heads/master refs/remotes/master [2ms]
[2022-08-01T11:55:55.475Z] > git for-each-ref --sort -committerdate --format %(refname) %(objectname) %(*objectname) [5ms]
[2022-08-01T11:55:55.477Z] > git remote --verbose [2ms]
[2022-08-01T11:55:55.483Z] > git config --get commit.template [1ms]
[2022-08-01T11:58:55.768Z] > git fetch [277ms]
[2022-08-01T11:58:55.781Z] > git status -z -uall [8ms]
[2022-08-01T11:58:55.786Z] > git symbolic-ref --short HEAD [2ms]
[2022-08-01T11:58:55.790Z] > git for-each-ref --format=%(refname)%00%(upstream:short)%00%(objectname)%00%(upstream:track)%00%(upstream:remotename)%00%(upstream:remoteref) refs/heads/master refs/remotes/master [1ms]
[2022-08-01T11:58:55.797Z] > git for-each-ref --sort -committerdate --format %(refname) %(objectname) %(*objectname) [4ms]
[2022-08-01T11:58:55.798Z] > git remote --verbose [1ms]
[2022-08-01T11:58:55.805Z] > git config --get commit.template [2ms]
[2022-08-01T12:01:56.106Z] > git fetch [291ms]
[2022-08-01T12:01:56.118Z] > git status -z -uall [8ms]
[2022-08-01T12:01:56.124Z] > git symbolic-ref --short HEAD [1ms]
[2022-08-01T12:01:56.130Z] > git for-each-ref --format=%(refname)%00%(upstream:short)%00%(objectname)%00%(upstream:track)%00%(upstream:remotename)%00%(upstream:remoteref) refs/heads/master refs/remotes/master [2ms]
[2022-08-01T12:01:56.140Z] > git for-each-ref --sort -committerdate --format %(refname) %(objectname) %(*objectname) [6ms]
[2022-08-01T12:01:56.141Z] > git remote --verbose [2ms]
[2022-08-01T12:01:56.149Z] > git config --get commit.template [2ms]
[2022-08-01T12:04:56.442Z] > git fetch [287ms]
[2022-08-01T12:04:56.455Z] > git status -z -uall [8ms]
[2022-08-01T12:04:56.463Z] > git symbolic-ref --short HEAD [2ms]
[2022-08-01T12:04:56.469Z] > git for-each-ref --format=%(refname)%00%(upstream:short)%00%(objectname)%00%(upstream:track)%00%(upstream:remotename)%00%(upstream:remoteref) refs/heads/master refs/remotes/master [2ms]
[2022-08-01T12:04:56.479Z] > git for-each-ref --sort -committerdate --format %(refname) %(objectname) %(*objectname) [5ms]
[2022-08-01T12:04:56.481Z] > git remote --verbose [3ms]
[2022-08-01T12:04:56.488Z] > git config --get commit.template [2ms]
[2022-08-01T12:07:56.797Z] > git fetch [301ms]
[2022-08-01T12:07:56.810Z] > git status -z -uall [9ms]
[2022-08-01T12:07:56.816Z] > git symbolic-ref --short HEAD [2ms]
[2022-08-01T12:07:56.821Z] > git for-each-ref --format=%(refname)%00%(upstream:short)%00%(objectname)%00%(upstream:track)%00%(upstream:remotename)%00%(upstream:remoteref) refs/heads/master refs/remotes/master [1ms]
[2022-08-01T12:07:56.829Z] > git for-each-ref --sort -committerdate --format %(refname) %(objectname) %(*objectname) [5ms]
[2022-08-01T12:07:56.831Z] > git remote --verbose [3ms]
[2022-08-01T12:07:56.837Z] > git config --get commit.template [1ms]
[2022-08-01T12:10:57.131Z] > git fetch [287ms]
[2022-08-01T12:10:57.148Z] > git status -z -uall [11ms]
[2022-08-01T12:10:57.158Z] > git symbolic-ref --short HEAD [1ms]
[2022-08-01T12:10:57.164Z] > git for-each-ref --format=%(refname)%00%(upstream:short)%00%(objectname)%00%(upstream:track)%00%(upstream:remotename)%00%(upstream:remoteref) refs/heads/master refs/remotes/master [1ms]
[2022-08-01T12:10:57.174Z] > git for-each-ref --sort -committerdate --format %(refname) %(objectname) %(*objectname) [6ms]
[2022-08-01T12:10:57.175Z] > git remote --verbose [2ms]
[2022-08-01T12:10:57.182Z] > git config --get commit.template [1ms]
[2022-08-01T12:13:57.478Z] > git fetch [286ms]
[2022-08-01T12:13:57.491Z] > git status -z -uall [8ms]
[2022-08-01T12:13:57.498Z] > git symbolic-ref --short HEAD [2ms]
[2022-08-01T12:13:57.502Z] > git for-each-ref --format=%(refname)%00%(upstream:short)%00%(objectname)%00%(upstream:track)%00%(upstream:remotename)%00%(upstream:remoteref) refs/heads/master refs/remotes/master [1ms]
[2022-08-01T12:13:57.511Z] > git for-each-ref --sort -committerdate --format %(refname) %(objectname) %(*objectname) [5ms]
[2022-08-01T12:13:57.513Z] > git remote --verbose [2ms]
[2022-08-01T12:13:57.519Z] > git config --get commit.template [1ms]
[2022-08-01T12:16:57.822Z] > git fetch [296ms]
[2022-08-01T12:16:57.834Z] > git status -z -uall [7ms]
[2022-08-01T12:16:57.839Z] > git symbolic-ref --short HEAD [1ms]
[2022-08-01T12:16:57.845Z] > git for-each-ref --format=%(refname)%00%(upstream:short)%00%(objectname)%00%(upstream:track)%00%(upstream:remotename)%00%(upstream:remoteref) refs/heads/master refs/remotes/master [2ms]
[2022-08-01T12:16:57.854Z] > git for-each-ref --sort -committerdate --format %(refname) %(objectname) %(*objectname) [5ms]
[2022-08-01T12:16:57.855Z] > git remote --verbose [1ms]
[2022-08-01T12:16:57.861Z] > git config --get commit.template [1ms]
[2022-08-01T12:19:58.148Z] > git fetch [282ms]
[2022-08-01T12:19:58.160Z] > git status -z -uall [8ms]
[2022-08-01T12:19:58.167Z] > git symbolic-ref --short HEAD [2ms]
[2022-08-01T12:19:58.173Z] > git for-each-ref --format=%(refname)%00%(upstream:short)%00%(objectname)%00%(upstream:track)%00%(upstream:remotename)%00%(upstream:remoteref) refs/heads/master refs/remotes/master [2ms]
[2022-08-01T12:19:58.183Z] > git for-each-ref --sort -committerdate --format %(refname) %(objectname) %(*objectname) [6ms]
[2022-08-01T12:19:58.185Z] > git remote --verbose [3ms]
[2022-08-01T12:19:58.192Z] > git config --get commit.template [1ms]
[2022-08-01T12:22:58.495Z] > git fetch [295ms]
[2022-08-01T12:22:58.507Z] > git status -z -uall [8ms]
[2022-08-01T12:22:58.515Z] > git symbolic-ref --short HEAD [2ms]
[2022-08-01T12:22:58.519Z] > git for-each-ref --format=%(refname)%00%(upstream:short)%00%(objectname)%00%(upstream:track)%00%(upstream:remotename)%00%(upstream:remoteref) refs/heads/master refs/remotes/master [1ms]
[2022-08-01T12:22:58.534Z] > git for-each-ref --sort -committerdate --format %(refname) %(objectname) %(*objectname) [6ms]
[2022-08-01T12:22:58.536Z] > git remote --verbose [2ms]
[2022-08-01T12:22:58.545Z] > git config --get commit.template [2ms]
[2022-08-01T12:25:58.833Z] > git fetch [279ms]
[2022-08-01T12:25:58.845Z] > git status -z -uall [8ms]
[2022-08-01T12:25:58.851Z] > git symbolic-ref --short HEAD [2ms]
[2022-08-01T12:25:58.861Z] > git for-each-ref --format=%(refname)%00%(upstream:short)%00%(objectname)%00%(upstream:track)%00%(upstream:remotename)%00%(upstream:remoteref) refs/heads/master refs/remotes/master [6ms]
[2022-08-01T12:25:58.871Z] > git for-each-ref --sort -committerdate --format %(refname) %(objectname) %(*objectname) [6ms]
[2022-08-01T12:25:58.872Z] > git remote --verbose [2ms]
[2022-08-01T12:25:58.880Z] > git config --get commit.template [2ms]
[2022-08-01T12:28:59.169Z] > git fetch [283ms]
[2022-08-01T12:28:59.182Z] > git status -z -uall [9ms]
[2022-08-01T12:28:59.188Z] > git symbolic-ref --short HEAD [2ms]
[2022-08-01T12:28:59.192Z] > git for-each-ref --format=%(refname)%00%(upstream:short)%00%(objectname)%00%(upstream:track)%00%(upstream:remotename)%00%(upstream:remoteref) refs/heads/master refs/remotes/master [2ms]
[2022-08-01T12:28:59.200Z] > git for-each-ref --sort -committerdate --format %(refname) %(objectname) %(*objectname) [5ms]
[2022-08-01T12:28:59.202Z] > git remote --verbose [2ms]
[2022-08-01T12:28:59.208Z] > git config --get commit.template [2ms]
[2022-08-01T12:31:59.529Z] > git fetch [313ms]
[2022-08-01T12:31:59.546Z] > git status -z -uall [11ms]
[2022-08-01T12:31:59.553Z] > git symbolic-ref --short HEAD [1ms]
[2022-08-01T12:31:59.559Z] > git for-each-ref --format=%(refname)%00%(upstream:short)%00%(objectname)%00%(upstream:track)%00%(upstream:remotename)%00%(upstream:remoteref) refs/heads/master refs/remotes/master [1ms]
[2022-08-01T12:31:59.570Z] > git for-each-ref --sort -committerdate --format %(refname) %(objectname) %(*objectname) [6ms]
[2022-08-01T12:31:59.571Z] > git remote --verbose [3ms]
[2022-08-01T12:31:59.578Z] > git config --get commit.template [1ms]
[2022-08-01T12:34:59.864Z] > git fetch [274ms]
[2022-08-01T12:34:59.877Z] > git status -z -uall [8ms]
[2022-08-01T12:34:59.882Z] > git symbolic-ref --short HEAD [1ms]
[2022-08-01T12:34:59.886Z] > git for-each-ref --format=%(refname)%00%(upstream:short)%00%(objectname)%00%(upstream:track)%00%(upstream:remotename)%00%(upstream:remoteref) refs/heads/master refs/remotes/master [1ms]
[2022-08-01T12:34:59.892Z] > git for-each-ref --sort -committerdate --format %(refname) %(objectname) %(*objectname) [4ms]
[2022-08-01T12:34:59.894Z] > git remote --verbose [2ms]
[2022-08-01T12:34:59.900Z] > git config --get commit.template [1ms]
[2022-08-01T12:38:00.195Z] > git fetch [287ms]
[2022-08-01T12:38:00.207Z] > git status -z -uall [8ms]
[2022-08-01T12:38:00.213Z] > git symbolic-ref --short HEAD [2ms]
[2022-08-01T12:38:00.218Z] > git for-each-ref --format=%(refname)%00%(upstream:short)%00%(objectname)%00%(upstream:track)%00%(upstream:remotename)%00%(upstream:remoteref) refs/heads/master refs/remotes/master [1ms]
[2022-08-01T12:38:00.228Z] > git for-each-ref --sort -committerdate --format %(refname) %(objectname) %(*objectname) [6ms]
[2022-08-01T12:38:00.229Z] > git remote --verbose [2ms]
[2022-08-01T12:38:00.236Z] > git config --get commit.template [1ms]
[2022-08-01T12:41:00.536Z] > git fetch [292ms]
[2022-08-01T12:41:00.547Z] > git status -z -uall [7ms]
[2022-08-01T12:41:00.553Z] > git symbolic-ref --short HEAD [1ms]
[2022-08-01T12:41:00.558Z] > git for-each-ref --format=%(refname)%00%(upstream:short)%00%(objectname)%00%(upstream:track)%00%(upstream:remotename)%00%(upstream:remoteref) refs/heads/master refs/remotes/master [2ms]
[2022-08-01T12:41:00.566Z] > git for-each-ref --sort -committerdate --format %(refname) %(objectname) %(*objectname) [5ms]
[2022-08-01T12:41:00.567Z] > git remote --verbose [2ms]
[2022-08-01T12:41:00.574Z] > git config --get commit.template [2ms]
[2022-08-01T12:44:00.884Z] > git fetch [304ms]
[2022-08-01T12:44:00.897Z] > git status -z -uall [7ms]
[2022-08-01T12:44:00.903Z] > git symbolic-ref --short HEAD [1ms]
[2022-08-01T12:44:00.910Z] > git for-each-ref --format=%(refname)%00%(upstream:short)%00%(objectname)%00%(upstream:track)%00%(upstream:remotename)%00%(upstream:remoteref) refs/heads/master refs/remotes/master [2ms]
[2022-08-01T12:44:00.920Z] > git for-each-ref --sort -committerdate --format %(refname) %(objectname) %(*objectname) [5ms]
[2022-08-01T12:44:00.921Z] > git remote --verbose [2ms]
[2022-08-01T12:44:00.928Z] > git config --get commit.template [1ms]
[2022-08-01T12:47:01.231Z] > git fetch [293ms]
[2022-08-01T12:47:01.247Z] > git status -z -uall [10ms]
[2022-08-01T12:47:01.254Z] > git symbolic-ref --short HEAD [3ms]
[2022-08-01T12:47:01.260Z] > git for-each-ref --format=%(refname)%00%(upstream:short)%00%(objectname)%00%(upstream:track)%00%(upstream:remotename)%00%(upstream:remoteref) refs/heads/master refs/remotes/master [2ms]
[2022-08-01T12:47:01.273Z] > git for-each-ref --sort -committerdate --format %(refname) %(objectname) %(*objectname) [7ms]
[2022-08-01T12:47:01.275Z] > git remote --verbose [3ms]
[2022-08-01T12:47:01.283Z] > git config --get commit.template [1ms]
[2022-08-01T12:50:01.607Z] > git fetch [315ms]
[2022-08-01T12:50:01.623Z] > git status -z -uall [10ms]
[2022-08-01T12:50:01.630Z] > git symbolic-ref --short HEAD [1ms]
[2022-08-01T12:50:01.636Z] > git for-each-ref --format=%(refname)%00%(upstream:short)%00%(objectname)%00%(upstream:track)%00%(upstream:remotename)%00%(upstream:remoteref) refs/heads/master refs/remotes/master [1ms]
[2022-08-01T12:50:01.648Z] > git for-each-ref --sort -committerdate --format %(refname) %(objectname) %(*objectname) [7ms]
[2022-08-01T12:50:01.651Z] > git remote --verbose [3ms]
[2022-08-01T12:50:01.659Z] > git config --get commit.template [1ms]
[2022-08-01T12:53:02.001Z] > git fetch [333ms]
[2022-08-01T12:53:02.017Z] > git status -z -uall [11ms]
[2022-08-01T12:53:02.024Z] > git symbolic-ref --short HEAD [1ms]
[2022-08-01T12:53:02.032Z] > git for-each-ref --format=%(refname)%00%(upstream:short)%00%(objectname)%00%(upstream:track)%00%(upstream:remotename)%00%(upstream:remoteref) refs/heads/master refs/remotes/master [2ms]
[2022-08-01T12:53:02.043Z] > git for-each-ref --sort -committerdate --format %(refname) %(objectname) %(*objectname) [7ms]
[2022-08-01T12:53:02.044Z] > git remote --verbose [2ms]
[2022-08-01T12:53:02.052Z] > git config --get commit.template [1ms]
[2022-08-01T12:56:02.356Z] > git fetch [295ms]
[2022-08-01T12:56:02.370Z] > git status -z -uall [9ms]
[2022-08-01T12:56:02.376Z] > git symbolic-ref --short HEAD [1ms]
[2022-08-01T12:56:02.381Z] > git for-each-ref --format=%(refname)%00%(upstream:short)%00%(objectname)%00%(upstream:track)%00%(upstream:remotename)%00%(upstream:remoteref) refs/heads/master refs/remotes/master [1ms]
[2022-08-01T12:56:02.391Z] > git for-each-ref --sort -committerdate --format %(refname) %(objectname) %(*objectname) [6ms]
[2022-08-01T12:56:02.392Z] > git remote --verbose [2ms]
[2022-08-01T12:56:02.400Z] > git config --get commit.template [1ms]
[2022-08-01T12:59:02.708Z] > git fetch [298ms]
[2022-08-01T12:59:02.720Z] > git status -z -uall [8ms]
[2022-08-01T12:59:02.726Z] > git symbolic-ref --short HEAD [1ms]
[2022-08-01T12:59:02.731Z] > git for-each-ref --format=%(refname)%00%(upstream:short)%00%(objectname)%00%(upstream:track)%00%(upstream:remotename)%00%(upstream:remoteref) refs/heads/master refs/remotes/master [2ms]
[2022-08-01T12:59:02.739Z] > git for-each-ref --sort -committerdate --format %(refname) %(objectname) %(*objectname) [4ms]
[2022-08-01T12:59:02.741Z] > git remote --verbose [2ms]
[2022-08-01T12:59:02.749Z] > git config --get commit.template [2ms]
[2022-08-01T13:02:03.076Z] > git fetch [320ms]
[2022-08-01T13:02:03.090Z] > git status -z -uall [9ms]
[2022-08-01T13:02:03.098Z] > git symbolic-ref --short HEAD [2ms]
[2022-08-01T13:02:03.106Z] > git for-each-ref --format=%(refname)%00%(upstream:short)%00%(objectname)%00%(upstream:track)%00%(upstream:remotename)%00%(upstream:remoteref) refs/heads/master refs/remotes/master [2ms]
[2022-08-01T13:02:03.118Z] > git for-each-ref --sort -committerdate --format %(refname) %(objectname) %(*objectname) [7ms]
[2022-08-01T13:02:03.120Z] > git remote --verbose [3ms]
[2022-08-01T13:02:03.128Z] > git config --get commit.template [1ms]
[2022-08-01T13:05:03.459Z] > git fetch [322ms]
[2022-08-01T13:05:03.477Z] > git status -z -uall [11ms]
[2022-08-01T13:05:03.486Z] > git symbolic-ref --short HEAD [2ms]
[2022-08-01T13:05:03.492Z] > git for-each-ref --format=%(refname)%00%(upstream:short)%00%(objectname)%00%(upstream:track)%00%(upstream:remotename)%00%(upstream:remoteref) refs/heads/master refs/remotes/master [2ms]
[2022-08-01T13:05:03.502Z] > git for-each-ref --sort -committerdate --format %(refname) %(objectname) %(*objectname) [6ms]
[2022-08-01T13:05:03.504Z] > git remote --verbose [2ms]
[2022-08-01T13:05:03.516Z] > git config --get commit.template [1ms]
[2022-08-01T13:08:03.824Z] > git fetch [298ms]
[2022-08-01T13:08:03.837Z] > git status -z -uall [8ms]
[2022-08-01T13:08:03.844Z] > git symbolic-ref --short HEAD [2ms]
[2022-08-01T13:08:03.848Z] > git for-each-ref --format=%(refname)%00%(upstream:short)%00%(objectname)%00%(upstream:track)%00%(upstream:remotename)%00%(upstream:remoteref) refs/heads/master refs/remotes/master [1ms]
[2022-08-01T13:08:03.858Z] > git for-each-ref --sort -committerdate --format %(refname) %(objectname) %(*objectname) [6ms]
[2022-08-01T13:08:03.859Z] > git remote --verbose [2ms]
[2022-08-01T13:08:03.871Z] > git config --get commit.template [3ms]
[2022-08-01T13:11:04.172Z] > git fetch [293ms]
[2022-08-01T13:11:04.187Z] > git status -z -uall [8ms]
[2022-08-01T13:11:04.194Z] > git symbolic-ref --short HEAD [1ms]
[2022-08-01T13:11:04.200Z] > git for-each-ref --format=%(refname)%00%(upstream:short)%00%(objectname)%00%(upstream:track)%00%(upstream:remotename)%00%(upstream:remoteref) refs/heads/master refs/remotes/master [1ms]
[2022-08-01T13:11:04.209Z] > git for-each-ref --sort -committerdate --format %(refname) %(objectname) %(*objectname) [5ms]
[2022-08-01T13:11:04.212Z] > git remote --verbose [4ms]
[2022-08-01T13:11:04.219Z] > git config --get commit.template [2ms]
[2022-08-01T13:14:04.522Z] > git fetch [294ms]
[2022-08-01T13:14:04.535Z] > git status -z -uall [8ms]
[2022-08-01T13:14:04.542Z] > git symbolic-ref --short HEAD [1ms]
[2022-08-01T13:14:04.548Z] > git for-each-ref --format=%(refname)%00%(upstream:short)%00%(objectname)%00%(upstream:track)%00%(upstream:remotename)%00%(upstream:remoteref) refs/heads/master refs/remotes/master [2ms]
[2022-08-01T13:14:04.559Z] > git for-each-ref --sort -committerdate --format %(refname) %(objectname) %(*objectname) [7ms]
[2022-08-01T13:14:04.561Z] > git remote --verbose [3ms]
[2022-08-01T13:14:04.569Z] > git config --get commit.template [1ms]
[2022-08-01T13:17:04.876Z] > git fetch [299ms]
[2022-08-01T13:17:04.894Z] > git status -z -uall [10ms]
[2022-08-01T13:17:04.902Z] > git symbolic-ref --short HEAD [2ms]
[2022-08-01T13:17:04.914Z] > git for-each-ref --format=%(refname)%00%(upstream:short)%00%(objectname)%00%(upstream:track)%00%(upstream:remotename)%00%(upstream:remoteref) refs/heads/master refs/remotes/master [5ms]
[2022-08-01T13:17:04.926Z] > git for-each-ref --sort -committerdate --format %(refname) %(objectname) %(*objectname) [5ms]
[2022-08-01T13:17:04.928Z] > git remote --verbose [2ms]
[2022-08-01T13:17:04.938Z] > git config --get commit.template [1ms]
[2022-08-01T13:20:05.251Z] > git fetch [306ms]
[2022-08-01T13:20:05.267Z] > git status -z -uall [10ms]
[2022-08-01T13:20:05.273Z] > git symbolic-ref --short HEAD [2ms]
[2022-08-01T13:20:05.278Z] > git for-each-ref --format=%(refname)%00%(upstream:short)%00%(objectname)%00%(upstream:track)%00%(upstream:remotename)%00%(upstream:remoteref) refs/heads/master refs/remotes/master [2ms]
[2022-08-01T13:20:05.287Z] > git for-each-ref --sort -committerdate --format %(refname) %(objectname) %(*objectname) [5ms]
[2022-08-01T13:20:05.288Z] > git remote --verbose [2ms]
[2022-08-01T13:20:05.296Z] > git config --get commit.template [2ms]
[2022-08-01T13:23:05.621Z] > git fetch [309ms]
[2022-08-01T13:23:05.637Z] > git status -z -uall [11ms]
[2022-08-01T13:23:05.645Z] > git symbolic-ref --short HEAD [2ms]
[2022-08-01T13:23:05.651Z] > git for-each-ref --format=%(refname)%00%(upstream:short)%00%(objectname)%00%(upstream:track)%00%(upstream:remotename)%00%(upstream:remoteref) refs/heads/master refs/remotes/master [1ms]
[2022-08-01T13:23:05.662Z] > git for-each-ref --sort -committerdate --format %(refname) %(objectname) %(*objectname) [7ms]
[2022-08-01T13:23:05.664Z] > git remote --verbose [3ms]
[2022-08-01T13:23:05.672Z] > git config --get commit.template [1ms]
[2022-08-01T13:26:05.967Z] > git fetch [288ms]
[2022-08-01T13:26:05.981Z] > git status -z -uall [9ms]
[2022-08-01T13:26:05.989Z] > git symbolic-ref --short HEAD [2ms]
[2022-08-01T13:26:05.996Z] > git for-each-ref --format=%(refname)%00%(upstream:short)%00%(objectname)%00%(upstream:track)%00%(upstream:remotename)%00%(upstream:remoteref) refs/heads/master refs/remotes/master [2ms]
[2022-08-01T13:26:06.007Z] > git for-each-ref --sort -committerdate --format %(refname) %(objectname) %(*objectname) [6ms]
[2022-08-01T13:26:06.009Z] > git remote --verbose [2ms]
[2022-08-01T13:26:06.018Z] > git config --get commit.template [2ms]
[2022-08-01T13:29:06.330Z] > git fetch [304ms]
[2022-08-01T13:29:06.344Z] > git status -z -uall [8ms]
[2022-08-01T13:29:06.350Z] > git symbolic-ref --short HEAD [1ms]
[2022-08-01T13:29:06.357Z] > git for-each-ref --format=%(refname)%00%(upstream:short)%00%(objectname)%00%(upstream:track)%00%(upstream:remotename)%00%(upstream:remoteref) refs/heads/master refs/remotes/master [2ms]
[2022-08-01T13:29:06.368Z] > git for-each-ref --sort -committerdate --format %(refname) %(objectname) %(*objectname) [6ms]
[2022-08-01T13:29:06.369Z] > git remote --verbose [2ms]
[2022-08-01T13:29:06.379Z] > git config --get commit.template [3ms]
[2022-08-01T13:32:06.689Z] > git fetch [295ms]
[2022-08-01T13:32:06.703Z] > git status -z -uall [8ms]
[2022-08-01T13:32:06.710Z] > git symbolic-ref --short HEAD [2ms]
[2022-08-01T13:32:06.716Z] > git for-each-ref --format=%(refname)%00%(upstream:short)%00%(objectname)%00%(upstream:track)%00%(upstream:remotename)%00%(upstream:remoteref) refs/heads/master refs/remotes/master [1ms]
[2022-08-01T13:32:06.725Z] > git for-each-ref --sort -committerdate --format %(refname) %(objectname) %(*objectname) [6ms]
[2022-08-01T13:32:06.727Z] > git remote --verbose [3ms]
[2022-08-01T13:32:06.734Z] > git config --get commit.template [2ms]
[2022-08-01T13:35:07.030Z] > git fetch [289ms]
[2022-08-01T13:35:07.047Z] > git status -z -uall [11ms]
[2022-08-01T13:35:07.056Z] > git symbolic-ref --short HEAD [2ms]
[2022-08-01T13:35:07.065Z] > git for-each-ref --format=%(refname)%00%(upstream:short)%00%(objectname)%00%(upstream:track)%00%(upstream:remotename)%00%(upstream:remoteref) refs/heads/master refs/remotes/master [1ms]
[2022-08-01T13:35:07.078Z] > git for-each-ref --sort -committerdate --format %(refname) %(objectname) %(*objectname) [8ms]
[2022-08-01T13:35:07.080Z] > git remote --verbose [3ms]
[2022-08-01T13:35:07.089Z] > git config --get commit.template [2ms]
[2022-08-01T13:38:07.388Z] > git fetch [291ms]
[2022-08-01T13:38:07.403Z] > git status -z -uall [9ms]
[2022-08-01T13:38:07.412Z] > git symbolic-ref --short HEAD [3ms]
[2022-08-01T13:38:07.420Z] > git for-each-ref --format=%(refname)%00%(upstream:short)%00%(objectname)%00%(upstream:track)%00%(upstream:remotename)%00%(upstream:remoteref) refs/heads/master refs/remotes/master [2ms]
[2022-08-01T13:38:07.430Z] > git for-each-ref --sort -committerdate --format %(refname) %(objectname) %(*objectname) [6ms]
[2022-08-01T13:38:07.432Z] > git remote --verbose [3ms]
[2022-08-01T13:38:07.441Z] > git config --get commit.template [2ms]
[2022-08-01T13:41:07.736Z] > git fetch [288ms]
[2022-08-01T13:41:07.749Z] > git status -z -uall [9ms]
[2022-08-01T13:41:07.755Z] > git symbolic-ref --short HEAD [1ms]
[2022-08-01T13:41:07.760Z] > git for-each-ref --format=%(refname)%00%(upstream:short)%00%(objectname)%00%(upstream:track)%00%(upstream:remotename)%00%(upstream:remoteref) refs/heads/master refs/remotes/master [1ms]
[2022-08-01T13:41:07.769Z] > git for-each-ref --sort -committerdate --format %(refname) %(objectname) %(*objectname) [5ms]
[2022-08-01T13:41:07.770Z] > git remote --verbose [2ms]
[2022-08-01T13:41:07.778Z] > git config --get commit.template [2ms]
