[2022-08-03T14:43:48.953Z] Log level: Info
[2022-08-03T14:43:48.965Z] [info] Validating found git in: git
[2022-08-03T14:43:49.010Z] [info] Using git 2.20.1 from git
[2022-08-03T14:43:49.103Z] > git rev-parse --show-toplevel [64ms]
[2022-08-03T14:43:49.131Z] > git rev-parse --git-dir --git-common-dir [11ms]
[2022-08-03T14:43:49.141Z] [info] Open repository: /root
[2022-08-03T14:43:49.195Z] > git status -z -uall [40ms]
[2022-08-03T14:43:49.214Z] > git symbolic-ref --short HEAD [12ms]
[2022-08-03T14:43:49.230Z] > git for-each-ref --format=%(refname)%00%(upstream:short)%00%(objectname)%00%(upstream:track)%00%(upstream:remotename)%00%(upstream:remoteref) refs/heads/main refs/remotes/main [6ms]
[2022-08-03T14:43:49.270Z] > git for-each-ref --sort -committerdate --format %(refname) %(objectname) %(*objectname) [30ms]
[2022-08-03T14:43:49.275Z] > git remote --verbose [26ms]
[2022-08-03T14:43:50.531Z] > git config --get commit.template [12ms]
[2022-08-03T14:43:50.641Z] > git status -z -uall [86ms]
[2022-08-03T14:43:50.659Z] > git symbolic-ref --short HEAD [10ms]
[2022-08-03T14:43:50.674Z] > git for-each-ref --format=%(refname)%00%(upstream:short)%00%(objectname)%00%(upstream:track)%00%(upstream:remotename)%00%(upstream:remoteref) refs/heads/main refs/remotes/main [9ms]
[2022-08-03T14:43:50.693Z] > git for-each-ref --sort -committerdate --format %(refname) %(objectname) %(*objectname) [12ms]
[2022-08-03T14:43:50.702Z] > git remote --verbose [12ms]
[2022-08-03T14:43:50.810Z] > git config --get commit.template [5ms]
[2022-08-03T14:43:52.301Z] > git check-ignore -v -z --stdin [11ms]
[2022-08-03T14:44:36.884Z] > git fetch [12ms]
[2022-08-03T14:44:36.910Z] > git status -z -uall [29ms]
[2022-08-03T14:44:36.919Z] > git symbolic-ref --short HEAD [2ms]
[2022-08-03T14:44:36.928Z] > git for-each-ref --format=%(refname)%00%(upstream:short)%00%(objectname)%00%(upstream:track)%00%(upstream:remotename)%00%(upstream:remoteref) refs/heads/main refs/remotes/main [2ms]
[2022-08-03T14:44:36.943Z] > git for-each-ref --sort -committerdate --format %(refname) %(objectname) %(*objectname) [7ms]
[2022-08-03T14:44:36.945Z] > git remote --verbose [3ms]
[2022-08-03T14:44:37.012Z] > git config --get commit.template [1ms]
[2022-08-03T14:44:37.035Z] > git status -z -uall [18ms]
[2022-08-03T14:44:37.044Z] > git symbolic-ref --short HEAD [2ms]
[2022-08-03T14:44:37.050Z] > git for-each-ref --format=%(refname)%00%(upstream:short)%00%(objectname)%00%(upstream:track)%00%(upstream:remotename)%00%(upstream:remoteref) refs/heads/main refs/remotes/main [2ms]
[2022-08-03T14:44:38.373Z] > git remote --verbose [1314ms]
[2022-08-03T14:44:38.374Z] > git for-each-ref --sort -committerdate --format %(refname) %(objectname) %(*objectname) [1319ms]
[2022-08-03T14:44:38.456Z] > git config --get commit.template [3ms]
[2022-08-03T14:44:42.044Z] > git status -z -uall [20ms]
[2022-08-03T14:44:42.050Z] > git symbolic-ref --short HEAD [2ms]
[2022-08-03T14:44:42.055Z] > git for-each-ref --format=%(refname)%00%(upstream:short)%00%(objectname)%00%(upstream:track)%00%(upstream:remotename)%00%(upstream:remoteref) refs/heads/main refs/remotes/main [1ms]
[2022-08-03T14:44:42.063Z] > git for-each-ref --sort -committerdate --format %(refname) %(objectname) %(*objectname) [4ms]
[2022-08-03T14:44:42.065Z] > git remote --verbose [2ms]
[2022-08-03T14:44:42.101Z] > git config --get commit.template [1ms]
[2022-08-03T14:44:46.840Z] > git check-ignore -v -z --stdin [3ms]
[2022-08-03T14:44:52.472Z] > git status -z -uall [14ms]
[2022-08-03T14:44:52.479Z] > git symbolic-ref --short HEAD [2ms]
[2022-08-03T14:44:52.483Z] > git for-each-ref --format=%(refname)%00%(upstream:short)%00%(objectname)%00%(upstream:track)%00%(upstream:remotename)%00%(upstream:remoteref) refs/heads/main refs/remotes/main [1ms]
[2022-08-03T14:44:52.494Z] > git for-each-ref --sort -committerdate --format %(refname) %(objectname) %(*objectname) [7ms]
[2022-08-03T14:44:52.496Z] > git remote --verbose [3ms]
[2022-08-03T14:44:52.542Z] > git config --get commit.template [1ms]
[2022-08-03T14:44:57.569Z] > git status -z -uall [17ms]
[2022-08-03T14:44:57.580Z] > git symbolic-ref --short HEAD [2ms]
[2022-08-03T14:44:57.588Z] > git for-each-ref --format=%(refname)%00%(upstream:short)%00%(objectname)%00%(upstream:track)%00%(upstream:remotename)%00%(upstream:remoteref) refs/heads/main refs/remotes/main [2ms]
[2022-08-03T14:44:57.603Z] > git for-each-ref --sort -committerdate --format %(refname) %(objectname) %(*objectname) [10ms]
[2022-08-03T14:44:57.605Z] > git remote --verbose [3ms]
[2022-08-03T14:44:57.647Z] > git config --get commit.template [2ms]
[2022-08-03T14:45:02.677Z] > git status -z -uall [20ms]
[2022-08-03T14:45:02.687Z] > git symbolic-ref --short HEAD [2ms]
[2022-08-03T14:45:02.698Z] > git for-each-ref --format=%(refname)%00%(upstream:short)%00%(objectname)%00%(upstream:track)%00%(upstream:remotename)%00%(upstream:remoteref) refs/heads/main refs/remotes/main [2ms]
[2022-08-03T14:45:02.712Z] > git for-each-ref --sort -committerdate --format %(refname) %(objectname) %(*objectname) [6ms]
[2022-08-03T14:45:02.714Z] > git remote --verbose [2ms]
[2022-08-03T14:45:02.763Z] > git config --get commit.template [1ms]
[2022-08-03T14:45:08.411Z] > git status -z -uall [17ms]
[2022-08-03T14:45:08.421Z] > git symbolic-ref --short HEAD [2ms]
[2022-08-03T14:45:08.431Z] > git for-each-ref --format=%(refname)%00%(upstream:short)%00%(objectname)%00%(upstream:track)%00%(upstream:remotename)%00%(upstream:remoteref) refs/heads/main refs/remotes/main [1ms]
[2022-08-03T14:45:08.452Z] > git for-each-ref --sort -committerdate --format %(refname) %(objectname) %(*objectname) [11ms]
[2022-08-03T14:45:08.454Z] > git remote --verbose [3ms]
[2022-08-03T14:45:08.535Z] > git config --get commit.template [8ms]
[2022-08-03T14:45:13.570Z] > git status -z -uall [24ms]
[2022-08-03T14:45:13.580Z] > git symbolic-ref --short HEAD [2ms]
[2022-08-03T14:45:13.590Z] > git for-each-ref --format=%(refname)%00%(upstream:short)%00%(objectname)%00%(upstream:track)%00%(upstream:remotename)%00%(upstream:remoteref) refs/heads/main refs/remotes/main [2ms]
[2022-08-03T14:45:13.607Z] > git for-each-ref --sort -committerdate --format %(refname) %(objectname) %(*objectname) [9ms]
[2022-08-03T14:45:13.610Z] > git remote --verbose [4ms]
[2022-08-03T14:45:13.657Z] > git config --get commit.template [2ms]
[2022-08-03T14:45:18.690Z] > git status -z -uall [22ms]
[2022-08-03T14:45:18.702Z] > git symbolic-ref --short HEAD [3ms]
[2022-08-03T14:45:18.713Z] > git for-each-ref --format=%(refname)%00%(upstream:short)%00%(objectname)%00%(upstream:track)%00%(upstream:remotename)%00%(upstream:remoteref) refs/heads/main refs/remotes/main [2ms]
[2022-08-03T14:45:18.730Z] > git for-each-ref --sort -committerdate --format %(refname) %(objectname) %(*objectname) [9ms]
[2022-08-03T14:45:18.732Z] > git remote --verbose [2ms]
[2022-08-03T14:45:18.785Z] > git config --get commit.template [2ms]
[2022-08-03T14:45:23.807Z] > git status -z -uall [15ms]
[2022-08-03T14:45:23.813Z] > git symbolic-ref --short HEAD [2ms]
[2022-08-03T14:45:23.817Z] > git for-each-ref --format=%(refname)%00%(upstream:short)%00%(objectname)%00%(upstream:track)%00%(upstream:remotename)%00%(upstream:remoteref) refs/heads/main refs/remotes/main [1ms]
[2022-08-03T14:45:23.825Z] > git for-each-ref --sort -committerdate --format %(refname) %(objectname) %(*objectname) [5ms]
[2022-08-03T14:45:23.827Z] > git remote --verbose [2ms]
[2022-08-03T14:45:23.866Z] > git config --get commit.template [2ms]
[2022-08-03T14:45:28.891Z] > git status -z -uall [17ms]
[2022-08-03T14:45:28.898Z] > git symbolic-ref --short HEAD [2ms]
[2022-08-03T14:45:28.904Z] > git for-each-ref --format=%(refname)%00%(upstream:short)%00%(objectname)%00%(upstream:track)%00%(upstream:remotename)%00%(upstream:remoteref) refs/heads/main refs/remotes/main [2ms]
[2022-08-03T14:45:28.911Z] > git for-each-ref --sort -committerdate --format %(refname) %(objectname) %(*objectname) [4ms]
[2022-08-03T14:45:28.913Z] > git remote --verbose [2ms]
[2022-08-03T14:45:28.955Z] > git config --get commit.template [2ms]
[2022-08-03T14:45:33.987Z] > git status -z -uall [22ms]
[2022-08-03T14:45:33.997Z] > git symbolic-ref --short HEAD [2ms]
[2022-08-03T14:45:34.006Z] > git for-each-ref --format=%(refname)%00%(upstream:short)%00%(objectname)%00%(upstream:track)%00%(upstream:remotename)%00%(upstream:remoteref) refs/heads/main refs/remotes/main [1ms]
[2022-08-03T14:45:34.019Z] > git for-each-ref --sort -committerdate --format %(refname) %(objectname) %(*objectname) [6ms]
[2022-08-03T14:45:34.021Z] > git remote --verbose [3ms]
[2022-08-03T14:45:34.070Z] > git config --get commit.template [6ms]
[2022-08-03T14:45:40.182Z] > git status -z -uall [16ms]
[2022-08-03T14:45:40.190Z] > git symbolic-ref --short HEAD [2ms]
[2022-08-03T14:45:40.196Z] > git for-each-ref --format=%(refname)%00%(upstream:short)%00%(objectname)%00%(upstream:track)%00%(upstream:remotename)%00%(upstream:remoteref) refs/heads/main refs/remotes/main [1ms]
[2022-08-03T14:45:40.207Z] > git for-each-ref --sort -committerdate --format %(refname) %(objectname) %(*objectname) [6ms]
[2022-08-03T14:45:40.209Z] > git remote --verbose [3ms]
[2022-08-03T14:45:40.255Z] > git config --get commit.template [2ms]
[2022-08-03T14:45:45.286Z] > git status -z -uall [19ms]
[2022-08-03T14:45:45.297Z] > git symbolic-ref --short HEAD [2ms]
[2022-08-03T14:45:45.307Z] > git for-each-ref --format=%(refname)%00%(upstream:short)%00%(objectname)%00%(upstream:track)%00%(upstream:remotename)%00%(upstream:remoteref) refs/heads/main refs/remotes/main [2ms]
[2022-08-03T14:45:45.324Z] > git for-each-ref --sort -committerdate --format %(refname) %(objectname) %(*objectname) [9ms]
[2022-08-03T14:45:45.326Z] > git remote --verbose [3ms]
[2022-08-03T14:45:45.373Z] > git config --get commit.template [1ms]
[2022-08-03T14:45:57.443Z] > git status -z -uall [21ms]
[2022-08-03T14:45:57.459Z] > git symbolic-ref --short HEAD [8ms]
[2022-08-03T14:45:57.470Z] > git for-each-ref --format=%(refname)%00%(upstream:short)%00%(objectname)%00%(upstream:track)%00%(upstream:remotename)%00%(upstream:remoteref) refs/heads/main refs/remotes/main [2ms]
[2022-08-03T14:45:57.483Z] > git for-each-ref --sort -committerdate --format %(refname) %(objectname) %(*objectname) [7ms]
[2022-08-03T14:45:57.484Z] > git remote --verbose [2ms]
[2022-08-03T14:45:57.537Z] > git config --get commit.template [2ms]
[2022-08-03T14:46:02.565Z] > git status -z -uall [18ms]
[2022-08-03T14:46:02.577Z] > git symbolic-ref --short HEAD [2ms]
[2022-08-03T14:46:02.587Z] > git for-each-ref --format=%(refname)%00%(upstream:short)%00%(objectname)%00%(upstream:track)%00%(upstream:remotename)%00%(upstream:remoteref) refs/heads/main refs/remotes/main [1ms]
[2022-08-03T14:46:02.603Z] > git for-each-ref --sort -committerdate --format %(refname) %(objectname) %(*objectname) [8ms]
[2022-08-03T14:46:02.605Z] > git remote --verbose [2ms]
[2022-08-03T14:46:02.646Z] > git config --get commit.template [2ms]
[2022-08-03T14:46:07.676Z] > git status -z -uall [20ms]
[2022-08-03T14:46:07.687Z] > git symbolic-ref --short HEAD [2ms]
[2022-08-03T14:46:07.696Z] > git for-each-ref --format=%(refname)%00%(upstream:short)%00%(objectname)%00%(upstream:track)%00%(upstream:remotename)%00%(upstream:remoteref) refs/heads/main refs/remotes/main [1ms]
[2022-08-03T14:46:07.714Z] > git for-each-ref --sort -committerdate --format %(refname) %(objectname) %(*objectname) [10ms]
[2022-08-03T14:46:07.715Z] > git remote --verbose [2ms]
[2022-08-03T14:46:07.770Z] > git config --get commit.template [2ms]
[2022-08-03T14:46:13.445Z] > git status -z -uall [16ms]
[2022-08-03T14:46:13.454Z] > git symbolic-ref --short HEAD [2ms]
[2022-08-03T14:46:13.462Z] > git for-each-ref --format=%(refname)%00%(upstream:short)%00%(objectname)%00%(upstream:track)%00%(upstream:remotename)%00%(upstream:remoteref) refs/heads/main refs/remotes/main [2ms]
[2022-08-03T14:46:13.476Z] > git for-each-ref --sort -committerdate --format %(refname) %(objectname) %(*objectname) [7ms]
[2022-08-03T14:46:13.478Z] > git remote --verbose [2ms]
[2022-08-03T14:46:13.528Z] > git config --get commit.template [2ms]
[2022-08-03T14:46:18.561Z] > git status -z -uall [22ms]
[2022-08-03T14:46:18.576Z] > git symbolic-ref --short HEAD [2ms]
[2022-08-03T14:46:18.588Z] > git for-each-ref --format=%(refname)%00%(upstream:short)%00%(objectname)%00%(upstream:track)%00%(upstream:remotename)%00%(upstream:remoteref) refs/heads/main refs/remotes/main [1ms]
[2022-08-03T14:46:18.609Z] > git for-each-ref --sort -committerdate --format %(refname) %(objectname) %(*objectname) [9ms]
[2022-08-03T14:46:18.611Z] > git remote --verbose [3ms]
[2022-08-03T14:46:18.681Z] > git config --get commit.template [3ms]
[2022-08-03T14:46:23.711Z] > git status -z -uall [20ms]
[2022-08-03T14:46:23.723Z] > git symbolic-ref --short HEAD [2ms]
[2022-08-03T14:46:23.733Z] > git for-each-ref --format=%(refname)%00%(upstream:short)%00%(objectname)%00%(upstream:track)%00%(upstream:remotename)%00%(upstream:remoteref) refs/heads/main refs/remotes/main [1ms]
[2022-08-03T14:46:23.750Z] > git for-each-ref --sort -committerdate --format %(refname) %(objectname) %(*objectname) [8ms]
[2022-08-03T14:46:23.752Z] > git remote --verbose [2ms]
[2022-08-03T14:46:23.795Z] > git config --get commit.template [4ms]
[2022-08-03T14:46:28.833Z] > git status -z -uall [26ms]
[2022-08-03T14:46:28.846Z] > git symbolic-ref --short HEAD [2ms]
[2022-08-03T14:46:28.858Z] > git for-each-ref --format=%(refname)%00%(upstream:short)%00%(objectname)%00%(upstream:track)%00%(upstream:remotename)%00%(upstream:remoteref) refs/heads/main refs/remotes/main [2ms]
[2022-08-03T14:46:28.878Z] > git for-each-ref --sort -committerdate --format %(refname) %(objectname) %(*objectname) [11ms]
[2022-08-03T14:46:28.880Z] > git remote --verbose [3ms]
[2022-08-03T14:46:28.939Z] > git config --get commit.template [2ms]
[2022-08-03T14:46:33.971Z] > git status -z -uall [20ms]
[2022-08-03T14:46:33.982Z] > git symbolic-ref --short HEAD [2ms]
[2022-08-03T14:46:33.992Z] > git for-each-ref --format=%(refname)%00%(upstream:short)%00%(objectname)%00%(upstream:track)%00%(upstream:remotename)%00%(upstream:remoteref) refs/heads/main refs/remotes/main [2ms]
[2022-08-03T14:46:34.006Z] > git for-each-ref --sort -committerdate --format %(refname) %(objectname) %(*objectname) [8ms]
[2022-08-03T14:46:34.007Z] > git remote --verbose [1ms]
[2022-08-03T14:46:34.047Z] > git config --get commit.template [2ms]
[2022-08-03T14:46:39.076Z] > git status -z -uall [18ms]
[2022-08-03T14:46:39.087Z] > git symbolic-ref --short HEAD [2ms]
[2022-08-03T14:46:39.096Z] > git for-each-ref --format=%(refname)%00%(upstream:short)%00%(objectname)%00%(upstream:track)%00%(upstream:remotename)%00%(upstream:remoteref) refs/heads/main refs/remotes/main [1ms]
[2022-08-03T14:46:39.115Z] > git for-each-ref --sort -committerdate --format %(refname) %(objectname) %(*objectname) [9ms]
[2022-08-03T14:46:39.116Z] > git remote --verbose [2ms]
[2022-08-03T14:46:39.164Z] > git config --get commit.template [2ms]
[2022-08-03T14:46:44.219Z] > git status -z -uall [19ms]
[2022-08-03T14:46:44.231Z] > git symbolic-ref --short HEAD [2ms]
[2022-08-03T14:46:44.274Z] > git for-each-ref --format=%(refname)%00%(upstream:short)%00%(objectname)%00%(upstream:track)%00%(upstream:remotename)%00%(upstream:remoteref) refs/heads/main refs/remotes/main [2ms]
[2022-08-03T14:46:44.292Z] > git for-each-ref --sort -committerdate --format %(refname) %(objectname) %(*objectname) [9ms]
[2022-08-03T14:46:44.294Z] > git remote --verbose [2ms]
[2022-08-03T14:46:44.342Z] > git config --get commit.template [2ms]
[2022-08-03T14:46:49.372Z] > git status -z -uall [19ms]
[2022-08-03T14:46:49.383Z] > git symbolic-ref --short HEAD [2ms]
[2022-08-03T14:46:49.394Z] > git for-each-ref --format=%(refname)%00%(upstream:short)%00%(objectname)%00%(upstream:track)%00%(upstream:remotename)%00%(upstream:remoteref) refs/heads/main refs/remotes/main [2ms]
[2022-08-03T14:46:49.413Z] > git for-each-ref --sort -committerdate --format %(refname) %(objectname) %(*objectname) [10ms]
[2022-08-03T14:46:49.415Z] > git remote --verbose [2ms]
[2022-08-03T14:46:49.469Z] > git config --get commit.template [2ms]
[2022-08-03T14:46:55.219Z] > git status -z -uall [28ms]
[2022-08-03T14:46:55.228Z] > git symbolic-ref --short HEAD [2ms]
[2022-08-03T14:46:55.236Z] > git for-each-ref --format=%(refname)%00%(upstream:short)%00%(objectname)%00%(upstream:track)%00%(upstream:remotename)%00%(upstream:remoteref) refs/heads/main refs/remotes/main [1ms]
[2022-08-03T14:46:55.253Z] > git for-each-ref --sort -committerdate --format %(refname) %(objectname) %(*objectname) [8ms]
[2022-08-03T14:46:55.254Z] > git remote --verbose [2ms]
[2022-08-03T14:46:55.301Z] > git config --get commit.template [2ms]
[2022-08-03T14:47:00.334Z] > git status -z -uall [21ms]
[2022-08-03T14:47:00.346Z] > git symbolic-ref --short HEAD [2ms]
[2022-08-03T14:47:00.359Z] > git for-each-ref --format=%(refname)%00%(upstream:short)%00%(objectname)%00%(upstream:track)%00%(upstream:remotename)%00%(upstream:remoteref) refs/heads/main refs/remotes/main [2ms]
[2022-08-03T14:47:00.379Z] > git for-each-ref --sort -committerdate --format %(refname) %(objectname) %(*objectname) [10ms]
[2022-08-03T14:47:00.381Z] > git remote --verbose [3ms]
[2022-08-03T14:47:00.438Z] > git config --get commit.template [5ms]
[2022-08-03T14:47:05.470Z] > git status -z -uall [20ms]
[2022-08-03T14:47:05.482Z] > git symbolic-ref --short HEAD [2ms]
[2022-08-03T14:47:05.493Z] > git for-each-ref --format=%(refname)%00%(upstream:short)%00%(objectname)%00%(upstream:track)%00%(upstream:remotename)%00%(upstream:remoteref) refs/heads/main refs/remotes/main [2ms]
[2022-08-03T14:47:05.512Z] > git for-each-ref --sort -committerdate --format %(refname) %(objectname) %(*objectname) [10ms]
[2022-08-03T14:47:05.513Z] > git remote --verbose [2ms]
[2022-08-03T14:47:05.567Z] > git config --get commit.template [7ms]
[2022-08-03T14:47:12.468Z] > git status -z -uall [24ms]
[2022-08-03T14:47:12.484Z] > git symbolic-ref --short HEAD [2ms]
[2022-08-03T14:47:12.498Z] > git for-each-ref --format=%(refname)%00%(upstream:short)%00%(objectname)%00%(upstream:track)%00%(upstream:remotename)%00%(upstream:remoteref) refs/heads/main refs/remotes/main [2ms]
[2022-08-03T14:47:12.526Z] > git for-each-ref --sort -committerdate --format %(refname) %(objectname) %(*objectname) [15ms]
[2022-08-03T14:47:12.528Z] > git remote --verbose [4ms]
[2022-08-03T14:47:12.600Z] > git config --get commit.template [2ms]
[2022-08-03T14:47:17.637Z] > git status -z -uall [22ms]
[2022-08-03T14:47:17.650Z] > git symbolic-ref --short HEAD [2ms]
[2022-08-03T14:47:17.662Z] > git for-each-ref --format=%(refname)%00%(upstream:short)%00%(objectname)%00%(upstream:track)%00%(upstream:remotename)%00%(upstream:remoteref) refs/heads/main refs/remotes/main [3ms]
[2022-08-03T14:47:17.680Z] > git for-each-ref --sort -committerdate --format %(refname) %(objectname) %(*objectname) [9ms]
[2022-08-03T14:47:17.682Z] > git remote --verbose [3ms]
[2022-08-03T14:47:17.736Z] > git config --get commit.template [2ms]
[2022-08-03T14:47:22.772Z] > git status -z -uall [22ms]
[2022-08-03T14:47:22.785Z] > git symbolic-ref --short HEAD [2ms]
[2022-08-03T14:47:22.798Z] > git for-each-ref --format=%(refname)%00%(upstream:short)%00%(objectname)%00%(upstream:track)%00%(upstream:remotename)%00%(upstream:remoteref) refs/heads/main refs/remotes/main [2ms]
[2022-08-03T14:47:22.820Z] > git for-each-ref --sort -committerdate --format %(refname) %(objectname) %(*objectname) [12ms]
[2022-08-03T14:47:22.822Z] > git remote --verbose [3ms]
[2022-08-03T14:47:22.884Z] > git config --get commit.template [2ms]
[2022-08-03T14:47:27.916Z] > git status -z -uall [19ms]
[2022-08-03T14:47:27.927Z] > git symbolic-ref --short HEAD [2ms]
[2022-08-03T14:47:27.939Z] > git for-each-ref --format=%(refname)%00%(upstream:short)%00%(objectname)%00%(upstream:track)%00%(upstream:remotename)%00%(upstream:remoteref) refs/heads/main refs/remotes/main [2ms]
[2022-08-03T14:47:27.958Z] > git for-each-ref --sort -committerdate --format %(refname) %(objectname) %(*objectname) [10ms]
[2022-08-03T14:47:27.960Z] > git remote --verbose [3ms]
[2022-08-03T14:47:28.005Z] > git config --get commit.template [2ms]
[2022-08-03T14:47:33.041Z] > git status -z -uall [23ms]
[2022-08-03T14:47:33.053Z] > git symbolic-ref --short HEAD [2ms]
[2022-08-03T14:47:33.063Z] > git for-each-ref --format=%(refname)%00%(upstream:short)%00%(objectname)%00%(upstream:track)%00%(upstream:remotename)%00%(upstream:remoteref) refs/heads/main refs/remotes/main [1ms]
[2022-08-03T14:47:33.082Z] > git for-each-ref --sort -committerdate --format %(refname) %(objectname) %(*objectname) [9ms]
[2022-08-03T14:47:33.084Z] > git remote --verbose [2ms]
[2022-08-03T14:47:33.129Z] > git config --get commit.template [2ms]
[2022-08-03T14:47:38.171Z] > git status -z -uall [26ms]
[2022-08-03T14:47:38.184Z] > git symbolic-ref --short HEAD [2ms]
[2022-08-03T14:47:38.195Z] > git for-each-ref --format=%(refname)%00%(upstream:short)%00%(objectname)%00%(upstream:track)%00%(upstream:remotename)%00%(upstream:remoteref) refs/heads/main refs/remotes/main [2ms]
[2022-08-03T14:47:38.216Z] > git for-each-ref --sort -committerdate --format %(refname) %(objectname) %(*objectname) [10ms]
[2022-08-03T14:47:38.217Z] > git remote --verbose [2ms]
[2022-08-03T14:47:38.277Z] > git config --get commit.template [6ms]
[2022-08-03T14:47:39.483Z] > git fetch [20ms]
[2022-08-03T14:47:39.548Z] > git status -z -uall [51ms]
[2022-08-03T14:47:39.566Z] > git symbolic-ref --short HEAD [10ms]
[2022-08-03T14:47:39.583Z] > git for-each-ref --format=%(refname)%00%(upstream:short)%00%(objectname)%00%(upstream:track)%00%(upstream:remotename)%00%(upstream:remoteref) refs/heads/main refs/remotes/main [5ms]
[2022-08-03T14:47:39.603Z] > git for-each-ref --sort -committerdate --format %(refname) %(objectname) %(*objectname) [10ms]
[2022-08-03T14:47:39.606Z] > git remote --verbose [5ms]
[2022-08-03T14:47:39.700Z] > git config --get commit.template [5ms]
[2022-08-03T14:47:44.199Z] > git status -z -uall [29ms]
[2022-08-03T14:47:44.210Z] > git symbolic-ref --short HEAD [2ms]
[2022-08-03T14:47:44.219Z] > git for-each-ref --format=%(refname)%00%(upstream:short)%00%(objectname)%00%(upstream:track)%00%(upstream:remotename)%00%(upstream:remoteref) refs/heads/main refs/remotes/main [1ms]
[2022-08-03T14:47:44.236Z] > git for-each-ref --sort -committerdate --format %(refname) %(objectname) %(*objectname) [8ms]
[2022-08-03T14:47:44.240Z] > git remote --verbose [4ms]
[2022-08-03T14:47:44.285Z] > git config --get commit.template [5ms]
[2022-08-03T14:47:49.319Z] > git status -z -uall [22ms]
[2022-08-03T14:47:49.332Z] > git symbolic-ref --short HEAD [2ms]
[2022-08-03T14:47:49.343Z] > git for-each-ref --format=%(refname)%00%(upstream:short)%00%(objectname)%00%(upstream:track)%00%(upstream:remotename)%00%(upstream:remoteref) refs/heads/main refs/remotes/main [2ms]
[2022-08-03T14:47:49.359Z] > git for-each-ref --sort -committerdate --format %(refname) %(objectname) %(*objectname) [8ms]
[2022-08-03T14:47:49.361Z] > git remote --verbose [1ms]
[2022-08-03T14:47:49.405Z] > git config --get commit.template [1ms]
[2022-08-03T14:47:54.432Z] > git status -z -uall [17ms]
[2022-08-03T14:47:54.443Z] > git symbolic-ref --short HEAD [1ms]
[2022-08-03T14:47:54.453Z] > git for-each-ref --format=%(refname)%00%(upstream:short)%00%(objectname)%00%(upstream:track)%00%(upstream:remotename)%00%(upstream:remoteref) refs/heads/main refs/remotes/main [1ms]
[2022-08-03T14:47:54.468Z] > git for-each-ref --sort -committerdate --format %(refname) %(objectname) %(*objectname) [8ms]
[2022-08-03T14:47:54.469Z] > git remote --verbose [1ms]
[2022-08-03T14:47:54.509Z] > git config --get commit.template [2ms]
[2022-08-03T14:47:59.536Z] > git status -z -uall [17ms]
[2022-08-03T14:47:59.548Z] > git symbolic-ref --short HEAD [3ms]
[2022-08-03T14:47:59.560Z] > git for-each-ref --format=%(refname)%00%(upstream:short)%00%(objectname)%00%(upstream:track)%00%(upstream:remotename)%00%(upstream:remoteref) refs/heads/main refs/remotes/main [2ms]
[2022-08-03T14:47:59.577Z] > git for-each-ref --sort -committerdate --format %(refname) %(objectname) %(*objectname) [9ms]
[2022-08-03T14:47:59.579Z] > git remote --verbose [2ms]
[2022-08-03T14:47:59.623Z] > git config --get commit.template [2ms]
[2022-08-03T14:48:04.649Z] > git status -z -uall [17ms]
[2022-08-03T14:48:04.659Z] > git symbolic-ref --short HEAD [2ms]
[2022-08-03T14:48:04.667Z] > git for-each-ref --format=%(refname)%00%(upstream:short)%00%(objectname)%00%(upstream:track)%00%(upstream:remotename)%00%(upstream:remoteref) refs/heads/main refs/remotes/main [1ms]
[2022-08-03T14:48:04.685Z] > git for-each-ref --sort -committerdate --format %(refname) %(objectname) %(*objectname) [10ms]
[2022-08-03T14:48:04.687Z] > git remote --verbose [4ms]
[2022-08-03T14:48:04.725Z] > git config --get commit.template [2ms]
[2022-08-03T14:48:09.753Z] > git status -z -uall [17ms]
[2022-08-03T14:48:09.762Z] > git symbolic-ref --short HEAD [1ms]
[2022-08-03T14:48:09.771Z] > git for-each-ref --format=%(refname)%00%(upstream:short)%00%(objectname)%00%(upstream:track)%00%(upstream:remotename)%00%(upstream:remoteref) refs/heads/main refs/remotes/main [2ms]
[2022-08-03T14:48:09.789Z] > git for-each-ref --sort -committerdate --format %(refname) %(objectname) %(*objectname) [9ms]
[2022-08-03T14:48:09.791Z] > git remote --verbose [2ms]
[2022-08-03T14:48:09.832Z] > git config --get commit.template [1ms]
[2022-08-03T14:48:14.860Z] > git status -z -uall [18ms]
[2022-08-03T14:48:14.871Z] > git symbolic-ref --short HEAD [2ms]
[2022-08-03T14:48:14.882Z] > git for-each-ref --format=%(refname)%00%(upstream:short)%00%(objectname)%00%(upstream:track)%00%(upstream:remotename)%00%(upstream:remoteref) refs/heads/main refs/remotes/main [2ms]
[2022-08-03T14:48:14.902Z] > git remote --verbose [1ms]
[2022-08-03T14:48:14.902Z] > git for-each-ref --sort -committerdate --format %(refname) %(objectname) %(*objectname) [11ms]
[2022-08-03T14:48:14.941Z] > git config --get commit.template [2ms]
[2022-08-03T14:48:19.974Z] > git status -z -uall [21ms]
[2022-08-03T14:48:19.986Z] > git symbolic-ref --short HEAD [2ms]
[2022-08-03T14:48:19.996Z] > git for-each-ref --format=%(refname)%00%(upstream:short)%00%(objectname)%00%(upstream:track)%00%(upstream:remotename)%00%(upstream:remoteref) refs/heads/main refs/remotes/main [1ms]
[2022-08-03T14:48:20.013Z] > git for-each-ref --sort -committerdate --format %(refname) %(objectname) %(*objectname) [9ms]
[2022-08-03T14:48:20.015Z] > git remote --verbose [2ms]
[2022-08-03T14:48:20.059Z] > git config --get commit.template [2ms]
[2022-08-03T14:48:25.090Z] > git status -z -uall [18ms]
[2022-08-03T14:48:25.102Z] > git symbolic-ref --short HEAD [2ms]
[2022-08-03T14:48:25.113Z] > git for-each-ref --format=%(refname)%00%(upstream:short)%00%(objectname)%00%(upstream:track)%00%(upstream:remotename)%00%(upstream:remoteref) refs/heads/main refs/remotes/main [2ms]
[2022-08-03T14:48:25.133Z] > git for-each-ref --sort -committerdate --format %(refname) %(objectname) %(*objectname) [11ms]
[2022-08-03T14:48:25.134Z] > git remote --verbose [2ms]
[2022-08-03T14:48:25.171Z] > git config --get commit.template [2ms]
[2022-08-03T14:48:30.395Z] > git status -z -uall [39ms]
[2022-08-03T14:48:30.407Z] > git symbolic-ref --short HEAD [4ms]
[2022-08-03T14:48:30.419Z] > git for-each-ref --format=%(refname)%00%(upstream:short)%00%(objectname)%00%(upstream:track)%00%(upstream:remotename)%00%(upstream:remoteref) refs/heads/main refs/remotes/main [5ms]
[2022-08-03T14:48:30.436Z] > git for-each-ref --sort -committerdate --format %(refname) %(objectname) %(*objectname) [9ms]
[2022-08-03T14:48:30.438Z] > git remote --verbose [3ms]
[2022-08-03T14:48:30.516Z] > git config --get commit.template [16ms]
[2022-08-03T14:48:35.541Z] > git status -z -uall [16ms]
[2022-08-03T14:48:35.550Z] > git symbolic-ref --short HEAD [1ms]
[2022-08-03T14:48:35.558Z] > git for-each-ref --format=%(refname)%00%(upstream:short)%00%(objectname)%00%(upstream:track)%00%(upstream:remotename)%00%(upstream:remoteref) refs/heads/main refs/remotes/main [2ms]
[2022-08-03T14:48:35.572Z] > git for-each-ref --sort -committerdate --format %(refname) %(objectname) %(*objectname) [8ms]
[2022-08-03T14:48:35.574Z] > git remote --verbose [2ms]
[2022-08-03T14:48:35.609Z] > git config --get commit.template [2ms]
[2022-08-03T14:48:40.636Z] > git status -z -uall [17ms]
[2022-08-03T14:48:40.645Z] > git symbolic-ref --short HEAD [2ms]
[2022-08-03T14:48:40.654Z] > git for-each-ref --format=%(refname)%00%(upstream:short)%00%(objectname)%00%(upstream:track)%00%(upstream:remotename)%00%(upstream:remoteref) refs/heads/main refs/remotes/main [1ms]
[2022-08-03T14:48:40.670Z] > git for-each-ref --sort -committerdate --format %(refname) %(objectname) %(*objectname) [9ms]
[2022-08-03T14:48:40.671Z] > git remote --verbose [2ms]
[2022-08-03T14:48:40.728Z] > git config --get commit.template [2ms]
[2022-08-03T14:48:45.760Z] > git status -z -uall [20ms]
[2022-08-03T14:48:45.771Z] > git symbolic-ref --short HEAD [2ms]
[2022-08-03T14:48:45.780Z] > git for-each-ref --format=%(refname)%00%(upstream:short)%00%(objectname)%00%(upstream:track)%00%(upstream:remotename)%00%(upstream:remoteref) refs/heads/main refs/remotes/main [1ms]
[2022-08-03T14:48:45.797Z] > git for-each-ref --sort -committerdate --format %(refname) %(objectname) %(*objectname) [9ms]
[2022-08-03T14:48:45.799Z] > git remote --verbose [2ms]
[2022-08-03T14:48:45.845Z] > git config --get commit.template [2ms]
[2022-08-03T14:52:15.032Z] > git status -z -uall [28ms]
[2022-08-03T14:52:15.042Z] > git symbolic-ref --short HEAD [2ms]
[2022-08-03T14:52:15.051Z] > git for-each-ref --format=%(refname)%00%(upstream:short)%00%(objectname)%00%(upstream:track)%00%(upstream:remotename)%00%(upstream:remoteref) refs/heads/main refs/remotes/main [2ms]
[2022-08-03T14:52:15.069Z] > git for-each-ref --sort -committerdate --format %(refname) %(objectname) %(*objectname) [10ms]
[2022-08-03T14:52:15.070Z] > git remote --verbose [2ms]
[2022-08-03T14:52:15.176Z] > git config --get commit.template [3ms]
[2022-08-03T14:52:16.301Z] > git fetch [1305ms]
[2022-08-03T14:52:16.301Z] From https://github.com/jiangzhengdu/cs144lab
 * [new branch]      main       -> origin/main
 * [new branch]      master     -> origin/master
[2022-08-03T14:52:16.366Z] > git status -z -uall [55ms]
[2022-08-03T14:52:16.396Z] > git symbolic-ref --short HEAD [9ms]
[2022-08-03T14:52:16.415Z] > git for-each-ref --format=%(refname)%00%(upstream:short)%00%(objectname)%00%(upstream:track)%00%(upstream:remotename)%00%(upstream:remoteref) refs/heads/main refs/remotes/main [9ms]
[2022-08-03T14:52:16.439Z] > git for-each-ref --sort -committerdate --format %(refname) %(objectname) %(*objectname) [10ms]
[2022-08-03T14:52:16.447Z] > git remote --verbose [8ms]
[2022-08-03T14:52:16.509Z] > git config --get commit.template [15ms]
[2022-08-03T14:52:20.212Z] > git status -z -uall [22ms]
[2022-08-03T14:52:20.223Z] > git symbolic-ref --short HEAD [1ms]
[2022-08-03T14:52:20.233Z] > git for-each-ref --format=%(refname)%00%(upstream:short)%00%(objectname)%00%(upstream:track)%00%(upstream:remotename)%00%(upstream:remoteref) refs/heads/main refs/remotes/main [1ms]
[2022-08-03T14:52:20.249Z] > git for-each-ref --sort -committerdate --format %(refname) %(objectname) %(*objectname) [8ms]
[2022-08-03T14:52:20.251Z] > git remote --verbose [2ms]
[2022-08-03T14:52:20.305Z] > git config --get commit.template [2ms]
[2022-08-03T14:52:28.231Z] > git status -z -uall [35ms]
[2022-08-03T14:52:28.244Z] > git symbolic-ref --short HEAD [1ms]
[2022-08-03T14:52:28.255Z] > git for-each-ref --format=%(refname)%00%(upstream:short)%00%(objectname)%00%(upstream:track)%00%(upstream:remotename)%00%(upstream:remoteref) refs/heads/main refs/remotes/main [1ms]
[2022-08-03T14:52:28.273Z] > git for-each-ref --sort -committerdate --format %(refname) %(objectname) %(*objectname) [10ms]
[2022-08-03T14:52:28.274Z] > git remote --verbose [3ms]
[2022-08-03T14:52:28.323Z] > git config --get commit.template [2ms]
[2022-08-03T14:52:35.887Z] > git status -z -uall [22ms]
[2022-08-03T14:52:35.898Z] > git symbolic-ref --short HEAD [2ms]
[2022-08-03T14:52:35.908Z] > git for-each-ref --format=%(refname)%00%(upstream:short)%00%(objectname)%00%(upstream:track)%00%(upstream:remotename)%00%(upstream:remoteref) refs/heads/main refs/remotes/main [2ms]
[2022-08-03T14:52:35.927Z] > git for-each-ref --sort -committerdate --format %(refname) %(objectname) %(*objectname) [11ms]
[2022-08-03T14:52:35.928Z] > git remote --verbose [2ms]
[2022-08-03T14:52:36.006Z] > git config --get commit.template [2ms]
[2022-08-03T14:52:41.035Z] > git status -z -uall [17ms]
[2022-08-03T14:52:41.046Z] > git symbolic-ref --short HEAD [2ms]
[2022-08-03T14:52:41.055Z] > git for-each-ref --format=%(refname)%00%(upstream:short)%00%(objectname)%00%(upstream:track)%00%(upstream:remotename)%00%(upstream:remoteref) refs/heads/main refs/remotes/main [2ms]
[2022-08-03T14:52:41.071Z] > git for-each-ref --sort -committerdate --format %(refname) %(objectname) %(*objectname) [9ms]
[2022-08-03T14:52:41.072Z] > git remote --verbose [2ms]
[2022-08-03T14:52:41.123Z] > git config --get commit.template [2ms]
[2022-08-03T14:52:46.153Z] > git status -z -uall [18ms]
[2022-08-03T14:52:46.164Z] > git symbolic-ref --short HEAD [1ms]
[2022-08-03T14:52:46.175Z] > git for-each-ref --format=%(refname)%00%(upstream:short)%00%(objectname)%00%(upstream:track)%00%(upstream:remotename)%00%(upstream:remoteref) refs/heads/main refs/remotes/main [2ms]
[2022-08-03T14:52:46.191Z] > git for-each-ref --sort -committerdate --format %(refname) %(objectname) %(*objectname) [8ms]
[2022-08-03T14:52:46.193Z] > git remote --verbose [2ms]
[2022-08-03T14:52:46.254Z] > git config --get commit.template [1ms]
[2022-08-03T14:52:51.289Z] > git status -z -uall [17ms]
[2022-08-03T14:52:51.301Z] > git symbolic-ref --short HEAD [2ms]
[2022-08-03T14:52:51.311Z] > git for-each-ref --format=%(refname)%00%(upstream:short)%00%(objectname)%00%(upstream:track)%00%(upstream:remotename)%00%(upstream:remoteref) refs/heads/main refs/remotes/main [2ms]
[2022-08-03T14:52:51.327Z] > git for-each-ref --sort -committerdate --format %(refname) %(objectname) %(*objectname) [9ms]
[2022-08-03T14:52:51.329Z] > git remote --verbose [3ms]
[2022-08-03T14:52:51.387Z] > git config --get commit.template [5ms]
[2022-08-03T14:52:56.418Z] > git status -z -uall [19ms]
[2022-08-03T14:52:56.430Z] > git symbolic-ref --short HEAD [1ms]
[2022-08-03T14:52:56.440Z] > git for-each-ref --format=%(refname)%00%(upstream:short)%00%(objectname)%00%(upstream:track)%00%(upstream:remotename)%00%(upstream:remoteref) refs/heads/main refs/remotes/main [1ms]
[2022-08-03T14:52:56.460Z] > git for-each-ref --sort -committerdate --format %(refname) %(objectname) %(*objectname) [10ms]
[2022-08-03T14:52:56.462Z] > git remote --verbose [2ms]
[2022-08-03T14:52:56.502Z] > git config --get commit.template [1ms]
[2022-08-03T14:53:01.535Z] > git status -z -uall [19ms]
[2022-08-03T14:53:01.548Z] > git symbolic-ref --short HEAD [2ms]
[2022-08-03T14:53:01.561Z] > git for-each-ref --format=%(refname)%00%(upstream:short)%00%(objectname)%00%(upstream:track)%00%(upstream:remotename)%00%(upstream:remoteref) refs/heads/main refs/remotes/main [2ms]
[2022-08-03T14:53:01.585Z] > git for-each-ref --sort -committerdate --format %(refname) %(objectname) %(*objectname) [14ms]
[2022-08-03T14:53:01.587Z] > git remote --verbose [3ms]
[2022-08-03T14:53:01.644Z] > git config --get commit.template [5ms]
[2022-08-03T14:53:06.675Z] > git status -z -uall [20ms]
[2022-08-03T14:53:06.687Z] > git symbolic-ref --short HEAD [2ms]
[2022-08-03T14:53:06.700Z] > git for-each-ref --format=%(refname)%00%(upstream:short)%00%(objectname)%00%(upstream:track)%00%(upstream:remotename)%00%(upstream:remoteref) refs/heads/main refs/remotes/main [2ms]
[2022-08-03T14:53:06.726Z] > git for-each-ref --sort -committerdate --format %(refname) %(objectname) %(*objectname) [13ms]
[2022-08-03T14:53:06.728Z] > git remote --verbose [3ms]
[2022-08-03T14:53:06.771Z] > git config --get commit.template [2ms]
[2022-08-03T14:53:11.799Z] > git status -z -uall [17ms]
[2022-08-03T14:53:11.811Z] > git symbolic-ref --short HEAD [2ms]
[2022-08-03T14:53:11.821Z] > git for-each-ref --format=%(refname)%00%(upstream:short)%00%(objectname)%00%(upstream:track)%00%(upstream:remotename)%00%(upstream:remoteref) refs/heads/main refs/remotes/main [1ms]
[2022-08-03T14:53:11.841Z] > git for-each-ref --sort -committerdate --format %(refname) %(objectname) %(*objectname) [11ms]
[2022-08-03T14:53:11.842Z] > git remote --verbose [2ms]
[2022-08-03T14:53:11.888Z] > git config --get commit.template [2ms]
[2022-08-03T14:53:16.917Z] > git status -z -uall [19ms]
[2022-08-03T14:53:16.929Z] > git symbolic-ref --short HEAD [2ms]
[2022-08-03T14:53:16.939Z] > git for-each-ref --format=%(refname)%00%(upstream:short)%00%(objectname)%00%(upstream:track)%00%(upstream:remotename)%00%(upstream:remoteref) refs/heads/main refs/remotes/main [2ms]
[2022-08-03T14:53:16.959Z] > git for-each-ref --sort -committerdate --format %(refname) %(objectname) %(*objectname) [11ms]
[2022-08-03T14:53:16.961Z] > git remote --verbose [3ms]
[2022-08-03T14:53:17.013Z] > git config --get commit.template [5ms]
[2022-08-03T14:53:22.046Z] > git status -z -uall [21ms]
[2022-08-03T14:53:22.058Z] > git symbolic-ref --short HEAD [2ms]
[2022-08-03T14:53:22.070Z] > git for-each-ref --format=%(refname)%00%(upstream:short)%00%(objectname)%00%(upstream:track)%00%(upstream:remotename)%00%(upstream:remoteref) refs/heads/main refs/remotes/main [1ms]
[2022-08-03T14:53:22.091Z] > git for-each-ref --sort -committerdate --format %(refname) %(objectname) %(*objectname) [11ms]
[2022-08-03T14:53:22.092Z] > git remote --verbose [2ms]
[2022-08-03T14:53:22.144Z] > git config --get commit.template [2ms]
[2022-08-03T14:53:27.189Z] > git status -z -uall [29ms]
[2022-08-03T14:53:27.203Z] > git symbolic-ref --short HEAD [2ms]
[2022-08-03T14:53:27.218Z] > git for-each-ref --format=%(refname)%00%(upstream:short)%00%(objectname)%00%(upstream:track)%00%(upstream:remotename)%00%(upstream:remoteref) refs/heads/main refs/remotes/main [2ms]
[2022-08-03T14:53:27.238Z] > git for-each-ref --sort -committerdate --format %(refname) %(objectname) %(*objectname) [9ms]
[2022-08-03T14:53:27.240Z] > git remote --verbose [2ms]
[2022-08-03T14:53:27.282Z] > git config --get commit.template [2ms]
[2022-08-03T14:53:32.314Z] > git status -z -uall [22ms]
[2022-08-03T14:53:32.324Z] > git symbolic-ref --short HEAD [1ms]
[2022-08-03T14:53:32.334Z] > git for-each-ref --format=%(refname)%00%(upstream:short)%00%(objectname)%00%(upstream:track)%00%(upstream:remotename)%00%(upstream:remoteref) refs/heads/main refs/remotes/main [2ms]
[2022-08-03T14:53:32.350Z] > git for-each-ref --sort -committerdate --format %(refname) %(objectname) %(*objectname) [9ms]
[2022-08-03T14:53:32.351Z] > git remote --verbose [2ms]
[2022-08-03T14:53:32.395Z] > git config --get commit.template [2ms]
[2022-08-03T14:53:50.930Z] > git status -z -uall [19ms]
[2022-08-03T14:53:50.941Z] > git symbolic-ref --short HEAD [2ms]
[2022-08-03T14:53:50.952Z] > git for-each-ref --format=%(refname)%00%(upstream:short)%00%(objectname)%00%(upstream:track)%00%(upstream:remotename)%00%(upstream:remoteref) refs/heads/main refs/remotes/main [2ms]
[2022-08-03T14:53:50.971Z] > git for-each-ref --sort -committerdate --format %(refname) %(objectname) %(*objectname) [9ms]
[2022-08-03T14:53:50.973Z] > git remote --verbose [2ms]
[2022-08-03T14:53:51.024Z] > git config --get commit.template [3ms]
[2022-08-03T14:53:56.050Z] > git status -z -uall [16ms]
[2022-08-03T14:53:56.060Z] > git symbolic-ref --short HEAD [1ms]
[2022-08-03T14:53:56.068Z] > git for-each-ref --format=%(refname)%00%(upstream:short)%00%(objectname)%00%(upstream:track)%00%(upstream:remotename)%00%(upstream:remoteref) refs/heads/main refs/remotes/main [1ms]
[2022-08-03T14:53:56.085Z] > git for-each-ref --sort -committerdate --format %(refname) %(objectname) %(*objectname) [8ms]
[2022-08-03T14:53:56.086Z] > git remote --verbose [2ms]
[2022-08-03T14:53:56.132Z] > git config --get commit.template [2ms]
[2022-08-03T14:54:01.159Z] > git status -z -uall [16ms]
[2022-08-03T14:54:01.170Z] > git symbolic-ref --short HEAD [1ms]
[2022-08-03T14:54:01.180Z] > git for-each-ref --format=%(refname)%00%(upstream:short)%00%(objectname)%00%(upstream:track)%00%(upstream:remotename)%00%(upstream:remoteref) refs/heads/main refs/remotes/main [2ms]
[2022-08-03T14:54:01.197Z] > git for-each-ref --sort -committerdate --format %(refname) %(objectname) %(*objectname) [9ms]
[2022-08-03T14:54:01.198Z] > git remote --verbose [2ms]
[2022-08-03T14:54:01.235Z] > git config --get commit.template [2ms]
[2022-08-03T14:54:07.675Z] > git status -z -uall [16ms]
[2022-08-03T14:54:07.685Z] > git symbolic-ref --short HEAD [2ms]
[2022-08-03T14:54:07.698Z] > git for-each-ref --format=%(refname)%00%(upstream:short)%00%(objectname)%00%(upstream:track)%00%(upstream:remotename)%00%(upstream:remoteref) refs/heads/main refs/remotes/main [2ms]
[2022-08-03T14:54:07.716Z] > git for-each-ref --sort -committerdate --format %(refname) %(objectname) %(*objectname) [9ms]
[2022-08-03T14:54:07.718Z] > git remote --verbose [2ms]
[2022-08-03T14:54:07.769Z] > git config --get commit.template [1ms]
[2022-08-03T14:54:12.795Z] > git status -z -uall [15ms]
[2022-08-03T14:54:12.805Z] > git symbolic-ref --short HEAD [2ms]
[2022-08-03T14:54:12.814Z] > git for-each-ref --format=%(refname)%00%(upstream:short)%00%(objectname)%00%(upstream:track)%00%(upstream:remotename)%00%(upstream:remoteref) refs/heads/main refs/remotes/main [2ms]
[2022-08-03T14:54:12.830Z] > git for-each-ref --sort -committerdate --format %(refname) %(objectname) %(*objectname) [9ms]
[2022-08-03T14:54:12.831Z] > git remote --verbose [2ms]
[2022-08-03T14:54:12.872Z] > git config --get commit.template [3ms]
[2022-08-03T14:55:13.144Z] > git status -z -uall [19ms]
[2022-08-03T14:55:13.156Z] > git symbolic-ref --short HEAD [2ms]
[2022-08-03T14:55:13.166Z] > git for-each-ref --format=%(refname)%00%(upstream:short)%00%(objectname)%00%(upstream:track)%00%(upstream:remotename)%00%(upstream:remoteref) refs/heads/main refs/remotes/main [2ms]
[2022-08-03T14:55:13.183Z] > git for-each-ref --sort -committerdate --format %(refname) %(objectname) %(*objectname) [9ms]
[2022-08-03T14:55:13.184Z] > git remote --verbose [2ms]
[2022-08-03T14:55:13.238Z] > git config --get commit.template [2ms]
[2022-08-03T14:55:16.796Z] > git fetch [273ms]
[2022-08-03T14:55:16.823Z] > git status -z -uall [17ms]
[2022-08-03T14:55:16.835Z] > git symbolic-ref --short HEAD [1ms]
[2022-08-03T14:55:16.853Z] > git for-each-ref --format=%(refname)%00%(upstream:short)%00%(objectname)%00%(upstream:track)%00%(upstream:remotename)%00%(upstream:remoteref) refs/heads/main refs/remotes/main [7ms]
[2022-08-03T14:55:16.872Z] > git for-each-ref --sort -committerdate --format %(refname) %(objectname) %(*objectname) [10ms]
[2022-08-03T14:55:16.874Z] > git remote --verbose [2ms]
[2022-08-03T14:55:16.916Z] > git config --get commit.template [2ms]
[2022-08-03T14:55:18.264Z] > git status -z -uall [16ms]
[2022-08-03T14:55:18.275Z] > git symbolic-ref --short HEAD [2ms]
[2022-08-03T14:55:18.285Z] > git for-each-ref --format=%(refname)%00%(upstream:short)%00%(objectname)%00%(upstream:track)%00%(upstream:remotename)%00%(upstream:remoteref) refs/heads/main refs/remotes/main [2ms]
[2022-08-03T14:55:18.303Z] > git for-each-ref --sort -committerdate --format %(refname) %(objectname) %(*objectname) [9ms]
[2022-08-03T14:55:18.305Z] > git remote --verbose [2ms]
[2022-08-03T14:55:18.350Z] > git config --get commit.template [2ms]
[2022-08-03T14:55:23.387Z] > git status -z -uall [24ms]
[2022-08-03T14:55:23.400Z] > git symbolic-ref --short HEAD [2ms]
[2022-08-03T14:55:23.412Z] > git for-each-ref --format=%(refname)%00%(upstream:short)%00%(objectname)%00%(upstream:track)%00%(upstream:remotename)%00%(upstream:remoteref) refs/heads/main refs/remotes/main [2ms]
[2022-08-03T14:55:23.434Z] > git for-each-ref --sort -committerdate --format %(refname) %(objectname) %(*objectname) [12ms]
[2022-08-03T14:55:23.435Z] > git remote --verbose [2ms]
[2022-08-03T14:55:23.482Z] > git config --get commit.template [2ms]
[2022-08-03T14:55:28.513Z] > git status -z -uall [19ms]
[2022-08-03T14:55:28.528Z] > git symbolic-ref --short HEAD [2ms]
[2022-08-03T14:55:28.539Z] > git for-each-ref --format=%(refname)%00%(upstream:short)%00%(objectname)%00%(upstream:track)%00%(upstream:remotename)%00%(upstream:remoteref) refs/heads/main refs/remotes/main [2ms]
[2022-08-03T14:55:28.561Z] > git for-each-ref --sort -committerdate --format %(refname) %(objectname) %(*objectname) [12ms]
[2022-08-03T14:55:28.563Z] > git remote --verbose [3ms]
[2022-08-03T14:55:28.619Z] > git config --get commit.template [2ms]
[2022-08-03T14:55:34.296Z] > git status -z -uall [20ms]
[2022-08-03T14:55:34.308Z] > git symbolic-ref --short HEAD [2ms]
[2022-08-03T14:55:34.319Z] > git for-each-ref --format=%(refname)%00%(upstream:short)%00%(objectname)%00%(upstream:track)%00%(upstream:remotename)%00%(upstream:remoteref) refs/heads/main refs/remotes/main [2ms]
[2022-08-03T14:55:34.339Z] > git for-each-ref --sort -committerdate --format %(refname) %(objectname) %(*objectname) [11ms]
[2022-08-03T14:55:34.341Z] > git remote --verbose [3ms]
[2022-08-03T14:55:34.392Z] > git config --get commit.template [1ms]
[2022-08-03T14:56:12.550Z] > git status -z -uall [28ms]
[2022-08-03T14:56:12.564Z] > git symbolic-ref --short HEAD [3ms]
[2022-08-03T14:56:12.575Z] > git for-each-ref --format=%(refname)%00%(upstream:short)%00%(objectname)%00%(upstream:track)%00%(upstream:remotename)%00%(upstream:remoteref) refs/heads/main refs/remotes/main [2ms]
[2022-08-03T14:56:12.597Z] > git for-each-ref --sort -committerdate --format %(refname) %(objectname) %(*objectname) [11ms]
[2022-08-03T14:56:12.598Z] > git remote --verbose [2ms]
[2022-08-03T14:56:12.654Z] > git config --get commit.template [2ms]
[2022-08-03T14:56:17.688Z] > git status -z -uall [20ms]
[2022-08-03T14:56:17.700Z] > git symbolic-ref --short HEAD [2ms]
[2022-08-03T14:56:17.711Z] > git for-each-ref --format=%(refname)%00%(upstream:short)%00%(objectname)%00%(upstream:track)%00%(upstream:remotename)%00%(upstream:remoteref) refs/heads/main refs/remotes/main [2ms]
[2022-08-03T14:56:17.732Z] > git for-each-ref --sort -committerdate --format %(refname) %(objectname) %(*objectname) [12ms]
[2022-08-03T14:56:17.734Z] > git remote --verbose [3ms]
[2022-08-03T14:56:17.783Z] > git config --get commit.template [2ms]
